#! /c/Source/iverilog-install/bin/vvp
:ivl_version "12.0 (devel)" "(s20150603-1539-g2693dd32b)";
:ivl_delay_selection "TYPICAL";
:vpi_time_precision + 0;
:vpi_module "D:\verilog\iverilog\lib\ivl\system.vpi";
:vpi_module "D:\verilog\iverilog\lib\ivl\vhdl_sys.vpi";
:vpi_module "D:\verilog\iverilog\lib\ivl\vhdl_textio.vpi";
:vpi_module "D:\verilog\iverilog\lib\ivl\v2005_math.vpi";
:vpi_module "D:\verilog\iverilog\lib\ivl\va_math.vpi";
S_00000219003f6980 .scope module, "instruction_fetch" "instruction_fetch" 2 5;
 .timescale 0 0;
    .port_info 0 /INPUT 1 "CLK";
    .port_info 1 /INPUT 1 "RESET";
    .port_info 2 /INPUT 32 "ALUD";
    .port_info 3 /INPUT 32 "MEMD";
    .port_info 4 /INPUT 5 "Rd";
    .port_info 5 /INPUT 1 "mux3_select";
    .port_info 6 /INPUT 1 "reg_write_enable";
    .port_info 7 /INPUT 1 "branch_control";
    .port_info 8 /INPUT 32 "branch_address";
    .port_info 9 /OUTPUT 32 "write_data_out";
    .port_info 10 /OUTPUT 5 "write_reg_out";
    .port_info 11 /OUTPUT 1 "reg_write_enable_out";
    .port_info 12 /OUTPUT 32 "pc_out";
    .port_info 13 /OUTPUT 32 "pc4_out";
    .port_info 14 /OUTPUT 32 "instruction_out";
o000002190044d428 .functor BUFZ 1, C4<z>; HiZ drive
L_000002190049ebe8 .functor BUFT 1, C4<0>, C4<0>, C4<0>, C4<0>;
L_0000021900438c20 .functor XNOR 1, o000002190044d428, L_000002190049ebe8, C4<0>, C4<0>;
o000002190044d2a8 .functor BUFZ 5, C4<zzzzz>; HiZ drive
L_0000021900438f30 .functor BUFZ 5, o000002190044d2a8, C4<00000>, C4<00000>, C4<00000>;
o000002190044d488 .functor BUFZ 1, C4<z>; HiZ drive
L_0000021900438fa0 .functor BUFZ 1, o000002190044d488, C4<0>, C4<0>, C4<0>;
o000002190044d3f8 .functor BUFZ 1, C4<z>; HiZ drive
L_000002190049ec30 .functor BUFT 1, C4<1>, C4<0>, C4<0>, C4<0>;
L_0000021900438bb0 .functor XNOR 1, o000002190044d3f8, L_000002190049ec30, C4<0>, C4<0>;
o000002190044d248 .functor BUFZ 32, C4<zzzzzzzzzzzzzzzzzzzzzzzzzzzzzzzz>; HiZ drive
v000002190049df80_0 .net "ALUD", 31 0, o000002190044d248;  0 drivers
o000002190044d008 .functor BUFZ 1, C4<z>; HiZ drive
v000002190049e700_0 .net "CLK", 0 0, o000002190044d008;  0 drivers
o000002190044d278 .functor BUFZ 32, C4<zzzzzzzzzzzzzzzzzzzzzzzzzzzzzzzz>; HiZ drive
v000002190049e160_0 .net "MEMD", 31 0, o000002190044d278;  0 drivers
o000002190044d068 .functor BUFZ 1, C4<z>; HiZ drive
v000002190049e980_0 .net "RESET", 0 0, o000002190044d068;  0 drivers
v000002190049dc60_0 .net "Rd", 4 0, o000002190044d2a8;  0 drivers
v000002190049da80_0 .net/2u *"_ivl_0", 0 0, L_000002190049ebe8;  1 drivers
v000002190049dbc0_0 .net/2u *"_ivl_10", 0 0, L_000002190049ec30;  1 drivers
v000002190049e340_0 .net *"_ivl_12", 0 0, L_0000021900438bb0;  1 drivers
L_000002190049ec78 .functor BUFT 1, C4<00000000000000000000000000000100>, C4<0>, C4<0>, C4<0>;
v000002190049e020_0 .net/2u *"_ivl_16", 31 0, L_000002190049ec78;  1 drivers
v000002190049db20_0 .net *"_ivl_2", 0 0, L_0000021900438c20;  1 drivers
o000002190044d3c8 .functor BUFZ 32, C4<zzzzzzzzzzzzzzzzzzzzzzzzzzzzzzzz>; HiZ drive
v000002190049e0c0_0 .net "branch_address", 31 0, o000002190044d3c8;  0 drivers
v000002190049e3e0_0 .net "branch_control", 0 0, o000002190044d3f8;  0 drivers
v000002190049dd00_0 .net "instruction_out", 31 0, v0000021900447390_0;  1 drivers
v000002190049e7a0_0 .net "mux3_select", 0 0, o000002190044d428;  0 drivers
v000002190049e660_0 .net "pc4_out", 31 0, L_000002190049e840;  1 drivers
v000002190049dda0_0 .net "pc_input", 31 0, L_000002190049e520;  1 drivers
v000002190049de40_0 .net "pc_out", 31 0, v000002190049d8f0_0;  1 drivers
v000002190049dee0_0 .net "reg_write_enable", 0 0, o000002190044d488;  0 drivers
v000002190049e5c0_0 .net "reg_write_enable_out", 0 0, L_0000021900438fa0;  1 drivers
v000002190049e200_0 .net "write_data_out", 31 0, L_000002190049e480;  1 drivers
v000002190049e2a0_0 .net "write_reg_out", 4 0, L_0000021900438f30;  1 drivers
L_000002190049e480 .functor MUXZ 32, o000002190044d278, o000002190044d248, L_0000021900438c20, C4<>;
L_000002190049e520 .functor MUXZ 32, L_000002190049e840, o000002190044d3c8, L_0000021900438bb0, C4<>;
L_000002190049e840 .arith/sum 32, v000002190049d8f0_0, L_000002190049ec78;
S_00000219003f6b10 .scope module, "instruction_memory1" "instruction_memory" 2 40, 3 1 0, S_00000219003f6980;
 .timescale 0 0;
    .port_info 0 /INPUT 1 "clk";
    .port_info 1 /INPUT 32 "PC";
    .port_info 2 /INPUT 1 "reset";
    .port_info 3 /OUTPUT 32 "instruction";
v00000219003f6ca0_0 .net "PC", 31 0, v000002190049d8f0_0;  alias, 1 drivers
v00000219003f6d40_0 .net "clk", 0 0, o000002190044d008;  alias, 0 drivers
v0000021900447390_0 .var "instruction", 31 0;
v0000021900447430 .array "memory", 1023 0, 31 0;
v00000219004474d0_0 .net "reset", 0 0, o000002190044d068;  alias, 0 drivers
E_00000219003f96c0 .event posedge, v00000219003f6d40_0;
S_0000021900447570 .scope module, "pc1" "pc" 2 34, 4 1 0, S_00000219003f6980;
 .timescale 0 0;
    .port_info 0 /INPUT 1 "CLK";
    .port_info 1 /INPUT 1 "RESET";
    .port_info 2 /INPUT 32 "pc_in";
    .port_info 3 /OUTPUT 32 "pc";
v0000021900447700_0 .net "CLK", 0 0, o000002190044d008;  alias, 0 drivers
v000002190049d850_0 .net "RESET", 0 0, o000002190044d068;  alias, 0 drivers
v000002190049d8f0_0 .var "pc", 31 0;
v000002190049d990_0 .net "pc_in", 31 0, L_000002190049e520;  alias, 1 drivers
    .scope S_0000021900447570;
T_0 ;
    %wait E_00000219003f96c0;
    %load/vec4 v000002190049d850_0;
    %cmpi/e 1, 0, 1;
    %jmp/0xz  T_0.0, 4;
    %pushi/vec4 0, 0, 32;
    %assign/vec4 v000002190049d8f0_0, 1;
    %jmp T_0.1;
T_0.0 ;
    %load/vec4 v000002190049d990_0;
    %assign/vec4 v000002190049d8f0_0, 1;
T_0.1 ;
    %jmp T_0;
    .thread T_0;
    .scope S_00000219003f6b10;
T_1 ;
    %vpi_call 3 12 "$readmemh", "instructions.txt", v0000021900447430 {0 0 0};
    %end;
    .thread T_1;
    .scope S_00000219003f6b10;
T_2 ;
    %wait E_00000219003f96c0;
    %ix/getv 4, v00000219003f6ca0_0;
    %load/vec4a v0000021900447430, 4;
    %assign/vec4 v0000021900447390_0, 0;
    %jmp T_2;
    .thread T_2;
# The file index is used to find the file name in the following table.
:file_names 5;
    "N/A";
    "<interactive>";
    "instruction_fetch.v";
    "./../instruction memory/instruction_memory.v";
    "./../PC/PC.v";
