#! /c/Source/iverilog-install/bin/vvp
:ivl_version "12.0 (devel)" "(s20150603-1539-g2693dd32b)";
:ivl_delay_selection "TYPICAL";
:vpi_time_precision + 0;
:vpi_module "D:\verilog\iverilog\lib\ivl\system.vpi";
:vpi_module "D:\verilog\iverilog\lib\ivl\vhdl_sys.vpi";
:vpi_module "D:\verilog\iverilog\lib\ivl\vhdl_textio.vpi";
:vpi_module "D:\verilog\iverilog\lib\ivl\v2005_math.vpi";
:vpi_module "D:\verilog\iverilog\lib\ivl\va_math.vpi";
S_0000018fb91dbc70 .scope module, "immediate_extend" "immediate_extend" 2 1;
 .timescale 0 0;
    .port_info 0 /INPUT 32 "instruction";
    .port_info 1 /INPUT 3 "imm_select";
    .port_info 2 /OUTPUT 32 "immediate";
o0000018fb9226f98 .functor BUFZ 3, C4<zzz>; HiZ drive
v0000018fb91dbe00_0 .net "imm_select", 2 0, o0000018fb9226f98;  0 drivers
v0000018fb91d6ad0_0 .var "immediate", 31 0;
o0000018fb9226ff8 .functor BUFZ 32, C4<zzzzzzzzzzzzzzzzzzzzzzzzzzzzzzzz>; HiZ drive
v0000018fb91dbea0_0 .net "instruction", 31 0, o0000018fb9226ff8;  0 drivers
E_0000018fb91d9cc0 .event anyedge, v0000018fb91dbe00_0, v0000018fb91dbea0_0;
    .scope S_0000018fb91dbc70;
T_0 ;
    %wait E_0000018fb91d9cc0;
    %load/vec4 v0000018fb91dbe00_0;
    %dup/vec4;
    %pushi/vec4 0, 0, 3;
    %cmp/u;
    %jmp/1 T_0.0, 6;
    %dup/vec4;
    %pushi/vec4 1, 0, 3;
    %cmp/u;
    %jmp/1 T_0.1, 6;
    %dup/vec4;
    %pushi/vec4 2, 0, 3;
    %cmp/u;
    %jmp/1 T_0.2, 6;
    %dup/vec4;
    %pushi/vec4 3, 0, 3;
    %cmp/u;
    %jmp/1 T_0.3, 6;
    %dup/vec4;
    %pushi/vec4 4, 0, 3;
    %cmp/u;
    %jmp/1 T_0.4, 6;
    %jmp T_0.5;
T_0.0 ;
    %load/vec4 v0000018fb91dbea0_0;
    %parti/s 1, 31, 6;
    %replicate 21;
    %load/vec4 v0000018fb91dbea0_0;
    %parti/s 6, 25, 6;
    %concat/vec4; draw_concat_vec4
    %load/vec4 v0000018fb91dbea0_0;
    %parti/s 4, 21, 6;
    %concat/vec4; draw_concat_vec4
    %load/vec4 v0000018fb91dbea0_0;
    %parti/s 1, 20, 6;
    %concat/vec4; draw_concat_vec4
    %store/vec4 v0000018fb91d6ad0_0, 0, 32;
    %jmp T_0.5;
T_0.1 ;
    %load/vec4 v0000018fb91dbea0_0;
    %parti/s 1, 31, 6;
    %replicate 21;
    %load/vec4 v0000018fb91dbea0_0;
    %parti/s 6, 25, 6;
    %concat/vec4; draw_concat_vec4
    %load/vec4 v0000018fb91dbea0_0;
    %parti/s 4, 8, 5;
    %concat/vec4; draw_concat_vec4
    %load/vec4 v0000018fb91dbea0_0;
    %parti/s 1, 7, 4;
    %concat/vec4; draw_concat_vec4
    %store/vec4 v0000018fb91d6ad0_0, 0, 32;
    %jmp T_0.5;
T_0.2 ;
    %load/vec4 v0000018fb91dbea0_0;
    %parti/s 1, 31, 6;
    %replicate 12;
    %load/vec4 v0000018fb91dbea0_0;
    %parti/s 8, 12, 5;
    %concat/vec4; draw_concat_vec4
    %load/vec4 v0000018fb91dbea0_0;
    %parti/s 1, 20, 6;
    %concat/vec4; draw_concat_vec4
    %load/vec4 v0000018fb91dbea0_0;
    %parti/s 6, 25, 6;
    %concat/vec4; draw_concat_vec4
    %load/vec4 v0000018fb91dbea0_0;
    %parti/s 4, 21, 6;
    %concat/vec4; draw_concat_vec4
    %concati/vec4 0, 0, 1;
    %store/vec4 v0000018fb91d6ad0_0, 0, 32;
    %jmp T_0.5;
T_0.3 ;
    %load/vec4 v0000018fb91dbea0_0;
    %parti/s 1, 31, 6;
    %load/vec4 v0000018fb91dbea0_0;
    %parti/s 11, 20, 6;
    %concat/vec4; draw_concat_vec4
    %load/vec4 v0000018fb91dbea0_0;
    %parti/s 8, 12, 5;
    %concat/vec4; draw_concat_vec4
    %concati/vec4 0, 0, 12;
    %store/vec4 v0000018fb91d6ad0_0, 0, 32;
    %jmp T_0.5;
T_0.4 ;
    %load/vec4 v0000018fb91dbea0_0;
    %parti/s 1, 31, 6;
    %replicate 20;
    %load/vec4 v0000018fb91dbea0_0;
    %parti/s 1, 7, 4;
    %concat/vec4; draw_concat_vec4
    %load/vec4 v0000018fb91dbea0_0;
    %parti/s 6, 25, 6;
    %concat/vec4; draw_concat_vec4
    %load/vec4 v0000018fb91dbea0_0;
    %parti/s 4, 8, 5;
    %concat/vec4; draw_concat_vec4
    %concati/vec4 0, 0, 1;
    %store/vec4 v0000018fb91d6ad0_0, 0, 32;
    %jmp T_0.5;
T_0.5 ;
    %pop/vec4 1;
    %jmp T_0;
    .thread T_0, $push;
# The file index is used to find the file name in the following table.
:file_names 3;
    "N/A";
    "<interactive>";
    "immidiate.v";
