#! /c/Source/iverilog-install/bin/vvp
:ivl_version "12.0 (devel)" "(s20150603-1539-g2693dd32b)";
:ivl_delay_selection "TYPICAL";
:vpi_time_precision + 0;
:vpi_module "D:\verilog\iverilog\lib\ivl\system.vpi";
:vpi_module "D:\verilog\iverilog\lib\ivl\vhdl_sys.vpi";
:vpi_module "D:\verilog\iverilog\lib\ivl\vhdl_textio.vpi";
:vpi_module "D:\verilog\iverilog\lib\ivl\v2005_math.vpi";
:vpi_module "D:\verilog\iverilog\lib\ivl\va_math.vpi";
S_0000012731136880 .scope module, "Instfetch_registers" "Instfetch_registers" 2 1;
 .timescale 0 0;
    .port_info 0 /INPUT 1 "CLK";
    .port_info 1 /INPUT 32 "PC4";
    .port_info 2 /INPUT 32 "PC";
    .port_info 3 /INPUT 32 "instruction";
    .port_info 4 /OUTPUT 32 "instruction_out";
    .port_info 5 /OUTPUT 32 "PC_out";
    .port_info 6 /OUTPUT 32 "PC4_out";
o00000127311f6fd8 .functor BUFZ 1, C4<z>; HiZ drive
v0000012731137180_0 .net "CLK", 0 0, o00000127311f6fd8;  0 drivers
o00000127311f7008 .functor BUFZ 32, C4<zzzzzzzzzzzzzzzzzzzzzzzzzzzzzzzz>; HiZ drive
v000001273113bf40_0 .net "PC", 31 0, o00000127311f7008;  0 drivers
o00000127311f7038 .functor BUFZ 32, C4<zzzzzzzzzzzzzzzzzzzzzzzzzzzzzzzz>; HiZ drive
v0000012731136a10_0 .net "PC4", 31 0, o00000127311f7038;  0 drivers
v0000012731136ab0_0 .var "PC4_intermediate", 31 0;
v0000012731136b50_0 .var "PC4_out", 31 0;
v00000127311f2510_0 .var "PC_intermediate", 31 0;
v00000127311f25b0_0 .var "PC_out", 31 0;
o00000127311f7128 .functor BUFZ 32, C4<zzzzzzzzzzzzzzzzzzzzzzzzzzzzzzzz>; HiZ drive
v00000127311f2650_0 .net "instruction", 31 0, o00000127311f7128;  0 drivers
v00000127311f26f0_0 .var "instruction_intermediate", 31 0;
v00000127311f2820_0 .var "instruction_out", 31 0;
E_000001273113c070 .event posedge, v0000012731137180_0;
    .scope S_0000012731136880;
T_0 ;
    %wait E_000001273113c070;
    %load/vec4 v00000127311f26f0_0;
    %store/vec4 v00000127311f2820_0, 0, 32;
    %load/vec4 v00000127311f2510_0;
    %store/vec4 v00000127311f25b0_0, 0, 32;
    %load/vec4 v0000012731136ab0_0;
    %store/vec4 v0000012731136b50_0, 0, 32;
    %load/vec4 v00000127311f2650_0;
    %store/vec4 v00000127311f26f0_0, 0, 32;
    %load/vec4 v000001273113bf40_0;
    %store/vec4 v00000127311f2510_0, 0, 32;
    %load/vec4 v0000012731136a10_0;
    %store/vec4 v0000012731136ab0_0, 0, 32;
    %jmp T_0;
    .thread T_0;
# The file index is used to find the file name in the following table.
:file_names 3;
    "N/A";
    "<interactive>";
    "instructionfetch.v";
