#! /c/Source/iverilog-install/bin/vvp
:ivl_version "12.0 (devel)" "(s20150603-1539-g2693dd32b)";
:ivl_delay_selection "TYPICAL";
:vpi_time_precision + 0;
:vpi_module "D:\verilog\iverilog\lib\ivl\system.vpi";
:vpi_module "D:\verilog\iverilog\lib\ivl\vhdl_sys.vpi";
:vpi_module "D:\verilog\iverilog\lib\ivl\vhdl_textio.vpi";
:vpi_module "D:\verilog\iverilog\lib\ivl\v2005_math.vpi";
:vpi_module "D:\verilog\iverilog\lib\ivl\va_math.vpi";
S_000002277e8d6600 .scope module, "Zero_out" "Zero_out" 2 155;
 .timescale 0 0;
    .port_info 0 /INPUT 32 "result";
    .port_info 1 /OUTPUT 1 "zero";
L_000002277ea00088 .functor BUFT 1, C4<00000000000000000000000000000000>, C4<0>, C4<0>, C4<0>;
v000002277e927600_0 .net/2u *"_ivl_0", 31 0, L_000002277ea00088;  1 drivers
v000002277e925a80_0 .net *"_ivl_2", 0 0, L_000002277e983ab0;  1 drivers
L_000002277ea000d0 .functor BUFT 1, C4<01>, C4<0>, C4<0>, C4<0>;
v000002277e926b60_0 .net/2s *"_ivl_4", 1 0, L_000002277ea000d0;  1 drivers
L_000002277ea00118 .functor BUFT 1, C4<00>, C4<0>, C4<0>, C4<0>;
v000002277e926160_0 .net/2s *"_ivl_6", 1 0, L_000002277ea00118;  1 drivers
v000002277e927420_0 .net *"_ivl_8", 1 0, L_000002277e984190;  1 drivers
o000002277e92a618 .functor BUFZ 32, C4<zzzzzzzzzzzzzzzzzzzzzzzzzzzzzzzz>; HiZ drive
v000002277e9277e0_0 .net "result", 31 0, o000002277e92a618;  0 drivers
v000002277e9276a0_0 .net "zero", 0 0, L_000002277e983b50;  1 drivers
L_000002277e983ab0 .cmp/eq 32, o000002277e92a618, L_000002277ea00088;
L_000002277e984190 .functor MUXZ 2, L_000002277ea00118, L_000002277ea000d0, L_000002277e983ab0, C4<>;
L_000002277e983b50 .part L_000002277e984190, 0, 1;
S_000002277e8d6790 .scope module, "instruction_execution" "instruction_execution" 3 4;
 .timescale 0 0;
    .port_info 0 /INPUT 5 "ALU_select";
    .port_info 1 /INPUT 1 "mux1_select";
    .port_info 2 /INPUT 1 "mux2_select";
    .port_info 3 /INPUT 1 "mux3_select";
    .port_info 4 /INPUT 1 "regwrite_enable";
    .port_info 5 /INPUT 1 "memory_write_enable";
    .port_info 6 /INPUT 1 "memory_read_enable";
    .port_info 7 /INPUT 1 "branch";
    .port_info 8 /INPUT 1 "jump";
    .port_info 9 /INPUT 1 "jal_select";
    .port_info 10 /INPUT 1 "pc4";
    .port_info 11 /INPUT 1 "pc";
    .port_info 12 /INPUT 32 "immediate";
    .port_info 13 /INPUT 32 "data1";
    .port_info 14 /INPUT 32 "data2";
    .port_info 15 /INPUT 3 "funct3";
    .port_info 16 /INPUT 5 "rd";
    .port_info 17 /OUTPUT 32 "ALUD";
    .port_info 18 /OUTPUT 32 "ALU_result";
    .port_info 19 /OUTPUT 32 "data2_out";
    .port_info 20 /OUTPUT 3 "funct3_out";
    .port_info 21 /OUTPUT 5 "rd_out";
    .port_info 22 /OUTPUT 1 "memory_read_enable_out";
    .port_info 23 /OUTPUT 1 "memory_write_enable_out";
    .port_info 24 /OUTPUT 1 "regwrite_enable_out";
    .port_info 25 /OUTPUT 1 "mux3_select_out";
    .port_info 26 /OUTPUT 1 "branch_control_out";
o000002277e92be18 .functor BUFZ 1, C4<z>; HiZ drive
L_000002277ea00160 .functor BUFT 1, C4<0>, C4<0>, C4<0>, C4<0>;
L_000002277e91a830 .functor XNOR 1, o000002277e92be18, L_000002277ea00160, C4<0>, C4<0>;
o000002277e92be48 .functor BUFZ 1, C4<z>; HiZ drive
L_000002277ea001f0 .functor BUFT 1, C4<0>, C4<0>, C4<0>, C4<0>;
L_000002277e91aad0 .functor XNOR 1, o000002277e92be48, L_000002277ea001f0, C4<0>, C4<0>;
o000002277e92bd28 .functor BUFZ 1, C4<z>; HiZ drive
L_000002277ea003a0 .functor BUFT 1, C4<0>, C4<0>, C4<0>, C4<0>;
L_000002277e91b160 .functor XNOR 1, o000002277e92bd28, L_000002277ea003a0, C4<0>, C4<0>;
o000002277e92bd58 .functor BUFZ 1, C4<z>; HiZ drive
L_000002277e91abb0 .functor BUFZ 1, o000002277e92bd58, C4<0>, C4<0>, C4<0>;
o000002277e92bdb8 .functor BUFZ 1, C4<z>; HiZ drive
L_000002277e91ad00 .functor BUFZ 1, o000002277e92bdb8, C4<0>, C4<0>, C4<0>;
o000002277e92bf98 .functor BUFZ 1, C4<z>; HiZ drive
L_000002277e91ac20 .functor BUFZ 1, o000002277e92bf98, C4<0>, C4<0>, C4<0>;
o000002277e92be78 .functor BUFZ 1, C4<z>; HiZ drive
L_000002277e91a8a0 .functor BUFZ 1, o000002277e92be78, C4<0>, C4<0>, C4<0>;
o000002277e92b8d8 .functor BUFZ 3, C4<zzz>; HiZ drive
L_000002277e91a910 .functor BUFZ 3, o000002277e92b8d8, C4<000>, C4<000>, C4<000>;
o000002277e92bf38 .functor BUFZ 5, C4<zzzzz>; HiZ drive
L_000002277e91ad70 .functor BUFZ 5, o000002277e92bf38, C4<00000>, C4<00000>, C4<00000>;
o000002277e92b8a8 .functor BUFZ 32, C4<zzzzzzzzzzzzzzzzzzzzzzzzzzzzzzzz>; HiZ drive
L_000002277e91ade0 .functor BUFZ 32, o000002277e92b8a8, C4<00000000000000000000000000000000>, C4<00000000000000000000000000000000>, C4<00000000000000000000000000000000>;
v000002277e984230_0 .net "ALUD", 31 0, L_000002277ea59d10;  1 drivers
v000002277e983970_0 .net "ALU_result", 31 0, v000002277e97fa80_0;  1 drivers
o000002277e92b728 .functor BUFZ 5, C4<zzzzz>; HiZ drive
v000002277e9830b0_0 .net "ALU_select", 4 0, o000002277e92b728;  0 drivers
v000002277e983150_0 .net/2u *"_ivl_0", 0 0, L_000002277ea00160;  1 drivers
v000002277e984a50_0 .net/2u *"_ivl_10", 0 0, L_000002277ea001f0;  1 drivers
v000002277e983470_0 .net *"_ivl_12", 0 0, L_000002277e91aad0;  1 drivers
v000002277e984f50_0 .net/2u *"_ivl_16", 0 0, L_000002277ea003a0;  1 drivers
v000002277e984550_0 .net *"_ivl_18", 0 0, L_000002277e91b160;  1 drivers
v000002277e983650_0 .net *"_ivl_2", 0 0, L_000002277e91a830;  1 drivers
v000002277e983290_0 .net *"_ivl_20", 31 0, L_000002277ea58690;  1 drivers
L_000002277ea003e8 .functor BUFT 1, C4<0000000000000000000000000000000>, C4<0>, C4<0>, C4<0>;
v000002277e9831f0_0 .net *"_ivl_23", 30 0, L_000002277ea003e8;  1 drivers
v000002277e983c90_0 .net *"_ivl_4", 31 0, L_000002277e983bf0;  1 drivers
L_000002277ea001a8 .functor BUFT 1, C4<0000000000000000000000000000000>, C4<0>, C4<0>, C4<0>;
v000002277e983330_0 .net *"_ivl_7", 30 0, L_000002277ea001a8;  1 drivers
o000002277e92b848 .functor BUFZ 1, C4<z>; HiZ drive
v000002277e9847d0_0 .net "branch", 0 0, o000002277e92b848;  0 drivers
v000002277e9833d0_0 .net "branch_control_out", 0 0, v000002277e984730_0;  1 drivers
o000002277e92b878 .functor BUFZ 32, C4<zzzzzzzzzzzzzzzzzzzzzzzzzzzzzzzz>; HiZ drive
v000002277e984910_0 .net "data1", 31 0, o000002277e92b878;  0 drivers
v000002277e984c30_0 .net "data2", 31 0, o000002277e92b8a8;  0 drivers
v000002277e983510_0 .net "data2_out", 31 0, L_000002277e91ade0;  1 drivers
v000002277e984e10_0 .net "funct3", 2 0, o000002277e92b8d8;  0 drivers
v000002277e9835b0_0 .net "funct3_out", 2 0, L_000002277e91a910;  1 drivers
o000002277e92bcf8 .functor BUFZ 32, C4<zzzzzzzzzzzzzzzzzzzzzzzzzzzzzzzz>; HiZ drive
v000002277e984eb0_0 .net "immediate", 31 0, o000002277e92bcf8;  0 drivers
v000002277e984870_0 .net "jal_select", 0 0, o000002277e92bd28;  0 drivers
o000002277e92b938 .functor BUFZ 1, C4<z>; HiZ drive
v000002277e9849b0_0 .net "jump", 0 0, o000002277e92b938;  0 drivers
v000002277e983d30_0 .net "memory_read_enable", 0 0, o000002277e92bd58;  0 drivers
v000002277e983830_0 .net "memory_read_enable_out", 0 0, L_000002277e91abb0;  1 drivers
v000002277e9836f0_0 .net "memory_write_enable", 0 0, o000002277e92bdb8;  0 drivers
v000002277e984cd0_0 .net "memory_write_enable_out", 0 0, L_000002277e91ad00;  1 drivers
v000002277e983dd0_0 .net "mux1_out", 31 0, L_000002277e9842d0;  1 drivers
v000002277e983790_0 .net "mux1_select", 0 0, o000002277e92be18;  0 drivers
v000002277e983fb0_0 .net "mux2_out", 31 0, L_000002277e984370;  1 drivers
v000002277e983f10_0 .net "mux2_select", 0 0, o000002277e92be48;  0 drivers
v000002277e984050_0 .net "mux3_select", 0 0, o000002277e92be78;  0 drivers
v000002277e9840f0_0 .net "mux3_select_out", 0 0, L_000002277e91a8a0;  1 drivers
o000002277e92bed8 .functor BUFZ 1, C4<z>; HiZ drive
v000002277e9838d0_0 .net "pc", 0 0, o000002277e92bed8;  0 drivers
o000002277e92bf08 .functor BUFZ 1, C4<z>; HiZ drive
v000002277e984af0_0 .net "pc4", 0 0, o000002277e92bf08;  0 drivers
v000002277e983e70_0 .net "rd", 4 0, o000002277e92bf38;  0 drivers
v000002277e983a10_0 .net "rd_out", 4 0, L_000002277e91ad70;  1 drivers
v000002277e984b90_0 .net "regwrite_enable", 0 0, o000002277e92bf98;  0 drivers
v000002277e984d70_0 .net "regwrite_enable_out", 0 0, L_000002277e91ac20;  1 drivers
L_000002277e983bf0 .concat [ 1 31 0 0], o000002277e92bed8, L_000002277ea001a8;
L_000002277e9842d0 .functor MUXZ 32, o000002277e92b878, L_000002277e983bf0, L_000002277e91a830, C4<>;
L_000002277e984370 .functor MUXZ 32, o000002277e92bcf8, o000002277e92b8a8, L_000002277e91aad0, C4<>;
L_000002277ea58690 .concat [ 1 31 0 0], o000002277e92bf08, L_000002277ea003e8;
L_000002277ea59d10 .functor MUXZ 32, v000002277e97fa80_0, L_000002277ea58690, L_000002277e91b160, C4<>;
S_000002277e8d5da0 .scope module, "ALU_unit1" "ALU_unit" 3 48, 2 172 0, S_000002277e8d6790;
 .timescale 0 0;
    .port_info 0 /INPUT 5 "Opcode";
    .port_info 1 /INPUT 32 "data1";
    .port_info 2 /INPUT 32 "data2";
    .port_info 3 /OUTPUT 32 "result";
v000002277e980020_0 .net "Opcode", 4 0, o000002277e92b728;  alias, 0 drivers
v000002277e97f9e0_0 .net "data1", 31 0, L_000002277e9842d0;  alias, 1 drivers
v000002277e980d40_0 .net "data2", 31 0, L_000002277e984370;  alias, 1 drivers
v000002277e97fa80_0 .var "result", 31 0;
v000002277e97fe40_0 .net "result00", 31 0, L_000002277e984410;  1 drivers
v000002277e97fb20_0 .net "result01", 31 0, L_000002277e91ab40;  1 drivers
v000002277e97fbc0_0 .net "result02", 31 0, L_000002277e91a2f0;  1 drivers
v000002277e980980_0 .net "result03", 31 0, L_000002277e91b0f0;  1 drivers
v000002277e97fd00_0 .net "result04", 31 0, L_000002277e9844b0;  1 drivers
v000002277e97f120_0 .net "result05", 31 0, L_000002277ea59ef0;  1 drivers
L_000002277ea00238 .functor BUFT 1, C4<xxxxxxxxxxxxxxxxxxxxxxxxxxxxxxxx>, C4<0>, C4<0>, C4<0>;
v000002277e97fc60_0 .net "result06", 31 0, L_000002277ea00238;  1 drivers
v000002277e9800c0_0 .net "result07", 31 0, L_000002277ea585f0;  1 drivers
v000002277e980520_0 .net "result08", 31 0, L_000002277ea596d0;  1 drivers
v000002277e980700_0 .net "result09", 31 0, L_000002277ea58870;  1 drivers
v000002277e97fee0_0 .net "result10", 31 0, L_000002277ea59bd0;  1 drivers
v000002277e97ff80_0 .net "result11", 31 0, L_000002277ea58cd0;  1 drivers
v000002277e980160_0 .net "result12", 31 0, L_000002277e91a6e0;  1 drivers
v000002277e980200_0 .net "result13", 31 0, L_000002277ea58190;  1 drivers
v000002277e9802a0_0 .net "result14", 31 0, L_000002277ea58230;  1 drivers
v000002277e980340_0 .net "result15", 31 0, L_000002277ea58d70;  1 drivers
v000002277e9803e0_0 .net "result16", 31 0, L_000002277ea59310;  1 drivers
v000002277e980480_0 .net "result17", 31 0, L_000002277ea58910;  1 drivers
v000002277e9807a0_0 .net "result18", 31 0, L_000002277ea59810;  1 drivers
E_000002277e917540/0 .event anyedge, v000002277e980020_0, v000002277e926200_0, v000002277e97f940_0, v000002277e927740_0;
E_000002277e917540/1 .event anyedge, v000002277e926de0_0, v000002277e9274c0_0, v000002277e926700_0, v000002277e927560_0;
E_000002277e917540/2 .event anyedge, v000002277e925ee0_0, v000002277e925940_0, v000002277e926340_0, v000002277e926a20_0;
E_000002277e917540/3 .event anyedge, v000002277e926ca0_0, v000002277e927380_0, v000002277e91cdb0_0, v000002277e980c00_0;
E_000002277e917540/4 .event anyedge, v000002277e97f580_0, v000002277e97fda0_0, v000002277e97f6c0_0, v000002277e980ca0_0;
E_000002277e917540 .event/or E_000002277e917540/0, E_000002277e917540/1, E_000002277e917540/2, E_000002277e917540/3, E_000002277e917540/4;
S_000002277e8e9940 .scope module, "add_unit" "Add_unit" 2 184, 2 1 0, S_000002277e8d5da0;
 .timescale 0 0;
    .port_info 0 /INPUT 32 "data1";
    .port_info 1 /INPUT 32 "data2";
    .port_info 2 /OUTPUT 32 "result";
v000002277e927060_0 .net "data1", 31 0, L_000002277e9842d0;  alias, 1 drivers
v000002277e926fc0_0 .net "data2", 31 0, L_000002277e984370;  alias, 1 drivers
v000002277e926200_0 .net "result", 31 0, L_000002277e984410;  alias, 1 drivers
L_000002277e984410 .arith/sum 32, L_000002277e9842d0, L_000002277e984370;
S_000002277e8e9ad0 .scope module, "and_unit" "AND_unit" 2 186, 2 24 0, S_000002277e8d5da0;
 .timescale 0 0;
    .port_info 0 /INPUT 32 "data1";
    .port_info 1 /INPUT 32 "data2";
    .port_info 2 /OUTPUT 32 "result";
L_000002277e91a2f0 .functor AND 32, L_000002277e9842d0, L_000002277e984370, C4<11111111111111111111111111111111>, C4<11111111111111111111111111111111>;
v000002277e927100_0 .net "data1", 31 0, L_000002277e9842d0;  alias, 1 drivers
v000002277e926f20_0 .net "data2", 31 0, L_000002277e984370;  alias, 1 drivers
v000002277e927740_0 .net "result", 31 0, L_000002277e91a2f0;  alias, 1 drivers
S_000002277e8ea680 .scope module, "div_unit" "DIV_unit" 2 192, 2 86 0, S_000002277e8d5da0;
 .timescale 0 0;
    .port_info 0 /INPUT 32 "data1";
    .port_info 1 /INPUT 32 "data2";
    .port_info 2 /OUTPUT 32 "result";
v000002277e9262a0_0 .net "data1", 31 0, L_000002277e9842d0;  alias, 1 drivers
v000002277e926d40_0 .net "data2", 31 0, L_000002277e984370;  alias, 1 drivers
v000002277e925940_0 .net "result", 31 0, L_000002277ea596d0;  alias, 1 drivers
L_000002277ea596d0 .arith/div.s 32, L_000002277e9842d0, L_000002277e984370;
S_000002277e8ea810 .scope module, "divu_unit" "DIVU_unit" 2 193, 2 94 0, S_000002277e8d5da0;
 .timescale 0 0;
    .port_info 0 /INPUT 32 "data1";
    .port_info 1 /INPUT 32 "data2";
    .port_info 2 /OUTPUT 32 "result";
v000002277e9271a0_0 .net "data1", 31 0, L_000002277e9842d0;  alias, 1 drivers
v000002277e926480_0 .net "data2", 31 0, L_000002277e984370;  alias, 1 drivers
v000002277e926340_0 .net "result", 31 0, L_000002277ea58870;  alias, 1 drivers
L_000002277ea58870 .arith/div 32, L_000002277e9842d0, L_000002277e984370;
S_000002277e8e8400 .scope module, "forward_unit" "Forward_Unit" 2 196, 2 118 0, S_000002277e8d5da0;
 .timescale 0 0;
    .port_info 0 /INPUT 32 "data2";
    .port_info 1 /OUTPUT 32 "result";
L_000002277e91a6e0 .functor BUFZ 32, L_000002277e984370, C4<00000000000000000000000000000000>, C4<00000000000000000000000000000000>, C4<00000000000000000000000000000000>;
v000002277e9272e0_0 .net "data2", 31 0, L_000002277e984370;  alias, 1 drivers
v000002277e927380_0 .net "result", 31 0, L_000002277e91a6e0;  alias, 1 drivers
S_000002277e8e8590 .scope module, "mul_unit" "MUL_unit" 2 188, 2 39 0, S_000002277e8d5da0;
 .timescale 0 0;
    .port_info 0 /INPUT 32 "data1";
    .port_info 1 /INPUT 32 "data2";
    .port_info 2 /OUTPUT 32 "result";
v000002277e9259e0_0 .net "data1", 31 0, L_000002277e9842d0;  alias, 1 drivers
v000002277e925b20_0 .net "data2", 31 0, L_000002277e984370;  alias, 1 drivers
v000002277e9274c0_0 .net "result", 31 0, L_000002277e9844b0;  alias, 1 drivers
v000002277e925e40_0 .var "result1", 64 0;
E_000002277e917b40 .event anyedge, v000002277e927060_0, v000002277e926fc0_0;
L_000002277e9844b0 .part v000002277e925e40_0, 0, 32;
S_000002277e8e4430 .scope module, "mulh_unit" "MULH_unit" 2 189, 2 51 0, S_000002277e8d5da0;
 .timescale 0 0;
    .port_info 0 /INPUT 32 "data1";
    .port_info 1 /INPUT 32 "data2";
    .port_info 2 /OUTPUT 32 "result";
v000002277e925c60_0 .net "data1", 31 0, L_000002277e9842d0;  alias, 1 drivers
v000002277e925bc0_0 .net "data2", 31 0, L_000002277e984370;  alias, 1 drivers
v000002277e926700_0 .net "result", 31 0, L_000002277ea59ef0;  alias, 1 drivers
v000002277e925d00_0 .var "result1", 64 0;
L_000002277ea59ef0 .part v000002277e925d00_0, 32, 32;
S_000002277e8e45c0 .scope module, "mulhsu_unit" "MULHSU_unit" 2 191, 2 75 0, S_000002277e8d5da0;
 .timescale 0 0;
    .port_info 0 /INPUT 32 "data1";
    .port_info 1 /INPUT 32 "data2";
    .port_info 2 /OUTPUT 32 "result";
v000002277e925da0_0 .net "data1", 31 0, L_000002277e9842d0;  alias, 1 drivers
v000002277e925f80_0 .net "data2", 31 0, L_000002277e984370;  alias, 1 drivers
v000002277e925ee0_0 .net "result", 31 0, L_000002277ea585f0;  alias, 1 drivers
v000002277e926020_0 .var "result1", 63 0;
L_000002277ea585f0 .part v000002277e926020_0, 32, 32;
S_000002277e8e7190 .scope module, "mulhu_unit" "MULHU_unit" 2 190, 2 63 0, S_000002277e8d5da0;
 .timescale 0 0;
    .port_info 0 /INPUT 32 "data1";
    .port_info 1 /INPUT 32 "data2";
    .port_info 2 /OUTPUT 32 "result";
v000002277e9267a0_0 .net "data1", 31 0, L_000002277e9842d0;  alias, 1 drivers
v000002277e926c00_0 .net "data2", 31 0, L_000002277e984370;  alias, 1 drivers
v000002277e927560_0 .net "result", 31 0, L_000002277ea00238;  alias, 1 drivers
v000002277e9263e0_0 .var "result1", 63 0;
S_000002277e8e7320 .scope module, "or_unit" "OR_unit" 2 187, 2 31 0, S_000002277e8d5da0;
 .timescale 0 0;
    .port_info 0 /INPUT 32 "data1";
    .port_info 1 /INPUT 32 "data2";
    .port_info 2 /OUTPUT 32 "result";
L_000002277e91b0f0 .functor OR 32, L_000002277e9842d0, L_000002277e984370, C4<00000000000000000000000000000000>, C4<00000000000000000000000000000000>;
v000002277e926520_0 .net "data1", 31 0, L_000002277e9842d0;  alias, 1 drivers
v000002277e9265c0_0 .net "data2", 31 0, L_000002277e984370;  alias, 1 drivers
v000002277e926de0_0 .net "result", 31 0, L_000002277e91b0f0;  alias, 1 drivers
S_000002277e9fe850 .scope module, "rem_unit" "REM_unit" 2 194, 2 103 0, S_000002277e8d5da0;
 .timescale 0 0;
    .port_info 0 /INPUT 32 "data1";
    .port_info 1 /INPUT 32 "data2";
    .port_info 2 /OUTPUT 32 "result";
v000002277e926980_0 .net "data1", 31 0, L_000002277e9842d0;  alias, 1 drivers
v000002277e926840_0 .net "data2", 31 0, L_000002277e984370;  alias, 1 drivers
v000002277e926a20_0 .net "result", 31 0, L_000002277ea59bd0;  alias, 1 drivers
L_000002277ea59bd0 .arith/mod.s 32, L_000002277e9842d0, L_000002277e984370;
S_000002277e9fe9e0 .scope module, "remu_unit" "REMU_unit" 2 195, 2 111 0, S_000002277e8d5da0;
 .timescale 0 0;
    .port_info 0 /INPUT 32 "data1";
    .port_info 1 /INPUT 32 "data2";
    .port_info 2 /OUTPUT 32 "result";
v000002277e926e80_0 .net "data1", 31 0, L_000002277e9842d0;  alias, 1 drivers
v000002277e926ac0_0 .net "data2", 31 0, L_000002277e984370;  alias, 1 drivers
v000002277e926ca0_0 .net "result", 31 0, L_000002277ea58cd0;  alias, 1 drivers
L_000002277ea58cd0 .arith/mod 32, L_000002277e9842d0, L_000002277e984370;
S_000002277e8d8cb0 .scope module, "sll_unit" "SLL_Unit" 2 197, 2 124 0, S_000002277e8d5da0;
 .timescale 0 0;
    .port_info 0 /INPUT 32 "data1";
    .port_info 1 /INPUT 32 "data2";
    .port_info 2 /OUTPUT 32 "result";
v000002277e91ca90_0 .net "data1", 31 0, L_000002277e9842d0;  alias, 1 drivers
v000002277e91cbd0_0 .net "data2", 31 0, L_000002277e984370;  alias, 1 drivers
v000002277e91cdb0_0 .net "result", 31 0, L_000002277ea58190;  alias, 1 drivers
L_000002277ea58190 .shift/l 32, L_000002277e9842d0, L_000002277e984370;
S_000002277e8d8e40 .scope module, "slt_unit" "SLT_Unit" 2 199, 2 146 0, S_000002277e8d5da0;
 .timescale 0 0;
    .port_info 0 /INPUT 32 "data1";
    .port_info 1 /INPUT 32 "data2";
    .port_info 2 /OUTPUT 32 "result";
v000002277e97f620_0 .net *"_ivl_0", 0 0, L_000002277ea58730;  1 drivers
L_000002277ea00280 .functor BUFT 1, C4<00000000000000000000000000000001>, C4<0>, C4<0>, C4<0>;
v000002277e97f260_0 .net/2u *"_ivl_2", 31 0, L_000002277ea00280;  1 drivers
L_000002277ea002c8 .functor BUFT 1, C4<00000000000000000000000000000000>, C4<0>, C4<0>, C4<0>;
v000002277e980b60_0 .net/2u *"_ivl_4", 31 0, L_000002277ea002c8;  1 drivers
v000002277e980f20_0 .net "data1", 31 0, L_000002277e9842d0;  alias, 1 drivers
v000002277e97f440_0 .net "data2", 31 0, L_000002277e984370;  alias, 1 drivers
v000002277e97f580_0 .net "result", 31 0, L_000002277ea58d70;  alias, 1 drivers
L_000002277ea58730 .cmp/gt.s 32, L_000002277e984370, L_000002277e9842d0;
L_000002277ea58d70 .functor MUXZ 32, L_000002277ea002c8, L_000002277ea00280, L_000002277ea58730, C4<>;
S_000002277e9813b0 .scope module, "sltu_unit" "SLTU_unit" 2 202, 2 163 0, S_000002277e8d5da0;
 .timescale 0 0;
    .port_info 0 /INPUT 32 "data1";
    .port_info 1 /INPUT 32 "data2";
    .port_info 2 /OUTPUT 32 "result";
v000002277e97f4e0_0 .net *"_ivl_0", 0 0, L_000002277ea58550;  1 drivers
L_000002277ea00310 .functor BUFT 1, C4<00000000000000000000000000000001>, C4<0>, C4<0>, C4<0>;
v000002277e97f1c0_0 .net/2u *"_ivl_2", 31 0, L_000002277ea00310;  1 drivers
L_000002277ea00358 .functor BUFT 1, C4<00000000000000000000000000000000>, C4<0>, C4<0>, C4<0>;
v000002277e9805c0_0 .net/2u *"_ivl_4", 31 0, L_000002277ea00358;  1 drivers
v000002277e97f300_0 .net "data1", 31 0, L_000002277e9842d0;  alias, 1 drivers
v000002277e97f3a0_0 .net "data2", 31 0, L_000002277e984370;  alias, 1 drivers
v000002277e97f6c0_0 .net "result", 31 0, L_000002277ea58910;  alias, 1 drivers
L_000002277ea58550 .cmp/gt 32, L_000002277e984370, L_000002277e9842d0;
L_000002277ea58910 .functor MUXZ 32, L_000002277ea00358, L_000002277ea00310, L_000002277ea58550, C4<>;
S_000002277e981b80 .scope module, "sra_unit" "SRA_Unit" 2 198, 2 139 0, S_000002277e8d5da0;
 .timescale 0 0;
    .port_info 0 /INPUT 32 "data1";
    .port_info 1 /INPUT 32 "data2";
    .port_info 2 /OUTPUT 32 "result";
v000002277e980660_0 .net "data1", 31 0, L_000002277e9842d0;  alias, 1 drivers
v000002277e97f080_0 .net "data2", 31 0, L_000002277e984370;  alias, 1 drivers
v000002277e980c00_0 .net "result", 31 0, L_000002277ea58230;  alias, 1 drivers
L_000002277ea58230 .shift/r 32, L_000002277e9842d0, L_000002277e984370;
S_000002277e981ea0 .scope module, "srl_unit" "SRL_unit" 2 203, 2 131 0, S_000002277e8d5da0;
 .timescale 0 0;
    .port_info 0 /INPUT 32 "data1";
    .port_info 1 /INPUT 32 "data2";
    .port_info 2 /OUTPUT 32 "result";
v000002277e980de0_0 .net "data1", 31 0, L_000002277e9842d0;  alias, 1 drivers
v000002277e980e80_0 .net "data2", 31 0, L_000002277e984370;  alias, 1 drivers
v000002277e980ca0_0 .net "result", 31 0, L_000002277ea59810;  alias, 1 drivers
L_000002277ea59810 .shift/r 32, L_000002277e9842d0, L_000002277e984370;
S_000002277e981860 .scope module, "sub_unit" "Sub_unit" 2 200, 2 9 0, S_000002277e8d5da0;
 .timescale 0 0;
    .port_info 0 /INPUT 32 "data1";
    .port_info 1 /INPUT 32 "data2";
    .port_info 2 /OUTPUT 32 "result";
v000002277e980a20_0 .net "data1", 31 0, L_000002277e9842d0;  alias, 1 drivers
v000002277e97f760_0 .net "data2", 31 0, L_000002277e984370;  alias, 1 drivers
v000002277e97fda0_0 .net "result", 31 0, L_000002277ea59310;  alias, 1 drivers
L_000002277ea59310 .arith/sub 32, L_000002277e9842d0, L_000002277e984370;
S_000002277e981540 .scope module, "xor_unit" "XOR_unit" 2 185, 2 17 0, S_000002277e8d5da0;
 .timescale 0 0;
    .port_info 0 /INPUT 32 "data1";
    .port_info 1 /INPUT 32 "data2";
    .port_info 2 /OUTPUT 32 "result";
L_000002277e91ab40 .functor XOR 32, L_000002277e9842d0, L_000002277e984370, C4<00000000000000000000000000000000>, C4<00000000000000000000000000000000>;
v000002277e97f800_0 .net "data1", 31 0, L_000002277e9842d0;  alias, 1 drivers
v000002277e97f8a0_0 .net "data2", 31 0, L_000002277e984370;  alias, 1 drivers
v000002277e97f940_0 .net "result", 31 0, L_000002277e91ab40;  alias, 1 drivers
S_000002277e981090 .scope module, "branch_control1" "branch_control" 3 59, 4 1 0, S_000002277e8d6790;
 .timescale 0 0;
    .port_info 0 /INPUT 1 "jump";
    .port_info 1 /INPUT 1 "branch";
    .port_info 2 /INPUT 3 "funct3";
    .port_info 3 /INPUT 32 "data1";
    .port_info 4 /INPUT 32 "data2";
    .port_info 5 /OUTPUT 1 "isJumpOrBranch";
v000002277e980840_0 .net "branch", 0 0, o000002277e92b848;  alias, 0 drivers
v000002277e9808e0_0 .net "data1", 31 0, o000002277e92b878;  alias, 0 drivers
v000002277e980ac0_0 .net "data2", 31 0, o000002277e92b8a8;  alias, 0 drivers
v000002277e9845f0_0 .net "funct3", 2 0, o000002277e92b8d8;  alias, 0 drivers
v000002277e984730_0 .var "isJumpOrBranch", 0 0;
v000002277e984690_0 .net "jump", 0 0, o000002277e92b938;  alias, 0 drivers
E_000002277e918e80/0 .event anyedge, v000002277e9845f0_0, v000002277e980840_0, v000002277e984690_0, v000002277e980ac0_0;
E_000002277e918e80/1 .event anyedge, v000002277e9808e0_0;
E_000002277e918e80 .event/or E_000002277e918e80/0, E_000002277e918e80/1;
    .scope S_000002277e8e8590;
T_0 ;
    %wait E_000002277e917b40;
    %load/vec4 v000002277e9259e0_0;
    %pad/s 65;
    %load/vec4 v000002277e925b20_0;
    %pad/s 65;
    %mul;
    %store/vec4 v000002277e925e40_0, 0, 65;
    %jmp T_0;
    .thread T_0, $push;
    .scope S_000002277e8e4430;
T_1 ;
    %wait E_000002277e917b40;
    %load/vec4 v000002277e925c60_0;
    %pad/s 65;
    %load/vec4 v000002277e925bc0_0;
    %pad/s 65;
    %mul;
    %store/vec4 v000002277e925d00_0, 0, 65;
    %jmp T_1;
    .thread T_1, $push;
    .scope S_000002277e8e7190;
T_2 ;
    %wait E_000002277e917b40;
    %load/vec4 v000002277e9267a0_0;
    %pad/u 64;
    %load/vec4 v000002277e926c00_0;
    %pad/u 64;
    %mul;
    %store/vec4 v000002277e9263e0_0, 0, 64;
    %jmp T_2;
    .thread T_2, $push;
    .scope S_000002277e8e45c0;
T_3 ;
    %wait E_000002277e917b40;
    %load/vec4 v000002277e925da0_0;
    %pad/u 64;
    %load/vec4 v000002277e925f80_0;
    %pad/u 64;
    %mul;
    %store/vec4 v000002277e926020_0, 0, 64;
    %jmp T_3;
    .thread T_3, $push;
    .scope S_000002277e8d5da0;
T_4 ;
    %wait E_000002277e917540;
    %load/vec4 v000002277e980020_0;
    %dup/vec4;
    %pushi/vec4 0, 0, 5;
    %cmp/u;
    %jmp/1 T_4.0, 6;
    %dup/vec4;
    %pushi/vec4 1, 0, 5;
    %cmp/u;
    %jmp/1 T_4.1, 6;
    %dup/vec4;
    %pushi/vec4 2, 0, 5;
    %cmp/u;
    %jmp/1 T_4.2, 6;
    %dup/vec4;
    %pushi/vec4 3, 0, 5;
    %cmp/u;
    %jmp/1 T_4.3, 6;
    %dup/vec4;
    %pushi/vec4 4, 0, 5;
    %cmp/u;
    %jmp/1 T_4.4, 6;
    %dup/vec4;
    %pushi/vec4 5, 0, 5;
    %cmp/u;
    %jmp/1 T_4.5, 6;
    %dup/vec4;
    %pushi/vec4 6, 0, 5;
    %cmp/u;
    %jmp/1 T_4.6, 6;
    %dup/vec4;
    %pushi/vec4 7, 0, 5;
    %cmp/u;
    %jmp/1 T_4.7, 6;
    %dup/vec4;
    %pushi/vec4 8, 0, 5;
    %cmp/u;
    %jmp/1 T_4.8, 6;
    %dup/vec4;
    %pushi/vec4 9, 0, 5;
    %cmp/u;
    %jmp/1 T_4.9, 6;
    %dup/vec4;
    %pushi/vec4 10, 0, 5;
    %cmp/u;
    %jmp/1 T_4.10, 6;
    %dup/vec4;
    %pushi/vec4 11, 0, 5;
    %cmp/u;
    %jmp/1 T_4.11, 6;
    %dup/vec4;
    %pushi/vec4 12, 0, 5;
    %cmp/u;
    %jmp/1 T_4.12, 6;
    %dup/vec4;
    %pushi/vec4 13, 0, 5;
    %cmp/u;
    %jmp/1 T_4.13, 6;
    %dup/vec4;
    %pushi/vec4 14, 0, 5;
    %cmp/u;
    %jmp/1 T_4.14, 6;
    %dup/vec4;
    %pushi/vec4 15, 0, 5;
    %cmp/u;
    %jmp/1 T_4.15, 6;
    %dup/vec4;
    %pushi/vec4 16, 0, 5;
    %cmp/u;
    %jmp/1 T_4.16, 6;
    %dup/vec4;
    %pushi/vec4 17, 0, 5;
    %cmp/u;
    %jmp/1 T_4.17, 6;
    %dup/vec4;
    %pushi/vec4 18, 0, 5;
    %cmp/u;
    %jmp/1 T_4.18, 6;
    %pushi/vec4 4294967295, 4294967295, 32;
    %store/vec4 v000002277e97fa80_0, 0, 32;
    %jmp T_4.20;
T_4.0 ;
    %load/vec4 v000002277e97fe40_0;
    %store/vec4 v000002277e97fa80_0, 0, 32;
    %jmp T_4.20;
T_4.1 ;
    %load/vec4 v000002277e97fb20_0;
    %store/vec4 v000002277e97fa80_0, 0, 32;
    %jmp T_4.20;
T_4.2 ;
    %load/vec4 v000002277e97fbc0_0;
    %store/vec4 v000002277e97fa80_0, 0, 32;
    %jmp T_4.20;
T_4.3 ;
    %load/vec4 v000002277e980980_0;
    %store/vec4 v000002277e97fa80_0, 0, 32;
    %jmp T_4.20;
T_4.4 ;
    %load/vec4 v000002277e97fd00_0;
    %store/vec4 v000002277e97fa80_0, 0, 32;
    %jmp T_4.20;
T_4.5 ;
    %load/vec4 v000002277e97f120_0;
    %store/vec4 v000002277e97fa80_0, 0, 32;
    %jmp T_4.20;
T_4.6 ;
    %load/vec4 v000002277e97fc60_0;
    %store/vec4 v000002277e97fa80_0, 0, 32;
    %jmp T_4.20;
T_4.7 ;
    %load/vec4 v000002277e9800c0_0;
    %store/vec4 v000002277e97fa80_0, 0, 32;
    %jmp T_4.20;
T_4.8 ;
    %load/vec4 v000002277e980520_0;
    %store/vec4 v000002277e97fa80_0, 0, 32;
    %jmp T_4.20;
T_4.9 ;
    %load/vec4 v000002277e980700_0;
    %store/vec4 v000002277e97fa80_0, 0, 32;
    %jmp T_4.20;
T_4.10 ;
    %load/vec4 v000002277e97fee0_0;
    %store/vec4 v000002277e97fa80_0, 0, 32;
    %jmp T_4.20;
T_4.11 ;
    %load/vec4 v000002277e97ff80_0;
    %store/vec4 v000002277e97fa80_0, 0, 32;
    %jmp T_4.20;
T_4.12 ;
    %load/vec4 v000002277e980160_0;
    %store/vec4 v000002277e97fa80_0, 0, 32;
    %jmp T_4.20;
T_4.13 ;
    %load/vec4 v000002277e980200_0;
    %store/vec4 v000002277e97fa80_0, 0, 32;
    %jmp T_4.20;
T_4.14 ;
    %load/vec4 v000002277e9802a0_0;
    %store/vec4 v000002277e97fa80_0, 0, 32;
    %jmp T_4.20;
T_4.15 ;
    %load/vec4 v000002277e980340_0;
    %store/vec4 v000002277e97fa80_0, 0, 32;
    %jmp T_4.20;
T_4.16 ;
    %load/vec4 v000002277e9803e0_0;
    %store/vec4 v000002277e97fa80_0, 0, 32;
    %jmp T_4.20;
T_4.17 ;
    %load/vec4 v000002277e980480_0;
    %store/vec4 v000002277e97fa80_0, 0, 32;
    %jmp T_4.20;
T_4.18 ;
    %load/vec4 v000002277e9807a0_0;
    %store/vec4 v000002277e97fa80_0, 0, 32;
    %jmp T_4.20;
T_4.20 ;
    %pop/vec4 1;
    %jmp T_4;
    .thread T_4, $push;
    .scope S_000002277e981090;
T_5 ;
    %wait E_000002277e918e80;
    %load/vec4 v000002277e984690_0;
    %flag_set/vec4 8;
    %jmp/0xz  T_5.0, 8;
    %pushi/vec4 1, 0, 1;
    %store/vec4 v000002277e984730_0, 0, 1;
    %jmp T_5.1;
T_5.0 ;
    %load/vec4 v000002277e980840_0;
    %flag_set/vec4 8;
    %jmp/0xz  T_5.2, 8;
    %load/vec4 v000002277e9845f0_0;
    %dup/vec4;
    %pushi/vec4 0, 0, 3;
    %cmp/u;
    %jmp/1 T_5.4, 6;
    %dup/vec4;
    %pushi/vec4 1, 0, 3;
    %cmp/u;
    %jmp/1 T_5.5, 6;
    %dup/vec4;
    %pushi/vec4 2, 0, 3;
    %cmp/u;
    %jmp/1 T_5.6, 6;
    %dup/vec4;
    %pushi/vec4 3, 0, 3;
    %cmp/u;
    %jmp/1 T_5.7, 6;
    %dup/vec4;
    %pushi/vec4 4, 0, 3;
    %cmp/u;
    %jmp/1 T_5.8, 6;
    %dup/vec4;
    %pushi/vec4 7, 0, 3;
    %cmp/u;
    %jmp/1 T_5.9, 6;
    %pushi/vec4 0, 0, 1;
    %store/vec4 v000002277e984730_0, 0, 1;
    %jmp T_5.11;
T_5.4 ;
    %load/vec4 v000002277e9808e0_0;
    %load/vec4 v000002277e980ac0_0;
    %cmp/e;
    %jmp/0xz  T_5.12, 4;
    %pushi/vec4 1, 0, 1;
    %store/vec4 v000002277e984730_0, 0, 1;
T_5.12 ;
    %jmp T_5.11;
T_5.5 ;
    %load/vec4 v000002277e9808e0_0;
    %load/vec4 v000002277e980ac0_0;
    %cmp/ne;
    %jmp/0xz  T_5.14, 4;
    %pushi/vec4 1, 0, 1;
    %store/vec4 v000002277e984730_0, 0, 1;
T_5.14 ;
    %jmp T_5.11;
T_5.6 ;
    %load/vec4 v000002277e9808e0_0;
    %load/vec4 v000002277e980ac0_0;
    %cmp/s;
    %jmp/0xz  T_5.16, 5;
    %pushi/vec4 1, 0, 1;
    %store/vec4 v000002277e984730_0, 0, 1;
T_5.16 ;
    %jmp T_5.11;
T_5.7 ;
    %load/vec4 v000002277e980ac0_0;
    %load/vec4 v000002277e9808e0_0;
    %cmp/s;
    %flag_or 5, 4;
    %jmp/0xz  T_5.18, 5;
    %pushi/vec4 1, 0, 1;
    %store/vec4 v000002277e984730_0, 0, 1;
T_5.18 ;
    %jmp T_5.11;
T_5.8 ;
    %load/vec4 v000002277e9808e0_0;
    %load/vec4 v000002277e980ac0_0;
    %cmp/u;
    %jmp/0xz  T_5.20, 5;
    %pushi/vec4 1, 0, 1;
    %store/vec4 v000002277e984730_0, 0, 1;
T_5.20 ;
    %jmp T_5.11;
T_5.9 ;
    %load/vec4 v000002277e980ac0_0;
    %load/vec4 v000002277e9808e0_0;
    %cmp/u;
    %flag_or 5, 4;
    %jmp/0xz  T_5.22, 5;
    %pushi/vec4 1, 0, 1;
    %store/vec4 v000002277e984730_0, 0, 1;
T_5.22 ;
    %jmp T_5.11;
T_5.11 ;
    %pop/vec4 1;
    %jmp T_5.3;
T_5.2 ;
    %pushi/vec4 0, 0, 1;
    %store/vec4 v000002277e984730_0, 0, 1;
T_5.3 ;
T_5.1 ;
    %jmp T_5;
    .thread T_5, $push;
# The file index is used to find the file name in the following table.
:file_names 5;
    "N/A";
    "<interactive>";
    "./../../../ALU/ALU.v";
    "instruction_execution.v";
    "./../../../branch control/branch_control.v";
