#! /c/Source/iverilog-install/bin/vvp
:ivl_version "12.0 (devel)" "(s20150603-1539-g2693dd32b)";
:ivl_delay_selection "TYPICAL";
:vpi_time_precision - 10;
:vpi_module "F:\iverilog\lib\ivl\system.vpi";
:vpi_module "F:\iverilog\lib\ivl\vhdl_sys.vpi";
:vpi_module "F:\iverilog\lib\ivl\vhdl_textio.vpi";
:vpi_module "F:\iverilog\lib\ivl\v2005_math.vpi";
:vpi_module "F:\iverilog\lib\ivl\va_math.vpi";
S_000001cb35ec6930 .scope module, "Data_Memory" "Data_Memory" 2 11;
 .timescale -9 -10;
    .port_info 0 /INPUT 1 "clk";
    .port_info 1 /INPUT 1 "reset";
    .port_info 2 /INPUT 1 "mem_read";
    .port_info 3 /INPUT 1 "mem_write";
    .port_info 4 /INPUT 32 "mem_address";
    .port_info 5 /INPUT 32 "data_in";
    .port_info 6 /INPUT 3 "func3";
    .port_info 7 /OUTPUT 32 "data_out";
    .port_info 8 /OUTPUT 1 "busywait";
v000001cb35ea2e90_0 .var *"_ivl_3", 31 0; Local signal
v000001cb35ea2f30_0 .var *"_ivl_6", 31 0; Local signal
v000001cb35ea2fd0_0 .var "busywait", 0 0;
o000001cb35edd078 .functor BUFZ 1, C4<z>; HiZ drive
v000001cb35ea3070_0 .net "clk", 0 0, o000001cb35edd078;  0 drivers
o000001cb35edd0a8 .functor BUFZ 32, C4<zzzzzzzzzzzzzzzzzzzzzzzzzzzzzzzz>; HiZ drive
v000001cb35ea3110_0 .net "data_in", 31 0, o000001cb35edd0a8;  0 drivers
v000001cb35ed4290_0 .var "data_out", 31 0;
o000001cb35edd108 .functor BUFZ 3, C4<zzz>; HiZ drive
v000001cb35ed4330_0 .net "func3", 2 0, o000001cb35edd108;  0 drivers
v000001cb35ed43d0_0 .var/i "i", 31 0;
o000001cb35edd168 .functor BUFZ 32, C4<zzzzzzzzzzzzzzzzzzzzzzzzzzzzzzzz>; HiZ drive
v000001cb35ed4470_0 .net "mem_address", 31 0, o000001cb35edd168;  0 drivers
o000001cb35edd198 .functor BUFZ 1, C4<z>; HiZ drive
v000001cb35ed4510_0 .net "mem_read", 0 0, o000001cb35edd198;  0 drivers
v000001cb35f22140_0 .var "mem_read_access", 0 0;
o000001cb35edd1f8 .functor BUFZ 1, C4<z>; HiZ drive
v000001cb35f21b00_0 .net "mem_write", 0 0, o000001cb35edd1f8;  0 drivers
v000001cb35f21a60_0 .var "mem_write_access", 0 0;
v000001cb35f21ba0 .array "memory_array", 0 255, 31 0;
o000001cb35edd258 .functor BUFZ 1, C4<z>; HiZ drive
v000001cb35f21ec0_0 .net "reset", 0 0, o000001cb35edd258;  0 drivers
E_000001cb35e89b40 .event posedge, v000001cb35f21ec0_0;
E_000001cb35e8a000 .event posedge, v000001cb35ea3070_0;
E_000001cb35e89c00 .event anyedge, v000001cb35f21b00_0, v000001cb35ed4510_0;
S_000001cb35ea2d00 .scope task, "dump_memory" "dump_memory" 2 69, 2 69 0, S_000001cb35ec6930;
 .timescale -9 -10;
v000001cb35ea3380_0 .var/i "j", 31 0;
TD_Data_Memory.dump_memory ;
    %pushi/vec4 0, 0, 32;
    %store/vec4 v000001cb35ea3380_0, 0, 32;
T_0.0 ;
    %load/vec4 v000001cb35ea3380_0;
    %cmpi/s 256, 0, 32;
    %jmp/0xz T_0.1, 5;
    %vpi_call 2 73 "$display", "Memory[%0d] = %0d", v000001cb35ea3380_0, &A<v000001cb35f21ba0, v000001cb35ea3380_0 > {0 0 0};
    %load/vec4 v000001cb35ea3380_0;
    %addi 1, 0, 32;
    %store/vec4 v000001cb35ea3380_0, 0, 32;
    %jmp T_0.0;
T_0.1 ;
    %end;
    .scope S_000001cb35ec6930;
T_1 ;
    %wait E_000001cb35e89c00;
    %load/vec4 v000001cb35ed4510_0;
    %flag_set/vec4 8;
    %jmp/1 T_1.2, 8;
    %load/vec4 v000001cb35f21b00_0;
    %flag_set/vec4 9;
    %flag_or 8, 9;
T_1.2;
    %jmp/0 T_1.0, 8;
    %pushi/vec4 1, 0, 2;
    %jmp/1 T_1.1, 8;
T_1.0 ; End of true expr.
    %pushi/vec4 0, 0, 2;
    %jmp/0 T_1.1, 8;
 ; End of false expr.
    %blend;
T_1.1;
    %pad/s 1;
    %store/vec4 v000001cb35ea2fd0_0, 0, 1;
    %load/vec4 v000001cb35ed4510_0;
    %flag_set/vec4 9;
    %flag_get/vec4 9;
    %jmp/0 T_1.5, 9;
    %load/vec4 v000001cb35f21b00_0;
    %nor/r;
    %and;
T_1.5;
    %flag_set/vec4 8;
    %jmp/0 T_1.3, 8;
    %pushi/vec4 1, 0, 2;
    %jmp/1 T_1.4, 8;
T_1.3 ; End of true expr.
    %pushi/vec4 0, 0, 2;
    %jmp/0 T_1.4, 8;
 ; End of false expr.
    %blend;
T_1.4;
    %pad/s 1;
    %store/vec4 v000001cb35f22140_0, 0, 1;
    %load/vec4 v000001cb35ed4510_0;
    %nor/r;
    %flag_set/vec4 9;
    %flag_get/vec4 9;
    %jmp/0 T_1.8, 9;
    %load/vec4 v000001cb35f21b00_0;
    %and;
T_1.8;
    %flag_set/vec4 8;
    %jmp/0 T_1.6, 8;
    %pushi/vec4 1, 0, 2;
    %jmp/1 T_1.7, 8;
T_1.6 ; End of true expr.
    %pushi/vec4 0, 0, 2;
    %jmp/0 T_1.7, 8;
 ; End of false expr.
    %blend;
T_1.7;
    %pad/s 1;
    %store/vec4 v000001cb35f21a60_0, 0, 1;
    %jmp T_1;
    .thread T_1, $push;
    .scope S_000001cb35ec6930;
T_2 ;
    %wait E_000001cb35e8a000;
    %load/vec4 v000001cb35f22140_0;
    %flag_set/vec4 8;
    %jmp/0xz  T_2.0, 8;
    %ix/getv 4, v000001cb35ed4470_0;
    %load/vec4a v000001cb35f21ba0, 4;
    %store/vec4 v000001cb35ea2e90_0, 0, 32;
    %pushi/vec4 100, 0, 64;
    %ix/vec4 4;
    %delayx 4;
    %load/vec4 v000001cb35ea2e90_0;
    %store/vec4 v000001cb35ed4290_0, 0, 32;
    %pushi/vec4 0, 0, 1;
    %store/vec4 v000001cb35ea2fd0_0, 0, 1;
    %pushi/vec4 0, 0, 1;
    %store/vec4 v000001cb35f22140_0, 0, 1;
T_2.0 ;
    %jmp T_2;
    .thread T_2;
    .scope S_000001cb35ec6930;
T_3 ;
    %wait E_000001cb35e8a000;
    %load/vec4 v000001cb35f21a60_0;
    %flag_set/vec4 8;
    %jmp/0xz  T_3.0, 8;
    %load/vec4 v000001cb35ea3110_0;
    %store/vec4 v000001cb35ea2f30_0, 0, 32;
    %pushi/vec4 100, 0, 64;
    %ix/vec4 4;
    %delayx 4;
    %load/vec4 v000001cb35ea2f30_0;
    %ix/getv 4, v000001cb35ed4470_0;
    %store/vec4a v000001cb35f21ba0, 4, 0;
    %pushi/vec4 0, 0, 1;
    %store/vec4 v000001cb35ea2fd0_0, 0, 1;
    %pushi/vec4 0, 0, 1;
    %store/vec4 v000001cb35f21a60_0, 0, 1;
T_3.0 ;
    %jmp T_3;
    .thread T_3;
    .scope S_000001cb35ec6930;
T_4 ;
    %wait E_000001cb35e89b40;
    %load/vec4 v000001cb35f21ec0_0;
    %flag_set/vec4 8;
    %jmp/0xz  T_4.0, 8;
    %pushi/vec4 0, 0, 32;
    %store/vec4 v000001cb35ed43d0_0, 0, 32;
T_4.2 ;
    %load/vec4 v000001cb35ed43d0_0;
    %cmpi/s 256, 0, 32;
    %jmp/0xz T_4.3, 5;
    %pushi/vec4 0, 0, 32;
    %ix/getv/s 4, v000001cb35ed43d0_0;
    %store/vec4a v000001cb35f21ba0, 4, 0;
    %load/vec4 v000001cb35ed43d0_0;
    %addi 1, 0, 32;
    %store/vec4 v000001cb35ed43d0_0, 0, 32;
    %jmp T_4.2;
T_4.3 ;
    %pushi/vec4 0, 0, 1;
    %store/vec4 v000001cb35ea2fd0_0, 0, 1;
    %pushi/vec4 0, 0, 1;
    %store/vec4 v000001cb35f22140_0, 0, 1;
    %pushi/vec4 0, 0, 1;
    %store/vec4 v000001cb35f21a60_0, 0, 1;
T_4.0 ;
    %jmp T_4;
    .thread T_4;
    .scope S_000001cb35ec6930;
T_5 ;
    %vpi_call 2 79 "$dumpfile", "DataMemory_wavedata.vcd" {0 0 0};
    %vpi_call 2 80 "$dumpvars", 32'sb00000000000000000000000000000001, v000001cb35ea3070_0, v000001cb35f21ec0_0, v000001cb35ed4510_0, v000001cb35f21b00_0, v000001cb35ed4470_0, v000001cb35ea3110_0, v000001cb35ed4290_0, v000001cb35ea2fd0_0 {0 0 0};
    %end;
    .thread T_5;
# The file index is used to find the file name in the following table.
:file_names 3;
    "N/A";
    "<interactive>";
    "Data_Memory.v";
