#! /c/Source/iverilog-install/bin/vvp
:ivl_version "12.0 (devel)" "(s20150603-1539-g2693dd32b)";
:ivl_delay_selection "TYPICAL";
:vpi_time_precision - 10;
:vpi_module "D:\verilog\iverilog\lib\ivl\system.vpi";
:vpi_module "D:\verilog\iverilog\lib\ivl\vhdl_sys.vpi";
:vpi_module "D:\verilog\iverilog\lib\ivl\vhdl_textio.vpi";
:vpi_module "D:\verilog\iverilog\lib\ivl\v2005_math.vpi";
:vpi_module "D:\verilog\iverilog\lib\ivl\va_math.vpi";
S_0000023b4602be00 .scope module, "EX_MA_register" "EX_MA_register" 2 9;
 .timescale -9 -10;
    .port_info 0 /INPUT 1 "CLK";
    .port_info 1 /INPUT 1 "mem_write";
    .port_info 2 /INPUT 1 "mem_read";
    .port_info 3 /INPUT 1 "MUX3_select";
    .port_info 4 /INPUT 1 "regwrite_enable";
    .port_info 5 /INPUT 32 "ALU_out";
    .port_info 6 /INPUT 32 "DATA_2";
    .port_info 7 /INPUT 3 "func_3";
    .port_info 8 /INPUT 5 "rd";
    .port_info 9 /OUTPUT 1 "mem_write_out";
    .port_info 10 /OUTPUT 1 "mem_read_out";
    .port_info 11 /OUTPUT 1 "MUX3_select_out";
    .port_info 12 /OUTPUT 1 "regwrite_enable_out";
    .port_info 13 /OUTPUT 32 "ALU_out_out";
    .port_info 14 /OUTPUT 32 "DATA_2_out";
    .port_info 15 /OUTPUT 3 "func_3_out";
    .port_info 16 /OUTPUT 5 "rd_out";
o0000023b46076fd8 .functor BUFZ 32, C4<zzzzzzzzzzzzzzzzzzzzzzzzzzzzzzzz>; HiZ drive
v0000023b46026da0_0 .net "ALU_out", 31 0, o0000023b46076fd8;  0 drivers
v0000023b46026740_0 .var "ALU_out_out", 31 0;
o0000023b46077038 .functor BUFZ 1, C4<z>; HiZ drive
v0000023b460267e0_0 .net "CLK", 0 0, o0000023b46077038;  0 drivers
o0000023b46077068 .functor BUFZ 32, C4<zzzzzzzzzzzzzzzzzzzzzzzzzzzzzzzz>; HiZ drive
v0000023b46026880_0 .net "DATA_2", 31 0, o0000023b46077068;  0 drivers
v0000023b46026920_0 .var "DATA_2_out", 31 0;
o0000023b460770c8 .functor BUFZ 1, C4<z>; HiZ drive
v0000023b460269c0_0 .net "MUX3_select", 0 0, o0000023b460770c8;  0 drivers
v0000023b46026a60_0 .var "MUX3_select_out", 0 0;
o0000023b46077128 .functor BUFZ 3, C4<zzz>; HiZ drive
v0000023b46026b00_0 .net "func_3", 2 0, o0000023b46077128;  0 drivers
v0000023b46074610_0 .var "func_3_out", 2 0;
o0000023b46077188 .functor BUFZ 1, C4<z>; HiZ drive
v0000023b46074740_0 .net "mem_read", 0 0, o0000023b46077188;  0 drivers
v0000023b460747e0_0 .var "mem_read_out", 0 0;
o0000023b460771e8 .functor BUFZ 1, C4<z>; HiZ drive
v0000023b46074880_0 .net "mem_write", 0 0, o0000023b460771e8;  0 drivers
v0000023b46074920_0 .var "mem_write_out", 0 0;
o0000023b46077248 .functor BUFZ 5, C4<zzzzz>; HiZ drive
v0000023b460749c0_0 .net "rd", 4 0, o0000023b46077248;  0 drivers
v0000023b46074a60_0 .var "rd_out", 4 0;
o0000023b460772a8 .functor BUFZ 1, C4<z>; HiZ drive
v0000023b46074b00_0 .net "regwrite_enable", 0 0, o0000023b460772a8;  0 drivers
v0000023b460b9930_0 .var "regwrite_enable_out", 0 0;
E_0000023b46028730 .event posedge, v0000023b460267e0_0;
    .scope S_0000023b4602be00;
T_0 ;
    %wait E_0000023b46028730;
    %load/vec4 v0000023b46074880_0;
    %assign/vec4 v0000023b46074920_0, 0;
    %load/vec4 v0000023b46074740_0;
    %assign/vec4 v0000023b460747e0_0, 0;
    %load/vec4 v0000023b460269c0_0;
    %assign/vec4 v0000023b46026a60_0, 0;
    %load/vec4 v0000023b46074b00_0;
    %assign/vec4 v0000023b460b9930_0, 0;
    %load/vec4 v0000023b46026da0_0;
    %assign/vec4 v0000023b46026740_0, 0;
    %load/vec4 v0000023b46026880_0;
    %assign/vec4 v0000023b46026920_0, 0;
    %load/vec4 v0000023b46026b00_0;
    %assign/vec4 v0000023b46074610_0, 0;
    %load/vec4 v0000023b460749c0_0;
    %assign/vec4 v0000023b46074a60_0, 0;
    %jmp T_0;
    .thread T_0;
# The file index is used to find the file name in the following table.
:file_names 3;
    "N/A";
    "<interactive>";
    "EX_MA.v";
