#! /c/Source/iverilog-install/bin/vvp
:ivl_version "12.0 (devel)" "(s20150603-1539-g2693dd32b)";
:ivl_delay_selection "TYPICAL";
:vpi_time_precision + 0;
:vpi_module "D:\verilog\iverilog\lib\ivl\system.vpi";
:vpi_module "D:\verilog\iverilog\lib\ivl\vhdl_sys.vpi";
:vpi_module "D:\verilog\iverilog\lib\ivl\vhdl_textio.vpi";
:vpi_module "D:\verilog\iverilog\lib\ivl\v2005_math.vpi";
:vpi_module "D:\verilog\iverilog\lib\ivl\va_math.vpi";
S_0000025c46e4bd10 .scope module, "register_file" "register_file" 2 1;
 .timescale 0 0;
    .port_info 0 /OUTPUT 32 "data1";
    .port_info 1 /OUTPUT 32 "data2";
    .port_info 2 /INPUT 5 "addr1";
    .port_info 3 /INPUT 5 "addr2";
    .port_info 4 /INPUT 1 "write_enable";
    .port_info 5 /INPUT 1 "clk";
    .port_info 6 /INPUT 32 "reg_write_data";
    .port_info 7 /INPUT 1 "reset";
    .port_info 8 /INPUT 5 "write_reg_addr";
L_0000025c46e46d70 .functor BUFZ 32, L_0000025c46eeb840, C4<00000000000000000000000000000000>, C4<00000000000000000000000000000000>, C4<00000000000000000000000000000000>;
L_0000025c46f33f20 .functor BUFZ 32, L_0000025c46eeb660, C4<00000000000000000000000000000000>, C4<00000000000000000000000000000000>, C4<00000000000000000000000000000000>;
o0000025c46e9dfd8 .functor BUFZ 1, C4<z>; HiZ drive
v0000025c46e4bf40_0 .net "R", 0 0, o0000025c46e9dfd8;  0 drivers
v0000025c46eea850_0 .net *"_ivl_0", 31 0, L_0000025c46eeb840;  1 drivers
v0000025c46eea8f0_0 .net *"_ivl_10", 6 0, L_0000025c46eebca0;  1 drivers
L_0000025c46eebf60 .functor BUFT 1, C4<00>, C4<0>, C4<0>, C4<0>;
v0000025c46eea990_0 .net *"_ivl_13", 1 0, L_0000025c46eebf60;  1 drivers
v0000025c46eeaa30_0 .net *"_ivl_2", 6 0, L_0000025c46eeaf80;  1 drivers
L_0000025c46eebf18 .functor BUFT 1, C4<00>, C4<0>, C4<0>, C4<0>;
v0000025c46eeaad0_0 .net *"_ivl_5", 1 0, L_0000025c46eebf18;  1 drivers
v0000025c46eeab70_0 .net *"_ivl_8", 31 0, L_0000025c46eeb660;  1 drivers
o0000025c46e9e128 .functor BUFZ 5, C4<zzzzz>; HiZ drive
v0000025c46eeac10_0 .net "addr1", 4 0, o0000025c46e9e128;  0 drivers
o0000025c46e9e158 .functor BUFZ 5, C4<zzzzz>; HiZ drive
v0000025c46eeacb0_0 .net "addr2", 4 0, o0000025c46e9e158;  0 drivers
o0000025c46e9e188 .functor BUFZ 1, C4<z>; HiZ drive
v0000025c46eead50_0 .net "clk", 0 0, o0000025c46e9e188;  0 drivers
v0000025c46eeb480_0 .net "data1", 31 0, L_0000025c46e46d70;  1 drivers
v0000025c46eeb160_0 .net "data2", 31 0, L_0000025c46f33f20;  1 drivers
o0000025c46e9e218 .functor BUFZ 32, C4<zzzzzzzzzzzzzzzzzzzzzzzzzzzzzzzz>; HiZ drive
v0000025c46eeb7a0_0 .net "reg_write_data", 31 0, o0000025c46e9e218;  0 drivers
v0000025c46eeb340 .array "register", 0 31, 31 0;
o0000025c46e9e248 .functor BUFZ 1, C4<z>; HiZ drive
v0000025c46eeae40_0 .net "reset", 0 0, o0000025c46e9e248;  0 drivers
o0000025c46e9e278 .functor BUFZ 1, C4<z>; HiZ drive
v0000025c46eeaee0_0 .net "write_enable", 0 0, o0000025c46e9e278;  0 drivers
o0000025c46e9e2a8 .functor BUFZ 5, C4<zzzzz>; HiZ drive
v0000025c46eeb8e0_0 .net "write_reg_addr", 4 0, o0000025c46e9e2a8;  0 drivers
E_0000025c46e88f70 .event posedge, v0000025c46eead50_0;
L_0000025c46eeb840 .array/port v0000025c46eeb340, L_0000025c46eeaf80;
L_0000025c46eeaf80 .concat [ 5 2 0 0], o0000025c46e9e128, L_0000025c46eebf18;
L_0000025c46eeb660 .array/port v0000025c46eeb340, L_0000025c46eebca0;
L_0000025c46eebca0 .concat [ 5 2 0 0], o0000025c46e9e158, L_0000025c46eebf60;
    .scope S_0000025c46e4bd10;
T_0 ;
    %wait E_0000025c46e88f70;
    %load/vec4 v0000025c46eeae40_0;
    %pad/u 32;
    %cmpi/e 1, 0, 32;
    %jmp/0xz  T_0.0, 4;
    %pushi/vec4 0, 0, 32;
    %ix/load 3, 0, 0;
    %flag_set/imm 4, 0;
    %ix/load 4, 0, 0; Constant delay
    %assign/vec4/a/d v0000025c46eeb340, 0, 4;
    %pushi/vec4 0, 0, 32;
    %ix/load 3, 1, 0;
    %flag_set/imm 4, 0;
    %ix/load 4, 0, 0; Constant delay
    %assign/vec4/a/d v0000025c46eeb340, 0, 4;
    %pushi/vec4 0, 0, 32;
    %ix/load 3, 2, 0;
    %flag_set/imm 4, 0;
    %ix/load 4, 0, 0; Constant delay
    %assign/vec4/a/d v0000025c46eeb340, 0, 4;
    %pushi/vec4 0, 0, 32;
    %ix/load 3, 3, 0;
    %flag_set/imm 4, 0;
    %ix/load 4, 0, 0; Constant delay
    %assign/vec4/a/d v0000025c46eeb340, 0, 4;
    %pushi/vec4 0, 0, 32;
    %ix/load 3, 4, 0;
    %flag_set/imm 4, 0;
    %ix/load 4, 0, 0; Constant delay
    %assign/vec4/a/d v0000025c46eeb340, 0, 4;
    %pushi/vec4 0, 0, 32;
    %ix/load 3, 5, 0;
    %flag_set/imm 4, 0;
    %ix/load 4, 0, 0; Constant delay
    %assign/vec4/a/d v0000025c46eeb340, 0, 4;
    %pushi/vec4 0, 0, 32;
    %ix/load 3, 6, 0;
    %flag_set/imm 4, 0;
    %ix/load 4, 0, 0; Constant delay
    %assign/vec4/a/d v0000025c46eeb340, 0, 4;
    %pushi/vec4 0, 0, 32;
    %ix/load 3, 7, 0;
    %flag_set/imm 4, 0;
    %ix/load 4, 0, 0; Constant delay
    %assign/vec4/a/d v0000025c46eeb340, 0, 4;
    %pushi/vec4 0, 0, 32;
    %ix/load 3, 8, 0;
    %flag_set/imm 4, 0;
    %ix/load 4, 0, 0; Constant delay
    %assign/vec4/a/d v0000025c46eeb340, 0, 4;
    %pushi/vec4 0, 0, 32;
    %ix/load 3, 9, 0;
    %flag_set/imm 4, 0;
    %ix/load 4, 0, 0; Constant delay
    %assign/vec4/a/d v0000025c46eeb340, 0, 4;
    %pushi/vec4 0, 0, 32;
    %ix/load 3, 10, 0;
    %flag_set/imm 4, 0;
    %ix/load 4, 0, 0; Constant delay
    %assign/vec4/a/d v0000025c46eeb340, 0, 4;
    %pushi/vec4 0, 0, 32;
    %ix/load 3, 11, 0;
    %flag_set/imm 4, 0;
    %ix/load 4, 0, 0; Constant delay
    %assign/vec4/a/d v0000025c46eeb340, 0, 4;
    %pushi/vec4 0, 0, 32;
    %ix/load 3, 12, 0;
    %flag_set/imm 4, 0;
    %ix/load 4, 0, 0; Constant delay
    %assign/vec4/a/d v0000025c46eeb340, 0, 4;
    %pushi/vec4 0, 0, 32;
    %ix/load 3, 13, 0;
    %flag_set/imm 4, 0;
    %ix/load 4, 0, 0; Constant delay
    %assign/vec4/a/d v0000025c46eeb340, 0, 4;
    %pushi/vec4 0, 0, 32;
    %ix/load 3, 14, 0;
    %flag_set/imm 4, 0;
    %ix/load 4, 0, 0; Constant delay
    %assign/vec4/a/d v0000025c46eeb340, 0, 4;
    %pushi/vec4 0, 0, 32;
    %ix/load 3, 15, 0;
    %flag_set/imm 4, 0;
    %ix/load 4, 0, 0; Constant delay
    %assign/vec4/a/d v0000025c46eeb340, 0, 4;
    %pushi/vec4 0, 0, 32;
    %ix/load 3, 16, 0;
    %flag_set/imm 4, 0;
    %ix/load 4, 0, 0; Constant delay
    %assign/vec4/a/d v0000025c46eeb340, 0, 4;
    %pushi/vec4 0, 0, 32;
    %ix/load 3, 17, 0;
    %flag_set/imm 4, 0;
    %ix/load 4, 0, 0; Constant delay
    %assign/vec4/a/d v0000025c46eeb340, 0, 4;
    %pushi/vec4 0, 0, 32;
    %ix/load 3, 18, 0;
    %flag_set/imm 4, 0;
    %ix/load 4, 0, 0; Constant delay
    %assign/vec4/a/d v0000025c46eeb340, 0, 4;
    %pushi/vec4 0, 0, 32;
    %ix/load 3, 19, 0;
    %flag_set/imm 4, 0;
    %ix/load 4, 0, 0; Constant delay
    %assign/vec4/a/d v0000025c46eeb340, 0, 4;
    %pushi/vec4 0, 0, 32;
    %ix/load 3, 20, 0;
    %flag_set/imm 4, 0;
    %ix/load 4, 0, 0; Constant delay
    %assign/vec4/a/d v0000025c46eeb340, 0, 4;
    %pushi/vec4 0, 0, 32;
    %ix/load 3, 21, 0;
    %flag_set/imm 4, 0;
    %ix/load 4, 0, 0; Constant delay
    %assign/vec4/a/d v0000025c46eeb340, 0, 4;
    %pushi/vec4 0, 0, 32;
    %ix/load 3, 22, 0;
    %flag_set/imm 4, 0;
    %ix/load 4, 0, 0; Constant delay
    %assign/vec4/a/d v0000025c46eeb340, 0, 4;
    %pushi/vec4 0, 0, 32;
    %ix/load 3, 23, 0;
    %flag_set/imm 4, 0;
    %ix/load 4, 0, 0; Constant delay
    %assign/vec4/a/d v0000025c46eeb340, 0, 4;
    %pushi/vec4 0, 0, 32;
    %ix/load 3, 24, 0;
    %flag_set/imm 4, 0;
    %ix/load 4, 0, 0; Constant delay
    %assign/vec4/a/d v0000025c46eeb340, 0, 4;
    %pushi/vec4 0, 0, 32;
    %ix/load 3, 25, 0;
    %flag_set/imm 4, 0;
    %ix/load 4, 0, 0; Constant delay
    %assign/vec4/a/d v0000025c46eeb340, 0, 4;
    %pushi/vec4 0, 0, 32;
    %ix/load 3, 26, 0;
    %flag_set/imm 4, 0;
    %ix/load 4, 0, 0; Constant delay
    %assign/vec4/a/d v0000025c46eeb340, 0, 4;
    %pushi/vec4 0, 0, 32;
    %ix/load 3, 27, 0;
    %flag_set/imm 4, 0;
    %ix/load 4, 0, 0; Constant delay
    %assign/vec4/a/d v0000025c46eeb340, 0, 4;
    %pushi/vec4 0, 0, 32;
    %ix/load 3, 28, 0;
    %flag_set/imm 4, 0;
    %ix/load 4, 0, 0; Constant delay
    %assign/vec4/a/d v0000025c46eeb340, 0, 4;
    %pushi/vec4 0, 0, 32;
    %ix/load 3, 29, 0;
    %flag_set/imm 4, 0;
    %ix/load 4, 0, 0; Constant delay
    %assign/vec4/a/d v0000025c46eeb340, 0, 4;
    %pushi/vec4 0, 0, 32;
    %ix/load 3, 30, 0;
    %flag_set/imm 4, 0;
    %ix/load 4, 0, 0; Constant delay
    %assign/vec4/a/d v0000025c46eeb340, 0, 4;
    %pushi/vec4 0, 0, 32;
    %ix/load 3, 31, 0;
    %flag_set/imm 4, 0;
    %ix/load 4, 0, 0; Constant delay
    %assign/vec4/a/d v0000025c46eeb340, 0, 4;
    %jmp T_0.1;
T_0.0 ;
    %load/vec4 v0000025c46eeaee0_0;
    %pad/u 32;
    %cmpi/e 1, 0, 32;
    %jmp/0xz  T_0.2, 4;
    %load/vec4 v0000025c46eeb7a0_0;
    %load/vec4 v0000025c46eeb8e0_0;
    %pad/u 7;
    %ix/vec4 3;
    %ix/load 4, 0, 0; Constant delay
    %assign/vec4/a/d v0000025c46eeb340, 0, 4;
T_0.2 ;
T_0.1 ;
    %jmp T_0;
    .thread T_0;
# The file index is used to find the file name in the following table.
:file_names 3;
    "N/A";
    "<interactive>";
    "register.v";
