#! /c/Source/iverilog-install/bin/vvp
:ivl_version "12.0 (devel)" "(s20150603-1539-g2693dd32b)";
:ivl_delay_selection "TYPICAL";
:vpi_time_precision + 0;
:vpi_module "F:\iverilog\lib\ivl\system.vpi";
:vpi_module "F:\iverilog\lib\ivl\vhdl_sys.vpi";
:vpi_module "F:\iverilog\lib\ivl\vhdl_textio.vpi";
:vpi_module "F:\iverilog\lib\ivl\v2005_math.vpi";
:vpi_module "F:\iverilog\lib\ivl\va_math.vpi";
S_0000013c8c862df0 .scope module, "PipelineHazardUnit" "PipelineHazardUnit" 2 36;
 .timescale 0 0;
    .port_info 0 /INPUT 5 "Rs1_E";
    .port_info 1 /INPUT 5 "Rs2_E";
    .port_info 2 /INPUT 5 "RD_M";
    .port_info 3 /INPUT 5 "RD_WB";
    .port_info 4 /INPUT 1 "RegWrite_M";
    .port_info 5 /INPUT 1 "RegWrite_WB";
    .port_info 6 /INPUT 1 "MemRead_M";
    .port_info 7 /OUTPUT 2 "ForwardA";
    .port_info 8 /OUTPUT 2 "ForwardB";
    .port_info 9 /OUTPUT 1 "Stall";
v0000013c8c8634d0_0 .var "ForwardA", 1 0;
v0000013c8c863030_0 .var "ForwardB", 1 0;
o0000013c8c898fc8 .functor BUFZ 1, C4<z>; HiZ drive
v0000013c8c8630d0_0 .net "MemRead_M", 0 0, o0000013c8c898fc8;  0 drivers
o0000013c8c898ff8 .functor BUFZ 5, C4<zzzzz>; HiZ drive
v0000013c8c9dba00_0 .net "RD_M", 4 0, o0000013c8c898ff8;  0 drivers
o0000013c8c899028 .functor BUFZ 5, C4<zzzzz>; HiZ drive
v0000013c8c9dbaa0_0 .net "RD_WB", 4 0, o0000013c8c899028;  0 drivers
o0000013c8c899058 .functor BUFZ 1, C4<z>; HiZ drive
v0000013c8c9dbb40_0 .net "RegWrite_M", 0 0, o0000013c8c899058;  0 drivers
o0000013c8c899088 .functor BUFZ 1, C4<z>; HiZ drive
v0000013c8c9dbbe0_0 .net "RegWrite_WB", 0 0, o0000013c8c899088;  0 drivers
o0000013c8c8990b8 .functor BUFZ 5, C4<zzzzz>; HiZ drive
v0000013c8c9dbc80_0 .net "Rs1_E", 4 0, o0000013c8c8990b8;  0 drivers
o0000013c8c8990e8 .functor BUFZ 5, C4<zzzzz>; HiZ drive
v0000013c8c9dbd20_0 .net "Rs2_E", 4 0, o0000013c8c8990e8;  0 drivers
v0000013c8c8930e0_0 .var "Stall", 0 0;
E_0000013c8c9d8c90/0 .event anyedge, v0000013c8c9dbb40_0, v0000013c8c9dba00_0, v0000013c8c9dbc80_0, v0000013c8c9dbd20_0;
E_0000013c8c9d8c90/1 .event anyedge, v0000013c8c9dbbe0_0, v0000013c8c9dbaa0_0, v0000013c8c8630d0_0;
E_0000013c8c9d8c90 .event/or E_0000013c8c9d8c90/0, E_0000013c8c9d8c90/1;
    .scope S_0000013c8c862df0;
T_0 ;
    %wait E_0000013c8c9d8c90;
    %pushi/vec4 0, 0, 2;
    %store/vec4 v0000013c8c8634d0_0, 0, 2;
    %pushi/vec4 0, 0, 2;
    %store/vec4 v0000013c8c863030_0, 0, 2;
    %pushi/vec4 0, 0, 1;
    %store/vec4 v0000013c8c8930e0_0, 0, 1;
    %load/vec4 v0000013c8c9dbb40_0;
    %flag_set/vec4 9;
    %flag_get/vec4 9;
    %jmp/0 T_0.2, 9;
    %load/vec4 v0000013c8c9dba00_0;
    %pad/u 32;
    %pushi/vec4 0, 0, 32;
    %cmp/ne;
    %flag_get/vec4 4;
    %and;
T_0.2;
    %flag_set/vec4 8;
    %jmp/0xz  T_0.0, 8;
    %load/vec4 v0000013c8c9dba00_0;
    %load/vec4 v0000013c8c9dbc80_0;
    %cmp/e;
    %jmp/0xz  T_0.3, 4;
    %pushi/vec4 2, 0, 2;
    %store/vec4 v0000013c8c8634d0_0, 0, 2;
T_0.3 ;
    %load/vec4 v0000013c8c9dba00_0;
    %load/vec4 v0000013c8c9dbd20_0;
    %cmp/e;
    %jmp/0xz  T_0.5, 4;
    %pushi/vec4 2, 0, 2;
    %store/vec4 v0000013c8c863030_0, 0, 2;
T_0.5 ;
T_0.0 ;
    %load/vec4 v0000013c8c9dbbe0_0;
    %flag_set/vec4 9;
    %flag_get/vec4 9;
    %jmp/0 T_0.9, 9;
    %load/vec4 v0000013c8c9dbaa0_0;
    %pad/u 32;
    %pushi/vec4 0, 0, 32;
    %cmp/ne;
    %flag_get/vec4 4;
    %and;
T_0.9;
    %flag_set/vec4 8;
    %jmp/0xz  T_0.7, 8;
    %load/vec4 v0000013c8c9dbaa0_0;
    %load/vec4 v0000013c8c9dbc80_0;
    %cmp/e;
    %flag_get/vec4 4;
    %jmp/0 T_0.12, 4;
    %load/vec4 v0000013c8c9dbb40_0;
    %flag_set/vec4 9;
    %flag_get/vec4 9;
    %jmp/0 T_0.13, 9;
    %load/vec4 v0000013c8c9dba00_0;
    %load/vec4 v0000013c8c9dbc80_0;
    %cmp/e;
    %flag_get/vec4 4;
    %and;
T_0.13;
    %nor/r;
    %and;
T_0.12;
    %flag_set/vec4 8;
    %jmp/0xz  T_0.10, 8;
    %pushi/vec4 1, 0, 2;
    %store/vec4 v0000013c8c8634d0_0, 0, 2;
T_0.10 ;
    %load/vec4 v0000013c8c9dbaa0_0;
    %load/vec4 v0000013c8c9dbd20_0;
    %cmp/e;
    %flag_get/vec4 4;
    %jmp/0 T_0.16, 4;
    %load/vec4 v0000013c8c9dbb40_0;
    %flag_set/vec4 9;
    %flag_get/vec4 9;
    %jmp/0 T_0.17, 9;
    %load/vec4 v0000013c8c9dba00_0;
    %load/vec4 v0000013c8c9dbd20_0;
    %cmp/e;
    %flag_get/vec4 4;
    %and;
T_0.17;
    %nor/r;
    %and;
T_0.16;
    %flag_set/vec4 8;
    %jmp/0xz  T_0.14, 8;
    %pushi/vec4 1, 0, 2;
    %store/vec4 v0000013c8c863030_0, 0, 2;
T_0.14 ;
T_0.7 ;
    %load/vec4 v0000013c8c8630d0_0;
    %flag_set/vec4 9;
    %flag_get/vec4 9;
    %jmp/0 T_0.20, 9;
    %load/vec4 v0000013c8c9dba00_0;
    %load/vec4 v0000013c8c9dbc80_0;
    %cmp/e;
    %flag_get/vec4 4;
    %jmp/1 T_0.21, 4;
    %load/vec4 v0000013c8c9dba00_0;
    %load/vec4 v0000013c8c9dbd20_0;
    %cmp/e;
    %flag_get/vec4 4;
    %or;
T_0.21;
    %and;
T_0.20;
    %flag_set/vec4 8;
    %jmp/0xz  T_0.18, 8;
    %pushi/vec4 1, 0, 1;
    %store/vec4 v0000013c8c8930e0_0, 0, 1;
T_0.18 ;
    %jmp T_0;
    .thread T_0, $push;
# The file index is used to find the file name in the following table.
:file_names 3;
    "N/A";
    "<interactive>";
    "hazardUnit.v";
