#! /c/Source/iverilog-install/bin/vvp
:ivl_version "12.0 (devel)" "(s20150603-1539-g2693dd32b)";
:ivl_delay_selection "TYPICAL";
:vpi_time_precision + 0;
:vpi_module "F:\iverilog\lib\ivl\system.vpi";
:vpi_module "F:\iverilog\lib\ivl\vhdl_sys.vpi";
:vpi_module "F:\iverilog\lib\ivl\vhdl_textio.vpi";
:vpi_module "F:\iverilog\lib\ivl\v2005_math.vpi";
:vpi_module "F:\iverilog\lib\ivl\va_math.vpi";
S_000002b9988a2ce0 .scope module, "load_use_hazardUnit" "load_use_hazardUnit" 2 1;
 .timescale 0 0;
    .port_info 0 /INPUT 1 "CLK";
    .port_info 1 /INPUT 1 "RESET";
    .port_info 2 /INPUT 1 "Load_signal";
    .port_info 3 /INPUT 5 "rd_out";
    .port_info 4 /INPUT 5 "addr1";
    .port_info 5 /INPUT 5 "addr2";
    .port_info 6 /OUTPUT 1 "stall_signal";
    .port_info 7 /OUTPUT 1 "forward_from_wb_to_rs1";
    .port_info 8 /OUTPUT 1 "forward_from_wb_to_rs2";
o000002b9988d90f8 .functor BUFZ 5, C4<zzzzz>; HiZ drive
o000002b9988d9278 .functor BUFZ 5, C4<zzzzz>; HiZ drive
L_000002b9988a37a0 .functor XOR 5, o000002b9988d90f8, o000002b9988d9278, C4<00000>, C4<00000>;
L_000002b9988a3560 .functor NOT 5, L_000002b9988a37a0, C4<00000>, C4<00000>, C4<00000>;
o000002b9988d9188 .functor BUFZ 5, C4<zzzzz>; HiZ drive
L_000002b9988d3960 .functor XOR 5, o000002b9988d9188, o000002b9988d9278, C4<00000>, C4<00000>;
L_000002b9988d3570 .functor NOT 5, L_000002b9988d3960, C4<00000>, C4<00000>, C4<00000>;
L_000002b9988d3b90 .functor OR 1, L_000002b99891e520, L_000002b99891db20, C4<0>, C4<0>;
o000002b9988d9008 .functor BUFZ 1, C4<z>; HiZ drive
L_000002b9988d3730 .functor AND 1, o000002b9988d9008, L_000002b9988d3b90, C4<1>, C4<1>;
o000002b9988d8fd8 .functor BUFZ 1, C4<z>; HiZ drive
v000002b9988a2e70_0 .net "CLK", 0 0, o000002b9988d8fd8;  0 drivers
v000002b9988a2f10_0 .net "Load_signal", 0 0, o000002b9988d9008;  0 drivers
o000002b9988d9038 .functor BUFZ 1, C4<z>; HiZ drive
v000002b9988a2fb0_0 .net "RESET", 0 0, o000002b9988d9038;  0 drivers
v000002b9988a3050_0 .net *"_ivl_0", 4 0, L_000002b9988a37a0;  1 drivers
v000002b99891d850_0 .net *"_ivl_12", 0 0, L_000002b9988d3b90;  1 drivers
v000002b99891d8f0_0 .net *"_ivl_4", 4 0, L_000002b9988d3960;  1 drivers
v000002b99891d990_0 .net "addr1", 4 0, o000002b9988d90f8;  0 drivers
v000002b99891e8e0_0 .net "addr1_comparing_wire", 0 0, L_000002b99891e520;  1 drivers
v000002b99891de40_0 .net "addr1_xnor_wire", 4 0, L_000002b9988a3560;  1 drivers
v000002b99891e840_0 .net "addr2", 4 0, o000002b9988d9188;  0 drivers
v000002b99891e0c0_0 .net "addr2_comparing_wire", 0 0, L_000002b99891db20;  1 drivers
v000002b99891e7a0_0 .net "addr2_xnor_wire", 4 0, L_000002b9988d3570;  1 drivers
v000002b99891e980_0 .var "forward_from_wb_to_rs1", 0 0;
v000002b99891dee0_0 .var "forward_from_wb_to_rs2", 0 0;
v000002b99891e480_0 .net "rd_out", 4 0, o000002b9988d9278;  0 drivers
v000002b99891da80_0 .var "stall_signal", 0 0;
v000002b99891e3e0_0 .net "stall_signal_wire", 0 0, L_000002b9988d3730;  1 drivers
E_000002b9989b8f20 .event posedge, v000002b9988a2fb0_0;
E_000002b9989b9420 .event posedge, v000002b9988a2e70_0;
L_000002b99891e520 .reduce/and L_000002b9988a3560;
L_000002b99891db20 .reduce/and L_000002b9988d3570;
    .scope S_000002b9988a2ce0;
T_0 ;
    %wait E_000002b9989b9420;
    %load/vec4 v000002b9988a2f10_0;
    %flag_set/vec4 8;
    %jmp/0xz  T_0.0, 8;
    %load/vec4 v000002b99891e8e0_0;
    %store/vec4 v000002b99891e980_0, 0, 1;
    %load/vec4 v000002b99891e0c0_0;
    %store/vec4 v000002b99891dee0_0, 0, 1;
    %load/vec4 v000002b99891e3e0_0;
    %store/vec4 v000002b99891da80_0, 0, 1;
    %jmp T_0.1;
T_0.0 ;
    %pushi/vec4 0, 0, 1;
    %store/vec4 v000002b99891e980_0, 0, 1;
    %pushi/vec4 0, 0, 1;
    %store/vec4 v000002b99891dee0_0, 0, 1;
    %pushi/vec4 0, 0, 1;
    %store/vec4 v000002b99891da80_0, 0, 1;
T_0.1 ;
    %jmp T_0;
    .thread T_0;
    .scope S_000002b9988a2ce0;
T_1 ;
    %wait E_000002b9989b8f20;
    %pushi/vec4 0, 0, 1;
    %store/vec4 v000002b99891e980_0, 0, 1;
    %pushi/vec4 0, 0, 1;
    %store/vec4 v000002b99891dee0_0, 0, 1;
    %pushi/vec4 0, 0, 1;
    %store/vec4 v000002b99891da80_0, 0, 1;
    %jmp T_1;
    .thread T_1;
# The file index is used to find the file name in the following table.
:file_names 3;
    "N/A";
    "<interactive>";
    "load_use_hazardUnit.v";
