#! /c/Source/iverilog-install/bin/vvp
:ivl_version "12.0 (devel)" "(s20150603-1539-g2693dd32b)";
:ivl_delay_selection "TYPICAL";
:vpi_time_precision + 0;
:vpi_module "D:\verilog\iverilog\lib\ivl\system.vpi";
:vpi_module "D:\verilog\iverilog\lib\ivl\vhdl_sys.vpi";
:vpi_module "D:\verilog\iverilog\lib\ivl\vhdl_textio.vpi";
:vpi_module "D:\verilog\iverilog\lib\ivl\v2005_math.vpi";
:vpi_module "D:\verilog\iverilog\lib\ivl\va_math.vpi";
S_0000019bcff4bc40 .scope module, "branch_control" "branch_control" 2 1;
 .timescale 0 0;
    .port_info 0 /INPUT 1 "jump";
    .port_info 1 /INPUT 1 "branch";
    .port_info 2 /INPUT 3 "funct3";
    .port_info 3 /INPUT 32 "data1";
    .port_info 4 /INPUT 32 "data2";
    .port_info 5 /OUTPUT 1 "isJumpOrBranch";
o0000019bcff99fd8 .functor BUFZ 1, C4<z>; HiZ drive
v0000019bcff46d50_0 .net "branch", 0 0, o0000019bcff99fd8;  0 drivers
o0000019bcff9a008 .functor BUFZ 32, C4<zzzzzzzzzzzzzzzzzzzzzzzzzzzzzzzz>; HiZ drive
v0000019bcff46ad0_0 .net "data1", 31 0, o0000019bcff9a008;  0 drivers
o0000019bcff9a038 .functor BUFZ 32, C4<zzzzzzzzzzzzzzzzzzzzzzzzzzzzzzzz>; HiZ drive
v0000019bcff4bdd0_0 .net "data2", 31 0, o0000019bcff9a038;  0 drivers
o0000019bcff9a068 .functor BUFZ 3, C4<zzz>; HiZ drive
v0000019bcff4be70_0 .net "funct3", 2 0, o0000019bcff9a068;  0 drivers
v0000019bcff4bf10_0 .var "isJumpOrBranch", 0 0;
o0000019bcff9a0c8 .functor BUFZ 1, C4<z>; HiZ drive
v0000019bcffdc840_0 .net "jump", 0 0, o0000019bcff9a0c8;  0 drivers
E_0000019bcff49ef0/0 .event anyedge, v0000019bcff4be70_0, v0000019bcff46d50_0, v0000019bcffdc840_0, v0000019bcff4bdd0_0;
E_0000019bcff49ef0/1 .event anyedge, v0000019bcff46ad0_0;
E_0000019bcff49ef0 .event/or E_0000019bcff49ef0/0, E_0000019bcff49ef0/1;
    .scope S_0000019bcff4bc40;
T_0 ;
    %wait E_0000019bcff49ef0;
    %load/vec4 v0000019bcffdc840_0;
    %flag_set/vec4 8;
    %jmp/0xz  T_0.0, 8;
    %pushi/vec4 1, 0, 1;
    %store/vec4 v0000019bcff4bf10_0, 0, 1;
    %jmp T_0.1;
T_0.0 ;
    %load/vec4 v0000019bcff46d50_0;
    %flag_set/vec4 8;
    %jmp/0xz  T_0.2, 8;
    %load/vec4 v0000019bcff4be70_0;
    %dup/vec4;
    %pushi/vec4 0, 0, 3;
    %cmp/u;
    %jmp/1 T_0.4, 6;
    %dup/vec4;
    %pushi/vec4 1, 0, 3;
    %cmp/u;
    %jmp/1 T_0.5, 6;
    %dup/vec4;
    %pushi/vec4 2, 0, 3;
    %cmp/u;
    %jmp/1 T_0.6, 6;
    %dup/vec4;
    %pushi/vec4 3, 0, 3;
    %cmp/u;
    %jmp/1 T_0.7, 6;
    %dup/vec4;
    %pushi/vec4 4, 0, 3;
    %cmp/u;
    %jmp/1 T_0.8, 6;
    %dup/vec4;
    %pushi/vec4 7, 0, 3;
    %cmp/u;
    %jmp/1 T_0.9, 6;
    %pushi/vec4 0, 0, 1;
    %store/vec4 v0000019bcff4bf10_0, 0, 1;
    %jmp T_0.11;
T_0.4 ;
    %load/vec4 v0000019bcff46ad0_0;
    %load/vec4 v0000019bcff4bdd0_0;
    %cmp/e;
    %jmp/0xz  T_0.12, 4;
    %pushi/vec4 1, 0, 1;
    %store/vec4 v0000019bcff4bf10_0, 0, 1;
T_0.12 ;
    %jmp T_0.11;
T_0.5 ;
    %load/vec4 v0000019bcff46ad0_0;
    %load/vec4 v0000019bcff4bdd0_0;
    %cmp/ne;
    %jmp/0xz  T_0.14, 4;
    %pushi/vec4 1, 0, 1;
    %store/vec4 v0000019bcff4bf10_0, 0, 1;
T_0.14 ;
    %jmp T_0.11;
T_0.6 ;
    %load/vec4 v0000019bcff46ad0_0;
    %load/vec4 v0000019bcff4bdd0_0;
    %cmp/s;
    %jmp/0xz  T_0.16, 5;
    %pushi/vec4 1, 0, 1;
    %store/vec4 v0000019bcff4bf10_0, 0, 1;
T_0.16 ;
    %jmp T_0.11;
T_0.7 ;
    %load/vec4 v0000019bcff4bdd0_0;
    %load/vec4 v0000019bcff46ad0_0;
    %cmp/s;
    %flag_or 5, 4;
    %jmp/0xz  T_0.18, 5;
    %pushi/vec4 1, 0, 1;
    %store/vec4 v0000019bcff4bf10_0, 0, 1;
T_0.18 ;
    %jmp T_0.11;
T_0.8 ;
    %load/vec4 v0000019bcff46ad0_0;
    %load/vec4 v0000019bcff4bdd0_0;
    %cmp/u;
    %jmp/0xz  T_0.20, 5;
    %pushi/vec4 1, 0, 1;
    %store/vec4 v0000019bcff4bf10_0, 0, 1;
T_0.20 ;
    %jmp T_0.11;
T_0.9 ;
    %load/vec4 v0000019bcff4bdd0_0;
    %load/vec4 v0000019bcff46ad0_0;
    %cmp/u;
    %flag_or 5, 4;
    %jmp/0xz  T_0.22, 5;
    %pushi/vec4 1, 0, 1;
    %store/vec4 v0000019bcff4bf10_0, 0, 1;
T_0.22 ;
    %jmp T_0.11;
T_0.11 ;
    %pop/vec4 1;
    %jmp T_0.3;
T_0.2 ;
    %pushi/vec4 0, 0, 1;
    %store/vec4 v0000019bcff4bf10_0, 0, 1;
T_0.3 ;
T_0.1 ;
    %jmp T_0;
    .thread T_0, $push;
# The file index is used to find the file name in the following table.
:file_names 3;
    "N/A";
    "<interactive>";
    "branch_control.v";
