#! /c/Source/iverilog-install/bin/vvp
:ivl_version "12.0 (devel)" "(s20150603-1539-g2693dd32b)";
:ivl_delay_selection "TYPICAL";
:vpi_time_precision + 0;
:vpi_module "F:\iverilog\lib\ivl\system.vpi";
:vpi_module "F:\iverilog\lib\ivl\vhdl_sys.vpi";
:vpi_module "F:\iverilog\lib\ivl\vhdl_textio.vpi";
:vpi_module "F:\iverilog\lib\ivl\v2005_math.vpi";
:vpi_module "F:\iverilog\lib\ivl\va_math.vpi";
S_00000262380b62b0 .scope module, "ALU_unit" "ALU_unit" 2 155;
 .timescale 0 0;
    .port_info 0 /INPUT 5 "Opcode";
    .port_info 1 /INPUT 32 "data1";
    .port_info 2 /INPUT 32 "data2";
    .port_info 3 /OUTPUT 32 "result";
    .port_info 4 /OUTPUT 1 "zero";
o00000262380e9678 .functor BUFZ 5, C4<zzzzz>; HiZ drive
v000002623813c4d0_0 .net "Opcode", 4 0, o00000262380e9678;  0 drivers
o00000262380e86b8 .functor BUFZ 32, C4<zzzzzzzzzzzzzzzzzzzzzzzzzzzzzzzz>; HiZ drive
v000002623813fa80_0 .net "data1", 31 0, o00000262380e86b8;  0 drivers
o00000262380e86e8 .functor BUFZ 32, C4<zzzzzzzzzzzzzzzzzzzzzzzzzzzzzzzz>; HiZ drive
v000002623813f940_0 .net "data2", 31 0, o00000262380e86e8;  0 drivers
v0000026238141420_0 .var "result", 31 0;
v0000026238140020_0 .net "result00", 31 0, L_0000026238140fc0;  1 drivers
v000002623813fda0_0 .net "result01", 31 0, L_00000262380e24b0;  1 drivers
v0000026238140b60_0 .net "result02", 31 0, L_00000262380e2750;  1 drivers
v00000262381402a0_0 .net "result03", 31 0, L_00000262380e28a0;  1 drivers
v0000026238140f20_0 .net "result04", 31 0, L_0000026238140ca0;  1 drivers
v0000026238140340_0 .net "result05", 31 0, L_0000026238141100;  1 drivers
L_0000026238170088 .functor BUFT 1, C4<xxxxxxxxxxxxxxxxxxxxxxxxxxxxxxxx>, C4<0>, C4<0>, C4<0>;
v000002623813fbc0_0 .net "result06", 31 0, L_0000026238170088;  1 drivers
v000002623813fe40_0 .net "result07", 31 0, L_0000026238140e80;  1 drivers
v00000262381405c0_0 .net "result08", 31 0, L_00000262381408e0;  1 drivers
v0000026238140c00_0 .net "result09", 31 0, L_00000262381400c0;  1 drivers
v000002623813fee0_0 .net "result10", 31 0, L_00000262381407a0;  1 drivers
v0000026238140660_0 .net "result11", 31 0, L_0000026238140d40;  1 drivers
v0000026238141060_0 .net "result12", 31 0, L_00000262380e2520;  1 drivers
v00000262381412e0_0 .net "result13", 31 0, L_0000026238141560;  1 drivers
v0000026238140700_0 .net "result14", 31 0, L_00000262381414c0;  1 drivers
v000002623813ff80_0 .net "result15", 31 0, L_0000026238140160;  1 drivers
v000002623813fc60_0 .net "result16", 31 0, L_0000026238140a20;  1 drivers
v0000026238141740_0 .net "zero", 0 0, L_0000026238140ac0;  1 drivers
E_00000262380b1fb0/0 .event anyedge, v000002623813c4d0_0, v00000262380e3a10_0, v000002623813c430_0, v00000262380e3fb0_0;
E_00000262380b1fb0/1 .event anyedge, v000002623813d650_0, v000002623813d470_0, v000002623813d790_0, v000002623813dab0_0;
E_00000262380b1fb0/2 .event anyedge, v000002623813d5b0_0, v00000262380e3b50_0, v00000262380e3bf0_0, v000002623813cc50_0;
E_00000262380b1fb0/3 .event anyedge, v000002623813ccf0_0, v00000262380e4190_0, v000002623813ddd0_0, v000002623813df10_0;
E_00000262380b1fb0/4 .event anyedge, v000002623813d8d0_0, v000002623813db50_0;
E_00000262380b1fb0 .event/or E_00000262380b1fb0/0, E_00000262380b1fb0/1, E_00000262380b1fb0/2, E_00000262380b1fb0/3, E_00000262380b1fb0/4;
S_00000262380b6440 .scope module, "add_unit" "Add_unit" 2 165, 2 1 0, S_00000262380b62b0;
 .timescale 0 0;
    .port_info 0 /INPUT 32 "data1";
    .port_info 1 /INPUT 32 "data2";
    .port_info 2 /OUTPUT 32 "result";
v00000262380e38d0_0 .net "data1", 31 0, o00000262380e86b8;  alias, 0 drivers
v00000262380e3f10_0 .net "data2", 31 0, o00000262380e86e8;  alias, 0 drivers
v00000262380e3a10_0 .net "result", 31 0, L_0000026238140fc0;  alias, 1 drivers
L_0000026238140fc0 .arith/sum 32, o00000262380e86b8, o00000262380e86e8;
S_00000262380c93c0 .scope module, "and_unit" "AND_unit" 2 167, 2 24 0, S_00000262380b62b0;
 .timescale 0 0;
    .port_info 0 /INPUT 32 "data1";
    .port_info 1 /INPUT 32 "data2";
    .port_info 2 /OUTPUT 32 "result";
L_00000262380e2750 .functor AND 32, o00000262380e86b8, o00000262380e86e8, C4<11111111111111111111111111111111>, C4<11111111111111111111111111111111>;
v00000262380e4370_0 .net "data1", 31 0, o00000262380e86b8;  alias, 0 drivers
v00000262380e42d0_0 .net "data2", 31 0, o00000262380e86e8;  alias, 0 drivers
v00000262380e3fb0_0 .net "result", 31 0, L_00000262380e2750;  alias, 1 drivers
S_00000262380c9550 .scope module, "div_unit" "DIV_unit" 2 173, 2 86 0, S_00000262380b62b0;
 .timescale 0 0;
    .port_info 0 /INPUT 32 "data1";
    .port_info 1 /INPUT 32 "data2";
    .port_info 2 /OUTPUT 32 "result";
v00000262380e3510_0 .net "data1", 31 0, o00000262380e86b8;  alias, 0 drivers
v00000262380e3ab0_0 .net "data2", 31 0, o00000262380e86e8;  alias, 0 drivers
v00000262380e3b50_0 .net "result", 31 0, L_00000262381408e0;  alias, 1 drivers
L_00000262381408e0 .arith/div.s 32, o00000262380e86b8, o00000262380e86e8;
S_00000262380cb060 .scope module, "divu_unit" "DIVU_unit" 2 174, 2 94 0, S_00000262380b62b0;
 .timescale 0 0;
    .port_info 0 /INPUT 32 "data1";
    .port_info 1 /INPUT 32 "data2";
    .port_info 2 /OUTPUT 32 "result";
v00000262380e3d30_0 .net "data1", 31 0, o00000262380e86b8;  alias, 0 drivers
v00000262380e3650_0 .net "data2", 31 0, o00000262380e86e8;  alias, 0 drivers
v00000262380e3bf0_0 .net "result", 31 0, L_00000262381400c0;  alias, 1 drivers
L_00000262381400c0 .arith/div 32, o00000262380e86b8, o00000262380e86e8;
S_00000262380cb1f0 .scope module, "forward_unit" "Forward_Unit" 2 177, 2 118 0, S_00000262380b62b0;
 .timescale 0 0;
    .port_info 0 /INPUT 32 "data2";
    .port_info 1 /OUTPUT 32 "result";
L_00000262380e2520 .functor BUFZ 32, o00000262380e86e8, C4<00000000000000000000000000000000>, C4<00000000000000000000000000000000>, C4<00000000000000000000000000000000>;
v00000262380e40f0_0 .net "data2", 31 0, o00000262380e86e8;  alias, 0 drivers
v00000262380e4190_0 .net "result", 31 0, L_00000262380e2520;  alias, 1 drivers
S_00000262380c7e80 .scope module, "mul_unit" "MUL_unit" 2 169, 2 39 0, S_00000262380b62b0;
 .timescale 0 0;
    .port_info 0 /INPUT 32 "data1";
    .port_info 1 /INPUT 32 "data2";
    .port_info 2 /OUTPUT 32 "result";
v00000262380e36f0_0 .net "data1", 31 0, o00000262380e86b8;  alias, 0 drivers
v000002623813c9d0_0 .net "data2", 31 0, o00000262380e86e8;  alias, 0 drivers
v000002623813d470_0 .net "result", 31 0, L_0000026238140ca0;  alias, 1 drivers
v000002623813cb10_0 .var "result1", 64 0;
E_00000262380b2030 .event anyedge, v00000262380e38d0_0, v00000262380e3f10_0;
L_0000026238140ca0 .part v000002623813cb10_0, 0, 32;
S_00000262380c8010 .scope module, "mulh_unit" "MULH_unit" 2 170, 2 51 0, S_00000262380b62b0;
 .timescale 0 0;
    .port_info 0 /INPUT 32 "data1";
    .port_info 1 /INPUT 32 "data2";
    .port_info 2 /OUTPUT 32 "result";
v000002623813d510_0 .net "data1", 31 0, o00000262380e86b8;  alias, 0 drivers
v000002623813c7f0_0 .net "data2", 31 0, o00000262380e86e8;  alias, 0 drivers
v000002623813d790_0 .net "result", 31 0, L_0000026238141100;  alias, 1 drivers
v000002623813d150_0 .var "result1", 64 0;
L_0000026238141100 .part v000002623813d150_0, 32, 32;
S_00000262380c3eb0 .scope module, "mulhsu_unit" "MULHSU_unit" 2 172, 2 75 0, S_00000262380b62b0;
 .timescale 0 0;
    .port_info 0 /INPUT 32 "data1";
    .port_info 1 /INPUT 32 "data2";
    .port_info 2 /OUTPUT 32 "result";
v000002623813c610_0 .net "data1", 31 0, o00000262380e86b8;  alias, 0 drivers
v000002623813c6b0_0 .net "data2", 31 0, o00000262380e86e8;  alias, 0 drivers
v000002623813d5b0_0 .net "result", 31 0, L_0000026238140e80;  alias, 1 drivers
v000002623813c930_0 .var "result1", 63 0;
L_0000026238140e80 .part v000002623813c930_0, 32, 32;
S_00000262380c4040 .scope module, "mulhu_unit" "MULHU_unit" 2 171, 2 63 0, S_00000262380b62b0;
 .timescale 0 0;
    .port_info 0 /INPUT 32 "data1";
    .port_info 1 /INPUT 32 "data2";
    .port_info 2 /OUTPUT 32 "result";
v000002623813c890_0 .net "data1", 31 0, o00000262380e86b8;  alias, 0 drivers
v000002623813dbf0_0 .net "data2", 31 0, o00000262380e86e8;  alias, 0 drivers
v000002623813dab0_0 .net "result", 31 0, L_0000026238170088;  alias, 1 drivers
v000002623813d010_0 .var "result1", 63 0;
S_00000262380c6c10 .scope module, "or_unit" "OR_unit" 2 168, 2 31 0, S_00000262380b62b0;
 .timescale 0 0;
    .port_info 0 /INPUT 32 "data1";
    .port_info 1 /INPUT 32 "data2";
    .port_info 2 /OUTPUT 32 "result";
L_00000262380e28a0 .functor OR 32, o00000262380e86b8, o00000262380e86e8, C4<00000000000000000000000000000000>, C4<00000000000000000000000000000000>;
v000002623813c2f0_0 .net "data1", 31 0, o00000262380e86b8;  alias, 0 drivers
v000002623813de70_0 .net "data2", 31 0, o00000262380e86e8;  alias, 0 drivers
v000002623813d650_0 .net "result", 31 0, L_00000262380e28a0;  alias, 1 drivers
S_00000262380c6da0 .scope module, "rem_unit" "REM_unit" 2 175, 2 103 0, S_00000262380b62b0;
 .timescale 0 0;
    .port_info 0 /INPUT 32 "data1";
    .port_info 1 /INPUT 32 "data2";
    .port_info 2 /OUTPUT 32 "result";
v000002623813ca70_0 .net "data1", 31 0, o00000262380e86b8;  alias, 0 drivers
v000002623813cbb0_0 .net "data2", 31 0, o00000262380e86e8;  alias, 0 drivers
v000002623813cc50_0 .net "result", 31 0, L_00000262381407a0;  alias, 1 drivers
L_00000262381407a0 .arith/mod.s 32, o00000262380e86b8, o00000262380e86e8;
S_000002623806e320 .scope module, "remu_unit" "REMU_unit" 2 176, 2 111 0, S_00000262380b62b0;
 .timescale 0 0;
    .port_info 0 /INPUT 32 "data1";
    .port_info 1 /INPUT 32 "data2";
    .port_info 2 /OUTPUT 32 "result";
v000002623813d830_0 .net "data1", 31 0, o00000262380e86b8;  alias, 0 drivers
v000002623813c750_0 .net "data2", 31 0, o00000262380e86e8;  alias, 0 drivers
v000002623813ccf0_0 .net "result", 31 0, L_0000026238140d40;  alias, 1 drivers
L_0000026238140d40 .arith/mod 32, o00000262380e86b8, o00000262380e86e8;
S_000002623806e4b0 .scope module, "sll_unit" "SLL_Unit" 2 178, 2 124 0, S_00000262380b62b0;
 .timescale 0 0;
    .port_info 0 /INPUT 32 "data1";
    .port_info 1 /INPUT 32 "data2";
    .port_info 2 /OUTPUT 32 "result";
v000002623813cd90_0 .net "data1", 31 0, o00000262380e86b8;  alias, 0 drivers
v000002623813ce30_0 .net "data2", 31 0, o00000262380e86e8;  alias, 0 drivers
v000002623813ddd0_0 .net "result", 31 0, L_0000026238141560;  alias, 1 drivers
L_0000026238141560 .shift/l 32, o00000262380e86b8, o00000262380e86e8;
S_00000262380b7f90 .scope module, "slt_unit" "SLT_Unit" 2 180, 2 138 0, S_00000262380b62b0;
 .timescale 0 0;
    .port_info 0 /INPUT 32 "data1";
    .port_info 1 /INPUT 32 "data2";
    .port_info 2 /OUTPUT 32 "result";
v000002623813ced0_0 .net *"_ivl_0", 0 0, L_0000026238140980;  1 drivers
L_00000262381700d0 .functor BUFT 1, C4<00000000000000000000000000000001>, C4<0>, C4<0>, C4<0>;
v000002623813cf70_0 .net/2u *"_ivl_2", 31 0, L_00000262381700d0;  1 drivers
L_0000026238170118 .functor BUFT 1, C4<00000000000000000000000000000000>, C4<0>, C4<0>, C4<0>;
v000002623813d330_0 .net/2u *"_ivl_4", 31 0, L_0000026238170118;  1 drivers
v000002623813d6f0_0 .net "data1", 31 0, o00000262380e86b8;  alias, 0 drivers
v000002623813d0b0_0 .net "data2", 31 0, o00000262380e86e8;  alias, 0 drivers
v000002623813d8d0_0 .net "result", 31 0, L_0000026238140160;  alias, 1 drivers
L_0000026238140980 .cmp/gt 32, o00000262380e86e8, o00000262380e86b8;
L_0000026238140160 .functor MUXZ 32, L_0000026238170118, L_00000262381700d0, L_0000026238140980, C4<>;
S_00000262380b8120 .scope module, "sra_unit" "SRA_Unit" 2 179, 2 131 0, S_00000262380b62b0;
 .timescale 0 0;
    .port_info 0 /INPUT 32 "data1";
    .port_info 1 /INPUT 32 "data2";
    .port_info 2 /OUTPUT 32 "result";
v000002623813d1f0_0 .net "data1", 31 0, o00000262380e86b8;  alias, 0 drivers
v000002623813c390_0 .net "data2", 31 0, o00000262380e86e8;  alias, 0 drivers
v000002623813df10_0 .net "result", 31 0, L_00000262381414c0;  alias, 1 drivers
L_00000262381414c0 .shift/r 32, o00000262380e86b8, o00000262380e86e8;
S_00000262380bb300 .scope module, "sub_unit" "Sub_unit" 2 181, 2 9 0, S_00000262380b62b0;
 .timescale 0 0;
    .port_info 0 /INPUT 32 "data1";
    .port_info 1 /INPUT 32 "data2";
    .port_info 2 /OUTPUT 32 "result";
v000002623813d970_0 .net "data1", 31 0, o00000262380e86b8;  alias, 0 drivers
v000002623813da10_0 .net "data2", 31 0, o00000262380e86e8;  alias, 0 drivers
v000002623813db50_0 .net "result", 31 0, L_0000026238140a20;  alias, 1 drivers
L_0000026238140a20 .arith/sub 32, o00000262380e86b8, o00000262380e86e8;
S_000002623813e080 .scope module, "xor_unit" "XOR_unit" 2 166, 2 17 0, S_00000262380b62b0;
 .timescale 0 0;
    .port_info 0 /INPUT 32 "data1";
    .port_info 1 /INPUT 32 "data2";
    .port_info 2 /OUTPUT 32 "result";
L_00000262380e24b0 .functor XOR 32, o00000262380e86b8, o00000262380e86e8, C4<00000000000000000000000000000000>, C4<00000000000000000000000000000000>;
v000002623813d290_0 .net "data1", 31 0, o00000262380e86b8;  alias, 0 drivers
v000002623813dc90_0 .net "data2", 31 0, o00000262380e86e8;  alias, 0 drivers
v000002623813c430_0 .net "result", 31 0, L_00000262380e24b0;  alias, 1 drivers
S_000002623813e9e0 .scope module, "zero_out" "Zero_out" 2 182, 2 147 0, S_00000262380b62b0;
 .timescale 0 0;
    .port_info 0 /INPUT 32 "result";
    .port_info 1 /OUTPUT 1 "zero";
L_0000026238170160 .functor BUFT 1, C4<00000000000000000000000000000000>, C4<0>, C4<0>, C4<0>;
v000002623813d3d0_0 .net/2u *"_ivl_0", 31 0, L_0000026238170160;  1 drivers
v000002623813c570_0 .net *"_ivl_2", 0 0, L_0000026238140de0;  1 drivers
L_00000262381701a8 .functor BUFT 1, C4<01>, C4<0>, C4<0>, C4<0>;
v000002623813dd30_0 .net/2s *"_ivl_4", 1 0, L_00000262381701a8;  1 drivers
L_00000262381701f0 .functor BUFT 1, C4<00>, C4<0>, C4<0>, C4<0>;
v000002623813c070_0 .net/2s *"_ivl_6", 1 0, L_00000262381701f0;  1 drivers
v000002623813c110_0 .net *"_ivl_8", 1 0, L_0000026238140840;  1 drivers
v000002623813c1b0_0 .net "result", 31 0, L_0000026238140a20;  alias, 1 drivers
v000002623813c250_0 .net "zero", 0 0, L_0000026238140ac0;  alias, 1 drivers
L_0000026238140de0 .cmp/eq 32, L_0000026238140a20, L_0000026238170160;
L_0000026238140840 .functor MUXZ 2, L_00000262381701f0, L_00000262381701a8, L_0000026238140de0, C4<>;
L_0000026238140ac0 .part L_0000026238140840, 0, 1;
    .scope S_00000262380c7e80;
T_0 ;
    %wait E_00000262380b2030;
    %load/vec4 v00000262380e36f0_0;
    %pad/s 65;
    %load/vec4 v000002623813c9d0_0;
    %pad/s 65;
    %mul;
    %store/vec4 v000002623813cb10_0, 0, 65;
    %jmp T_0;
    .thread T_0, $push;
    .scope S_00000262380c8010;
T_1 ;
    %wait E_00000262380b2030;
    %load/vec4 v000002623813d510_0;
    %pad/s 65;
    %load/vec4 v000002623813c7f0_0;
    %pad/s 65;
    %mul;
    %store/vec4 v000002623813d150_0, 0, 65;
    %jmp T_1;
    .thread T_1, $push;
    .scope S_00000262380c4040;
T_2 ;
    %wait E_00000262380b2030;
    %load/vec4 v000002623813c890_0;
    %pad/u 64;
    %load/vec4 v000002623813dbf0_0;
    %pad/u 64;
    %mul;
    %store/vec4 v000002623813d010_0, 0, 64;
    %jmp T_2;
    .thread T_2, $push;
    .scope S_00000262380c3eb0;
T_3 ;
    %wait E_00000262380b2030;
    %load/vec4 v000002623813c610_0;
    %pad/u 64;
    %load/vec4 v000002623813c6b0_0;
    %pad/u 64;
    %mul;
    %store/vec4 v000002623813c930_0, 0, 64;
    %jmp T_3;
    .thread T_3, $push;
    .scope S_00000262380b62b0;
T_4 ;
    %wait E_00000262380b1fb0;
    %load/vec4 v000002623813c4d0_0;
    %dup/vec4;
    %pushi/vec4 0, 0, 5;
    %cmp/u;
    %jmp/1 T_4.0, 6;
    %dup/vec4;
    %pushi/vec4 1, 0, 5;
    %cmp/u;
    %jmp/1 T_4.1, 6;
    %dup/vec4;
    %pushi/vec4 2, 0, 5;
    %cmp/u;
    %jmp/1 T_4.2, 6;
    %dup/vec4;
    %pushi/vec4 3, 0, 5;
    %cmp/u;
    %jmp/1 T_4.3, 6;
    %dup/vec4;
    %pushi/vec4 4, 0, 5;
    %cmp/u;
    %jmp/1 T_4.4, 6;
    %dup/vec4;
    %pushi/vec4 5, 0, 5;
    %cmp/u;
    %jmp/1 T_4.5, 6;
    %dup/vec4;
    %pushi/vec4 6, 0, 5;
    %cmp/u;
    %jmp/1 T_4.6, 6;
    %dup/vec4;
    %pushi/vec4 7, 0, 5;
    %cmp/u;
    %jmp/1 T_4.7, 6;
    %dup/vec4;
    %pushi/vec4 8, 0, 5;
    %cmp/u;
    %jmp/1 T_4.8, 6;
    %dup/vec4;
    %pushi/vec4 9, 0, 5;
    %cmp/u;
    %jmp/1 T_4.9, 6;
    %dup/vec4;
    %pushi/vec4 10, 0, 5;
    %cmp/u;
    %jmp/1 T_4.10, 6;
    %dup/vec4;
    %pushi/vec4 11, 0, 5;
    %cmp/u;
    %jmp/1 T_4.11, 6;
    %dup/vec4;
    %pushi/vec4 12, 0, 5;
    %cmp/u;
    %jmp/1 T_4.12, 6;
    %dup/vec4;
    %pushi/vec4 13, 0, 5;
    %cmp/u;
    %jmp/1 T_4.13, 6;
    %dup/vec4;
    %pushi/vec4 14, 0, 5;
    %cmp/u;
    %jmp/1 T_4.14, 6;
    %dup/vec4;
    %pushi/vec4 15, 0, 5;
    %cmp/u;
    %jmp/1 T_4.15, 6;
    %dup/vec4;
    %pushi/vec4 16, 0, 5;
    %cmp/u;
    %jmp/1 T_4.16, 6;
    %pushi/vec4 4294967295, 4294967295, 32;
    %store/vec4 v0000026238141420_0, 0, 32;
    %jmp T_4.18;
T_4.0 ;
    %load/vec4 v0000026238140020_0;
    %store/vec4 v0000026238141420_0, 0, 32;
    %jmp T_4.18;
T_4.1 ;
    %load/vec4 v000002623813fda0_0;
    %store/vec4 v0000026238141420_0, 0, 32;
    %jmp T_4.18;
T_4.2 ;
    %load/vec4 v0000026238140b60_0;
    %store/vec4 v0000026238141420_0, 0, 32;
    %jmp T_4.18;
T_4.3 ;
    %load/vec4 v00000262381402a0_0;
    %store/vec4 v0000026238141420_0, 0, 32;
    %jmp T_4.18;
T_4.4 ;
    %load/vec4 v0000026238140f20_0;
    %store/vec4 v0000026238141420_0, 0, 32;
    %jmp T_4.18;
T_4.5 ;
    %load/vec4 v0000026238140340_0;
    %store/vec4 v0000026238141420_0, 0, 32;
    %jmp T_4.18;
T_4.6 ;
    %load/vec4 v000002623813fbc0_0;
    %store/vec4 v0000026238141420_0, 0, 32;
    %jmp T_4.18;
T_4.7 ;
    %load/vec4 v000002623813fe40_0;
    %store/vec4 v0000026238141420_0, 0, 32;
    %jmp T_4.18;
T_4.8 ;
    %load/vec4 v00000262381405c0_0;
    %store/vec4 v0000026238141420_0, 0, 32;
    %jmp T_4.18;
T_4.9 ;
    %load/vec4 v0000026238140c00_0;
    %store/vec4 v0000026238141420_0, 0, 32;
    %jmp T_4.18;
T_4.10 ;
    %load/vec4 v000002623813fee0_0;
    %store/vec4 v0000026238141420_0, 0, 32;
    %jmp T_4.18;
T_4.11 ;
    %load/vec4 v0000026238140660_0;
    %store/vec4 v0000026238141420_0, 0, 32;
    %jmp T_4.18;
T_4.12 ;
    %load/vec4 v0000026238141060_0;
    %store/vec4 v0000026238141420_0, 0, 32;
    %jmp T_4.18;
T_4.13 ;
    %load/vec4 v00000262381412e0_0;
    %store/vec4 v0000026238141420_0, 0, 32;
    %jmp T_4.18;
T_4.14 ;
    %load/vec4 v0000026238140700_0;
    %store/vec4 v0000026238141420_0, 0, 32;
    %jmp T_4.18;
T_4.15 ;
    %load/vec4 v000002623813ff80_0;
    %store/vec4 v0000026238141420_0, 0, 32;
    %jmp T_4.18;
T_4.16 ;
    %load/vec4 v000002623813fc60_0;
    %store/vec4 v0000026238141420_0, 0, 32;
    %jmp T_4.18;
T_4.18 ;
    %pop/vec4 1;
    %jmp T_4;
    .thread T_4, $push;
# The file index is used to find the file name in the following table.
:file_names 3;
    "N/A";
    "<interactive>";
    "ALU.v";
