#! /c/Source/iverilog-install/bin/vvp
:ivl_version "12.0 (devel)" "(s20150603-1539-g2693dd32b)";
:ivl_delay_selection "TYPICAL";
:vpi_time_precision - 10;
:vpi_module "D:\verilog\iverilog\lib\ivl\system.vpi";
:vpi_module "D:\verilog\iverilog\lib\ivl\vhdl_sys.vpi";
:vpi_module "D:\verilog\iverilog\lib\ivl\vhdl_textio.vpi";
:vpi_module "D:\verilog\iverilog\lib\ivl\v2005_math.vpi";
:vpi_module "D:\verilog\iverilog\lib\ivl\va_math.vpi";
S_000001d7ad916850 .scope module, "EX_MA_register" "EX_MA_register" 2 9;
 .timescale -9 -10;
    .port_info 0 /INPUT 1 "CLK";
    .port_info 1 /INPUT 1 "MUX3_select";
    .port_info 2 /INPUT 1 "regwrite_enable";
    .port_info 3 /INPUT 32 "ALU_out";
    .port_info 4 /INPUT 32 "read_data";
    .port_info 5 /INPUT 5 "rd";
    .port_info 6 /OUTPUT 1 "MUX3_select_out";
    .port_info 7 /OUTPUT 1 "regwrite_enable_out";
    .port_info 8 /OUTPUT 32 "ALU_out_out";
    .port_info 9 /OUTPUT 32 "read_data_out";
    .port_info 10 /OUTPUT 5 "rd_out";
o000001d7ad966fb8 .functor BUFZ 32, C4<zzzzzzzzzzzzzzzzzzzzzzzzzzzzzzzz>; HiZ drive
v000001d7ad916da0_0 .net "ALU_out", 31 0, o000001d7ad966fb8;  0 drivers
v000001d7ad916aa0_0 .var "ALU_out_out", 31 0;
o000001d7ad967018 .functor BUFZ 1, C4<z>; HiZ drive
v000001d7ad916b40_0 .net "CLK", 0 0, o000001d7ad967018;  0 drivers
o000001d7ad967048 .functor BUFZ 1, C4<z>; HiZ drive
v000001d7ad91b9b0_0 .net "MUX3_select", 0 0, o000001d7ad967048;  0 drivers
v000001d7ad91ba50_0 .var "MUX3_select_out", 0 0;
o000001d7ad9670a8 .functor BUFZ 5, C4<zzzzz>; HiZ drive
v000001d7ad91baf0_0 .net "rd", 4 0, o000001d7ad9670a8;  0 drivers
v000001d7ad91bb90_0 .var "rd_out", 4 0;
o000001d7ad967108 .functor BUFZ 32, C4<zzzzzzzzzzzzzzzzzzzzzzzzzzzzzzzz>; HiZ drive
v000001d7ad91bc30_0 .net "read_data", 31 0, o000001d7ad967108;  0 drivers
v000001d7ad91bcd0_0 .var "read_data_out", 31 0;
o000001d7ad967168 .functor BUFZ 1, C4<z>; HiZ drive
v000001d7ad91be00_0 .net "regwrite_enable", 0 0, o000001d7ad967168;  0 drivers
v000001d7ad91bea0_0 .var "regwrite_enable_out", 0 0;
E_000001d7ad91c410 .event posedge, v000001d7ad916b40_0;
    .scope S_000001d7ad916850;
T_0 ;
    %wait E_000001d7ad91c410;
    %load/vec4 v000001d7ad91b9b0_0;
    %assign/vec4 v000001d7ad91ba50_0, 0;
    %load/vec4 v000001d7ad91be00_0;
    %assign/vec4 v000001d7ad91bea0_0, 0;
    %load/vec4 v000001d7ad916da0_0;
    %assign/vec4 v000001d7ad916aa0_0, 0;
    %load/vec4 v000001d7ad91bc30_0;
    %assign/vec4 v000001d7ad91bcd0_0, 0;
    %load/vec4 v000001d7ad91baf0_0;
    %assign/vec4 v000001d7ad91bb90_0, 0;
    %jmp T_0;
    .thread T_0;
# The file index is used to find the file name in the following table.
:file_names 3;
    "N/A";
    "<interactive>";
    "MA_WB.v";
