#! /c/Source/iverilog-install/bin/vvp
:ivl_version "12.0 (devel)" "(s20150603-1539-g2693dd32b)";
:ivl_delay_selection "TYPICAL";
:vpi_time_precision + 0;
:vpi_module "D:\verilog\iverilog\lib\ivl\system.vpi";
:vpi_module "D:\verilog\iverilog\lib\ivl\vhdl_sys.vpi";
:vpi_module "D:\verilog\iverilog\lib\ivl\vhdl_textio.vpi";
:vpi_module "D:\verilog\iverilog\lib\ivl\v2005_math.vpi";
:vpi_module "D:\verilog\iverilog\lib\ivl\va_math.vpi";
S_000002a37e176580 .scope module, "Zero_out" "Zero_out" 2 155;
 .timescale 0 0;
    .port_info 0 /INPUT 32 "result";
    .port_info 1 /OUTPUT 1 "zero";
L_000002a37e230088 .functor BUFT 1, C4<00000000000000000000000000000000>, C4<0>, C4<0>, C4<0>;
v000002a37e1c5c40_0 .net/2u *"_ivl_0", 31 0, L_000002a37e230088;  1 drivers
v000002a37e1c5d80_0 .net *"_ivl_2", 0 0, L_000002a37e224eb0;  1 drivers
L_000002a37e2300d0 .functor BUFT 1, C4<01>, C4<0>, C4<0>, C4<0>;
v000002a37e1c6460_0 .net/2s *"_ivl_4", 1 0, L_000002a37e2300d0;  1 drivers
L_000002a37e230118 .functor BUFT 1, C4<00>, C4<0>, C4<0>, C4<0>;
v000002a37e1c7220_0 .net/2s *"_ivl_6", 1 0, L_000002a37e230118;  1 drivers
v000002a37e1c60a0_0 .net *"_ivl_8", 1 0, L_000002a37e224230;  1 drivers
o000002a37e1ca4b8 .functor BUFZ 32, C4<zzzzzzzzzzzzzzzzzzzzzzzzzzzzzzzz>; HiZ drive
v000002a37e1c6dc0_0 .net "result", 31 0, o000002a37e1ca4b8;  0 drivers
v000002a37e1c6140_0 .net "zero", 0 0, L_000002a37e2244b0;  1 drivers
L_000002a37e224eb0 .cmp/eq 32, o000002a37e1ca4b8, L_000002a37e230088;
L_000002a37e224230 .functor MUXZ 2, L_000002a37e230118, L_000002a37e2300d0, L_000002a37e224eb0, C4<>;
L_000002a37e2244b0 .part L_000002a37e224230, 0, 1;
S_000002a37e176710 .scope module, "instruction_execution" "instruction_execution" 3 4;
 .timescale 0 0;
    .port_info 0 /INPUT 5 "ALU_select";
    .port_info 1 /INPUT 1 "mux1_select";
    .port_info 2 /INPUT 1 "mux2_select";
    .port_info 3 /INPUT 1 "mux3_select";
    .port_info 4 /INPUT 1 "regwrite_enable";
    .port_info 5 /INPUT 1 "memory_write_enable";
    .port_info 6 /INPUT 1 "memory_read_enable";
    .port_info 7 /INPUT 1 "branch";
    .port_info 8 /INPUT 1 "jump";
    .port_info 9 /INPUT 1 "jal_select";
    .port_info 10 /INPUT 1 "pc4";
    .port_info 11 /INPUT 1 "pc";
    .port_info 12 /INPUT 32 "immediate";
    .port_info 13 /INPUT 32 "data1";
    .port_info 14 /INPUT 32 "data2";
    .port_info 15 /INPUT 3 "funct3";
    .port_info 16 /INPUT 5 "rd";
    .port_info 17 /OUTPUT 32 "ALUD";
    .port_info 18 /OUTPUT 32 "ALU_result";
    .port_info 19 /OUTPUT 32 "data2_out";
    .port_info 20 /OUTPUT 3 "funct3_out";
    .port_info 21 /OUTPUT 5 "rd_out";
    .port_info 22 /OUTPUT 1 "memory_read_enable_out";
    .port_info 23 /OUTPUT 1 "memory_write_enable_out";
    .port_info 24 /OUTPUT 1 "regwrite_enable_out";
    .port_info 25 /OUTPUT 1 "mux3_select_out";
    .port_info 26 /OUTPUT 1 "branch_control_out";
o000002a37e1cbcb8 .functor BUFZ 1, C4<z>; HiZ drive
L_000002a37e230160 .functor BUFT 1, C4<0>, C4<0>, C4<0>, C4<0>;
L_000002a37e1ba180 .functor XNOR 1, o000002a37e1cbcb8, L_000002a37e230160, C4<0>, C4<0>;
o000002a37e1cbce8 .functor BUFZ 1, C4<z>; HiZ drive
L_000002a37e2301f0 .functor BUFT 1, C4<0>, C4<0>, C4<0>, C4<0>;
L_000002a37e1bab90 .functor XNOR 1, o000002a37e1cbce8, L_000002a37e2301f0, C4<0>, C4<0>;
o000002a37e1cbbc8 .functor BUFZ 1, C4<z>; HiZ drive
L_000002a37e2303a0 .functor BUFT 1, C4<0>, C4<0>, C4<0>, C4<0>;
L_000002a37e1bae30 .functor XNOR 1, o000002a37e1cbbc8, L_000002a37e2303a0, C4<0>, C4<0>;
o000002a37e1cbbf8 .functor BUFZ 1, C4<z>; HiZ drive
L_000002a37e1baf10 .functor BUFZ 1, o000002a37e1cbbf8, C4<0>, C4<0>, C4<0>;
o000002a37e1cbc58 .functor BUFZ 1, C4<z>; HiZ drive
L_000002a37e1baf80 .functor BUFZ 1, o000002a37e1cbc58, C4<0>, C4<0>, C4<0>;
o000002a37e1cbe38 .functor BUFZ 1, C4<z>; HiZ drive
L_000002a37e1ba730 .functor BUFZ 1, o000002a37e1cbe38, C4<0>, C4<0>, C4<0>;
o000002a37e1cbd18 .functor BUFZ 1, C4<z>; HiZ drive
L_000002a37e1ba490 .functor BUFZ 1, o000002a37e1cbd18, C4<0>, C4<0>, C4<0>;
o000002a37e1cb778 .functor BUFZ 3, C4<zzz>; HiZ drive
L_000002a37e1ba110 .functor BUFZ 3, o000002a37e1cb778, C4<000>, C4<000>, C4<000>;
o000002a37e1cbdd8 .functor BUFZ 5, C4<zzzzz>; HiZ drive
L_000002a37e1ba1f0 .functor BUFZ 5, o000002a37e1cbdd8, C4<00000>, C4<00000>, C4<00000>;
o000002a37e1cb748 .functor BUFZ 32, C4<zzzzzzzzzzzzzzzzzzzzzzzzzzzzzzzz>; HiZ drive
L_000002a37e1ba260 .functor BUFZ 32, o000002a37e1cb748, C4<00000000000000000000000000000000>, C4<00000000000000000000000000000000>, C4<00000000000000000000000000000000>;
v000002a37e224870_0 .net "ALUD", 31 0, L_000002a37e288c30;  1 drivers
v000002a37e223ab0_0 .net "ALU_result", 31 0, v000002a37e220e80_0;  1 drivers
o000002a37e1cb5c8 .functor BUFZ 5, C4<zzzzz>; HiZ drive
v000002a37e224910_0 .net "ALU_select", 4 0, o000002a37e1cb5c8;  0 drivers
v000002a37e223b50_0 .net/2u *"_ivl_0", 0 0, L_000002a37e230160;  1 drivers
v000002a37e2235b0_0 .net/2u *"_ivl_10", 0 0, L_000002a37e2301f0;  1 drivers
v000002a37e223290_0 .net *"_ivl_12", 0 0, L_000002a37e1bab90;  1 drivers
v000002a37e2236f0_0 .net/2u *"_ivl_16", 0 0, L_000002a37e2303a0;  1 drivers
v000002a37e223fb0_0 .net *"_ivl_18", 0 0, L_000002a37e1bae30;  1 drivers
v000002a37e2233d0_0 .net *"_ivl_2", 0 0, L_000002a37e1ba180;  1 drivers
v000002a37e223bf0_0 .net *"_ivl_20", 31 0, L_000002a37e289bd0;  1 drivers
L_000002a37e2303e8 .functor BUFT 1, C4<0000000000000000000000000000000>, C4<0>, C4<0>, C4<0>;
v000002a37e2245f0_0 .net *"_ivl_23", 30 0, L_000002a37e2303e8;  1 drivers
v000002a37e223470_0 .net *"_ivl_4", 31 0, L_000002a37e223330;  1 drivers
L_000002a37e2301a8 .functor BUFT 1, C4<0000000000000000000000000000000>, C4<0>, C4<0>, C4<0>;
v000002a37e223650_0 .net *"_ivl_7", 30 0, L_000002a37e2301a8;  1 drivers
o000002a37e1cb6e8 .functor BUFZ 1, C4<z>; HiZ drive
v000002a37e2249b0_0 .net "branch", 0 0, o000002a37e1cb6e8;  0 drivers
v000002a37e224af0_0 .net "branch_control_out", 0 0, v000002a37e223510_0;  1 drivers
o000002a37e1cb718 .functor BUFZ 32, C4<zzzzzzzzzzzzzzzzzzzzzzzzzzzzzzzz>; HiZ drive
v000002a37e224410_0 .net "data1", 31 0, o000002a37e1cb718;  0 drivers
v000002a37e224a50_0 .net "data2", 31 0, o000002a37e1cb748;  0 drivers
v000002a37e223c90_0 .net "data2_out", 31 0, L_000002a37e1ba260;  1 drivers
v000002a37e223790_0 .net "funct3", 2 0, o000002a37e1cb778;  0 drivers
v000002a37e224370_0 .net "funct3_out", 2 0, L_000002a37e1ba110;  1 drivers
o000002a37e1cbb98 .functor BUFZ 32, C4<zzzzzzzzzzzzzzzzzzzzzzzzzzzzzzzz>; HiZ drive
v000002a37e223830_0 .net "immediate", 31 0, o000002a37e1cbb98;  0 drivers
v000002a37e223d30_0 .net "jal_select", 0 0, o000002a37e1cbbc8;  0 drivers
o000002a37e1cb7d8 .functor BUFZ 1, C4<z>; HiZ drive
v000002a37e224cd0_0 .net "jump", 0 0, o000002a37e1cb7d8;  0 drivers
v000002a37e224690_0 .net "memory_read_enable", 0 0, o000002a37e1cbbf8;  0 drivers
v000002a37e223dd0_0 .net "memory_read_enable_out", 0 0, L_000002a37e1baf10;  1 drivers
v000002a37e223970_0 .net "memory_write_enable", 0 0, o000002a37e1cbc58;  0 drivers
v000002a37e224b90_0 .net "memory_write_enable_out", 0 0, L_000002a37e1baf80;  1 drivers
v000002a37e224190_0 .net "mux1_out", 31 0, L_000002a37e2242d0;  1 drivers
v000002a37e2238d0_0 .net "mux1_select", 0 0, o000002a37e1cbcb8;  0 drivers
v000002a37e224c30_0 .net "mux2_out", 31 0, L_000002a37e224f50;  1 drivers
v000002a37e223a10_0 .net "mux2_select", 0 0, o000002a37e1cbce8;  0 drivers
v000002a37e224d70_0 .net "mux3_select", 0 0, o000002a37e1cbd18;  0 drivers
v000002a37e224050_0 .net "mux3_select_out", 0 0, L_000002a37e1ba490;  1 drivers
o000002a37e1cbd78 .functor BUFZ 1, C4<z>; HiZ drive
v000002a37e223e70_0 .net "pc", 0 0, o000002a37e1cbd78;  0 drivers
o000002a37e1cbda8 .functor BUFZ 1, C4<z>; HiZ drive
v000002a37e224730_0 .net "pc4", 0 0, o000002a37e1cbda8;  0 drivers
v000002a37e224e10_0 .net "rd", 4 0, o000002a37e1cbdd8;  0 drivers
v000002a37e223f10_0 .net "rd_out", 4 0, L_000002a37e1ba1f0;  1 drivers
v000002a37e223150_0 .net "regwrite_enable", 0 0, o000002a37e1cbe38;  0 drivers
v000002a37e2240f0_0 .net "regwrite_enable_out", 0 0, L_000002a37e1ba730;  1 drivers
L_000002a37e223330 .concat [ 1 31 0 0], o000002a37e1cbd78, L_000002a37e2301a8;
L_000002a37e2242d0 .functor MUXZ 32, o000002a37e1cb718, L_000002a37e223330, L_000002a37e1ba180, C4<>;
L_000002a37e224f50 .functor MUXZ 32, o000002a37e1cbb98, o000002a37e1cb748, L_000002a37e1bab90, C4<>;
L_000002a37e289bd0 .concat [ 1 31 0 0], o000002a37e1cbda8, L_000002a37e2303e8;
L_000002a37e288c30 .functor MUXZ 32, v000002a37e220e80_0, L_000002a37e289bd0, L_000002a37e1bae30, C4<>;
S_000002a37e175d20 .scope module, "ALU_unit1" "ALU_unit" 3 48, 2 172 0, S_000002a37e176710;
 .timescale 0 0;
    .port_info 0 /INPUT 5 "Opcode";
    .port_info 1 /INPUT 32 "data1";
    .port_info 2 /INPUT 32 "data2";
    .port_info 3 /OUTPUT 32 "result";
v000002a37e21f760_0 .net "Opcode", 4 0, o000002a37e1cb5c8;  alias, 0 drivers
v000002a37e2208e0_0 .net "data1", 31 0, L_000002a37e2242d0;  alias, 1 drivers
v000002a37e220f20_0 .net "data2", 31 0, L_000002a37e224f50;  alias, 1 drivers
v000002a37e220e80_0 .var "result", 31 0;
v000002a37e21f4e0_0 .net "result00", 31 0, L_000002a37e2230b0;  1 drivers
v000002a37e21f120_0 .net "result01", 31 0, L_000002a37e1bac70;  1 drivers
v000002a37e21f1c0_0 .net "result02", 31 0, L_000002a37e1baff0;  1 drivers
v000002a37e220700_0 .net "result03", 31 0, L_000002a37e1bad50;  1 drivers
v000002a37e220a20_0 .net "result04", 31 0, L_000002a37e2231f0;  1 drivers
v000002a37e2202a0_0 .net "result05", 31 0, L_000002a37e2885f0;  1 drivers
L_000002a37e230238 .functor BUFT 1, C4<xxxxxxxxxxxxxxxxxxxxxxxxxxxxxxxx>, C4<0>, C4<0>, C4<0>;
v000002a37e2203e0_0 .net "result06", 31 0, L_000002a37e230238;  1 drivers
v000002a37e220660_0 .net "result07", 31 0, L_000002a37e288a50;  1 drivers
v000002a37e220520_0 .net "result08", 31 0, L_000002a37e2887d0;  1 drivers
v000002a37e21f260_0 .net "result09", 31 0, L_000002a37e2893b0;  1 drivers
v000002a37e21fe40_0 .net "result10", 31 0, L_000002a37e289130;  1 drivers
v000002a37e21f3a0_0 .net "result11", 31 0, L_000002a37e289270;  1 drivers
v000002a37e21f800_0 .net "result12", 31 0, L_000002a37e1badc0;  1 drivers
v000002a37e21f940_0 .net "result13", 31 0, L_000002a37e2899f0;  1 drivers
v000002a37e21fb20_0 .net "result14", 31 0, L_000002a37e288f50;  1 drivers
v000002a37e21fd00_0 .net "result15", 31 0, L_000002a37e288910;  1 drivers
v000002a37e220480_0 .net "result16", 31 0, L_000002a37e288550;  1 drivers
v000002a37e2205c0_0 .net "result17", 31 0, L_000002a37e2891d0;  1 drivers
v000002a37e21fda0_0 .net "result18", 31 0, L_000002a37e2884b0;  1 drivers
E_000002a37e1b7020/0 .event anyedge, v000002a37e21f760_0, v000002a37e1c6c80_0, v000002a37e21f580_0, v000002a37e1c7360_0;
E_000002a37e1b7020/1 .event anyedge, v000002a37e1c6960_0, v000002a37e1c6280_0, v000002a37e1c6b40_0, v000002a37e1c6d20_0;
E_000002a37e1b7020/2 .event anyedge, v000002a37e1c6780_0, v000002a37e1c5b00_0, v000002a37e1c5920_0, v000002a37e1c7180_0;
E_000002a37e1b7020/3 .event anyedge, v000002a37e1c5a60_0, v000002a37e1c5f60_0, v000002a37e1bce50_0, v000002a37e220840_0;
E_000002a37e1b7020/4 .event anyedge, v000002a37e21f9e0_0, v000002a37e21fa80_0, v000002a37e21ff80_0, v000002a37e220d40_0;
E_000002a37e1b7020 .event/or E_000002a37e1b7020/0, E_000002a37e1b7020/1, E_000002a37e1b7020/2, E_000002a37e1b7020/3, E_000002a37e1b7020/4;
S_000002a37e1898b0 .scope module, "add_unit" "Add_unit" 2 184, 2 1 0, S_000002a37e175d20;
 .timescale 0 0;
    .port_info 0 /INPUT 32 "data1";
    .port_info 1 /INPUT 32 "data2";
    .port_info 2 /OUTPUT 32 "result";
v000002a37e1c5e20_0 .net "data1", 31 0, L_000002a37e2242d0;  alias, 1 drivers
v000002a37e1c5ce0_0 .net "data2", 31 0, L_000002a37e224f50;  alias, 1 drivers
v000002a37e1c6c80_0 .net "result", 31 0, L_000002a37e2230b0;  alias, 1 drivers
L_000002a37e2230b0 .arith/sum 32, L_000002a37e2242d0, L_000002a37e224f50;
S_000002a37e189a40 .scope module, "and_unit" "AND_unit" 2 186, 2 24 0, S_000002a37e175d20;
 .timescale 0 0;
    .port_info 0 /INPUT 32 "data1";
    .port_info 1 /INPUT 32 "data2";
    .port_info 2 /OUTPUT 32 "result";
L_000002a37e1baff0 .functor AND 32, L_000002a37e2242d0, L_000002a37e224f50, C4<11111111111111111111111111111111>, C4<11111111111111111111111111111111>;
v000002a37e1c72c0_0 .net "data1", 31 0, L_000002a37e2242d0;  alias, 1 drivers
v000002a37e1c66e0_0 .net "data2", 31 0, L_000002a37e224f50;  alias, 1 drivers
v000002a37e1c7360_0 .net "result", 31 0, L_000002a37e1baff0;  alias, 1 drivers
S_000002a37e18a5f0 .scope module, "div_unit" "DIV_unit" 2 192, 2 86 0, S_000002a37e175d20;
 .timescale 0 0;
    .port_info 0 /INPUT 32 "data1";
    .port_info 1 /INPUT 32 "data2";
    .port_info 2 /OUTPUT 32 "result";
v000002a37e1c6a00_0 .net "data1", 31 0, L_000002a37e2242d0;  alias, 1 drivers
v000002a37e1c61e0_0 .net "data2", 31 0, L_000002a37e224f50;  alias, 1 drivers
v000002a37e1c5b00_0 .net "result", 31 0, L_000002a37e2887d0;  alias, 1 drivers
L_000002a37e2887d0 .arith/div.s 32, L_000002a37e2242d0, L_000002a37e224f50;
S_000002a37e18a780 .scope module, "divu_unit" "DIVU_unit" 2 193, 2 94 0, S_000002a37e175d20;
 .timescale 0 0;
    .port_info 0 /INPUT 32 "data1";
    .port_info 1 /INPUT 32 "data2";
    .port_info 2 /OUTPUT 32 "result";
v000002a37e1c7540_0 .net "data1", 31 0, L_000002a37e2242d0;  alias, 1 drivers
v000002a37e1c5ec0_0 .net "data2", 31 0, L_000002a37e224f50;  alias, 1 drivers
v000002a37e1c5920_0 .net "result", 31 0, L_000002a37e2893b0;  alias, 1 drivers
L_000002a37e2893b0 .arith/div 32, L_000002a37e2242d0, L_000002a37e224f50;
S_000002a37e188370 .scope module, "forward_unit" "Forward_Unit" 2 196, 2 118 0, S_000002a37e175d20;
 .timescale 0 0;
    .port_info 0 /INPUT 32 "data2";
    .port_info 1 /OUTPUT 32 "result";
L_000002a37e1badc0 .functor BUFZ 32, L_000002a37e224f50, C4<00000000000000000000000000000000>, C4<00000000000000000000000000000000>, C4<00000000000000000000000000000000>;
v000002a37e1c6aa0_0 .net "data2", 31 0, L_000002a37e224f50;  alias, 1 drivers
v000002a37e1c5f60_0 .net "result", 31 0, L_000002a37e1badc0;  alias, 1 drivers
S_000002a37e188500 .scope module, "mul_unit" "MUL_unit" 2 188, 2 39 0, S_000002a37e175d20;
 .timescale 0 0;
    .port_info 0 /INPUT 32 "data1";
    .port_info 1 /INPUT 32 "data2";
    .port_info 2 /OUTPUT 32 "result";
v000002a37e1c7040_0 .net "data1", 31 0, L_000002a37e2242d0;  alias, 1 drivers
v000002a37e1c5ba0_0 .net "data2", 31 0, L_000002a37e224f50;  alias, 1 drivers
v000002a37e1c6280_0 .net "result", 31 0, L_000002a37e2231f0;  alias, 1 drivers
v000002a37e1c6f00_0 .var "result1", 64 0;
E_000002a37e1b7d60 .event anyedge, v000002a37e1c5e20_0, v000002a37e1c5ce0_0;
L_000002a37e2231f0 .part v000002a37e1c6f00_0, 0, 32;
S_000002a37e1843a0 .scope module, "mulh_unit" "MULH_unit" 2 189, 2 51 0, S_000002a37e175d20;
 .timescale 0 0;
    .port_info 0 /INPUT 32 "data1";
    .port_info 1 /INPUT 32 "data2";
    .port_info 2 /OUTPUT 32 "result";
v000002a37e1c6000_0 .net "data1", 31 0, L_000002a37e2242d0;  alias, 1 drivers
v000002a37e1c5880_0 .net "data2", 31 0, L_000002a37e224f50;  alias, 1 drivers
v000002a37e1c6b40_0 .net "result", 31 0, L_000002a37e2885f0;  alias, 1 drivers
v000002a37e1c6500_0 .var "result1", 64 0;
L_000002a37e2885f0 .part v000002a37e1c6500_0, 32, 32;
S_000002a37e184530 .scope module, "mulhsu_unit" "MULHSU_unit" 2 191, 2 75 0, S_000002a37e175d20;
 .timescale 0 0;
    .port_info 0 /INPUT 32 "data1";
    .port_info 1 /INPUT 32 "data2";
    .port_info 2 /OUTPUT 32 "result";
v000002a37e1c65a0_0 .net "data1", 31 0, L_000002a37e2242d0;  alias, 1 drivers
v000002a37e1c6be0_0 .net "data2", 31 0, L_000002a37e224f50;  alias, 1 drivers
v000002a37e1c6780_0 .net "result", 31 0, L_000002a37e288a50;  alias, 1 drivers
v000002a37e1c75e0_0 .var "result1", 63 0;
L_000002a37e288a50 .part v000002a37e1c75e0_0, 32, 32;
S_000002a37e187100 .scope module, "mulhu_unit" "MULHU_unit" 2 190, 2 63 0, S_000002a37e175d20;
 .timescale 0 0;
    .port_info 0 /INPUT 32 "data1";
    .port_info 1 /INPUT 32 "data2";
    .port_info 2 /OUTPUT 32 "result";
v000002a37e1c57e0_0 .net "data1", 31 0, L_000002a37e2242d0;  alias, 1 drivers
v000002a37e1c74a0_0 .net "data2", 31 0, L_000002a37e224f50;  alias, 1 drivers
v000002a37e1c6d20_0 .net "result", 31 0, L_000002a37e230238;  alias, 1 drivers
v000002a37e1c7400_0 .var "result1", 63 0;
S_000002a37e187290 .scope module, "or_unit" "OR_unit" 2 187, 2 31 0, S_000002a37e175d20;
 .timescale 0 0;
    .port_info 0 /INPUT 32 "data1";
    .port_info 1 /INPUT 32 "data2";
    .port_info 2 /OUTPUT 32 "result";
L_000002a37e1bad50 .functor OR 32, L_000002a37e2242d0, L_000002a37e224f50, C4<00000000000000000000000000000000>, C4<00000000000000000000000000000000>;
v000002a37e1c6e60_0 .net "data1", 31 0, L_000002a37e2242d0;  alias, 1 drivers
v000002a37e1c68c0_0 .net "data2", 31 0, L_000002a37e224f50;  alias, 1 drivers
v000002a37e1c6960_0 .net "result", 31 0, L_000002a37e1bad50;  alias, 1 drivers
S_000002a37e0be7e0 .scope module, "rem_unit" "REM_unit" 2 194, 2 103 0, S_000002a37e175d20;
 .timescale 0 0;
    .port_info 0 /INPUT 32 "data1";
    .port_info 1 /INPUT 32 "data2";
    .port_info 2 /OUTPUT 32 "result";
v000002a37e1c6fa0_0 .net "data1", 31 0, L_000002a37e2242d0;  alias, 1 drivers
v000002a37e1c70e0_0 .net "data2", 31 0, L_000002a37e224f50;  alias, 1 drivers
v000002a37e1c7180_0 .net "result", 31 0, L_000002a37e289130;  alias, 1 drivers
L_000002a37e289130 .arith/mod.s 32, L_000002a37e2242d0, L_000002a37e224f50;
S_000002a37e0be970 .scope module, "remu_unit" "REMU_unit" 2 195, 2 111 0, S_000002a37e175d20;
 .timescale 0 0;
    .port_info 0 /INPUT 32 "data1";
    .port_info 1 /INPUT 32 "data2";
    .port_info 2 /OUTPUT 32 "result";
v000002a37e1c7680_0 .net "data1", 31 0, L_000002a37e2242d0;  alias, 1 drivers
v000002a37e1c59c0_0 .net "data2", 31 0, L_000002a37e224f50;  alias, 1 drivers
v000002a37e1c5a60_0 .net "result", 31 0, L_000002a37e289270;  alias, 1 drivers
L_000002a37e289270 .arith/mod 32, L_000002a37e2242d0, L_000002a37e224f50;
S_000002a37e178c20 .scope module, "sll_unit" "SLL_Unit" 2 197, 2 124 0, S_000002a37e175d20;
 .timescale 0 0;
    .port_info 0 /INPUT 32 "data1";
    .port_info 1 /INPUT 32 "data2";
    .port_info 2 /OUTPUT 32 "result";
v000002a37e1bc9f0_0 .net "data1", 31 0, L_000002a37e2242d0;  alias, 1 drivers
v000002a37e1bcd10_0 .net "data2", 31 0, L_000002a37e224f50;  alias, 1 drivers
v000002a37e1bce50_0 .net "result", 31 0, L_000002a37e2899f0;  alias, 1 drivers
L_000002a37e2899f0 .shift/l 32, L_000002a37e2242d0, L_000002a37e224f50;
S_000002a37e178db0 .scope module, "slt_unit" "SLT_Unit" 2 199, 2 146 0, S_000002a37e175d20;
 .timescale 0 0;
    .port_info 0 /INPUT 32 "data1";
    .port_info 1 /INPUT 32 "data2";
    .port_info 2 /OUTPUT 32 "result";
v000002a37e220200_0 .net *"_ivl_0", 0 0, L_000002a37e2880f0;  1 drivers
L_000002a37e230280 .functor BUFT 1, C4<00000000000000000000000000000001>, C4<0>, C4<0>, C4<0>;
v000002a37e220340_0 .net/2u *"_ivl_2", 31 0, L_000002a37e230280;  1 drivers
L_000002a37e2302c8 .functor BUFT 1, C4<00000000000000000000000000000000>, C4<0>, C4<0>, C4<0>;
v000002a37e220980_0 .net/2u *"_ivl_4", 31 0, L_000002a37e2302c8;  1 drivers
v000002a37e21f440_0 .net "data1", 31 0, L_000002a37e2242d0;  alias, 1 drivers
v000002a37e21f080_0 .net "data2", 31 0, L_000002a37e224f50;  alias, 1 drivers
v000002a37e21f9e0_0 .net "result", 31 0, L_000002a37e288910;  alias, 1 drivers
L_000002a37e2880f0 .cmp/gt.s 32, L_000002a37e224f50, L_000002a37e2242d0;
L_000002a37e288910 .functor MUXZ 32, L_000002a37e2302c8, L_000002a37e230280, L_000002a37e2880f0, C4<>;
S_000002a37e221090 .scope module, "sltu_unit" "SLTU_unit" 2 202, 2 163 0, S_000002a37e175d20;
 .timescale 0 0;
    .port_info 0 /INPUT 32 "data1";
    .port_info 1 /INPUT 32 "data2";
    .port_info 2 /OUTPUT 32 "result";
v000002a37e2200c0_0 .net *"_ivl_0", 0 0, L_000002a37e289a90;  1 drivers
L_000002a37e230310 .functor BUFT 1, C4<00000000000000000000000000000001>, C4<0>, C4<0>, C4<0>;
v000002a37e21f300_0 .net/2u *"_ivl_2", 31 0, L_000002a37e230310;  1 drivers
L_000002a37e230358 .functor BUFT 1, C4<00000000000000000000000000000000>, C4<0>, C4<0>, C4<0>;
v000002a37e220160_0 .net/2u *"_ivl_4", 31 0, L_000002a37e230358;  1 drivers
v000002a37e220b60_0 .net "data1", 31 0, L_000002a37e2242d0;  alias, 1 drivers
v000002a37e21fc60_0 .net "data2", 31 0, L_000002a37e224f50;  alias, 1 drivers
v000002a37e21ff80_0 .net "result", 31 0, L_000002a37e2891d0;  alias, 1 drivers
L_000002a37e289a90 .cmp/gt 32, L_000002a37e224f50, L_000002a37e2242d0;
L_000002a37e2891d0 .functor MUXZ 32, L_000002a37e230358, L_000002a37e230310, L_000002a37e289a90, C4<>;
S_000002a37e2219f0 .scope module, "sra_unit" "SRA_Unit" 2 198, 2 139 0, S_000002a37e175d20;
 .timescale 0 0;
    .port_info 0 /INPUT 32 "data1";
    .port_info 1 /INPUT 32 "data2";
    .port_info 2 /OUTPUT 32 "result";
v000002a37e21f620_0 .net "data1", 31 0, L_000002a37e2242d0;  alias, 1 drivers
v000002a37e2207a0_0 .net "data2", 31 0, L_000002a37e224f50;  alias, 1 drivers
v000002a37e220840_0 .net "result", 31 0, L_000002a37e288f50;  alias, 1 drivers
L_000002a37e288f50 .shift/r 32, L_000002a37e2242d0, L_000002a37e224f50;
S_000002a37e221b80 .scope module, "srl_unit" "SRL_unit" 2 203, 2 131 0, S_000002a37e175d20;
 .timescale 0 0;
    .port_info 0 /INPUT 32 "data1";
    .port_info 1 /INPUT 32 "data2";
    .port_info 2 /OUTPUT 32 "result";
v000002a37e220c00_0 .net "data1", 31 0, L_000002a37e2242d0;  alias, 1 drivers
v000002a37e220ca0_0 .net "data2", 31 0, L_000002a37e224f50;  alias, 1 drivers
v000002a37e220d40_0 .net "result", 31 0, L_000002a37e2884b0;  alias, 1 drivers
L_000002a37e2884b0 .shift/r 32, L_000002a37e2242d0, L_000002a37e224f50;
S_000002a37e221d10 .scope module, "sub_unit" "Sub_unit" 2 200, 2 9 0, S_000002a37e175d20;
 .timescale 0 0;
    .port_info 0 /INPUT 32 "data1";
    .port_info 1 /INPUT 32 "data2";
    .port_info 2 /OUTPUT 32 "result";
v000002a37e220de0_0 .net "data1", 31 0, L_000002a37e2242d0;  alias, 1 drivers
v000002a37e21f8a0_0 .net "data2", 31 0, L_000002a37e224f50;  alias, 1 drivers
v000002a37e21fa80_0 .net "result", 31 0, L_000002a37e288550;  alias, 1 drivers
L_000002a37e288550 .arith/sub 32, L_000002a37e2242d0, L_000002a37e224f50;
S_000002a37e221540 .scope module, "xor_unit" "XOR_unit" 2 185, 2 17 0, S_000002a37e175d20;
 .timescale 0 0;
    .port_info 0 /INPUT 32 "data1";
    .port_info 1 /INPUT 32 "data2";
    .port_info 2 /OUTPUT 32 "result";
L_000002a37e1bac70 .functor XOR 32, L_000002a37e2242d0, L_000002a37e224f50, C4<00000000000000000000000000000000>, C4<00000000000000000000000000000000>;
v000002a37e21f6c0_0 .net "data1", 31 0, L_000002a37e2242d0;  alias, 1 drivers
v000002a37e21fbc0_0 .net "data2", 31 0, L_000002a37e224f50;  alias, 1 drivers
v000002a37e21f580_0 .net "result", 31 0, L_000002a37e1bac70;  alias, 1 drivers
S_000002a37e221ea0 .scope module, "branch_control1" "branch_control" 3 59, 4 1 0, S_000002a37e176710;
 .timescale 0 0;
    .port_info 0 /INPUT 1 "jump";
    .port_info 1 /INPUT 1 "branch";
    .port_info 2 /INPUT 3 "funct3";
    .port_info 3 /INPUT 32 "data1";
    .port_info 4 /INPUT 32 "data2";
    .port_info 5 /OUTPUT 1 "isJumpOrBranch";
v000002a37e21fee0_0 .net "branch", 0 0, o000002a37e1cb6e8;  alias, 0 drivers
v000002a37e220020_0 .net "data1", 31 0, o000002a37e1cb718;  alias, 0 drivers
v000002a37e220ac0_0 .net "data2", 31 0, o000002a37e1cb748;  alias, 0 drivers
v000002a37e2247d0_0 .net "funct3", 2 0, o000002a37e1cb778;  alias, 0 drivers
v000002a37e223510_0 .var "isJumpOrBranch", 0 0;
v000002a37e224550_0 .net "jump", 0 0, o000002a37e1cb7d8;  alias, 0 drivers
E_000002a37e1b8d20/0 .event anyedge, v000002a37e2247d0_0, v000002a37e21fee0_0, v000002a37e224550_0, v000002a37e220ac0_0;
E_000002a37e1b8d20/1 .event anyedge, v000002a37e220020_0;
E_000002a37e1b8d20 .event/or E_000002a37e1b8d20/0, E_000002a37e1b8d20/1;
    .scope S_000002a37e188500;
T_0 ;
    %wait E_000002a37e1b7d60;
    %load/vec4 v000002a37e1c7040_0;
    %pad/s 65;
    %load/vec4 v000002a37e1c5ba0_0;
    %pad/s 65;
    %mul;
    %store/vec4 v000002a37e1c6f00_0, 0, 65;
    %jmp T_0;
    .thread T_0, $push;
    .scope S_000002a37e1843a0;
T_1 ;
    %wait E_000002a37e1b7d60;
    %load/vec4 v000002a37e1c6000_0;
    %pad/s 65;
    %load/vec4 v000002a37e1c5880_0;
    %pad/s 65;
    %mul;
    %store/vec4 v000002a37e1c6500_0, 0, 65;
    %jmp T_1;
    .thread T_1, $push;
    .scope S_000002a37e187100;
T_2 ;
    %wait E_000002a37e1b7d60;
    %load/vec4 v000002a37e1c57e0_0;
    %pad/u 64;
    %load/vec4 v000002a37e1c74a0_0;
    %pad/u 64;
    %mul;
    %store/vec4 v000002a37e1c7400_0, 0, 64;
    %jmp T_2;
    .thread T_2, $push;
    .scope S_000002a37e184530;
T_3 ;
    %wait E_000002a37e1b7d60;
    %load/vec4 v000002a37e1c65a0_0;
    %pad/u 64;
    %load/vec4 v000002a37e1c6be0_0;
    %pad/u 64;
    %mul;
    %store/vec4 v000002a37e1c75e0_0, 0, 64;
    %jmp T_3;
    .thread T_3, $push;
    .scope S_000002a37e175d20;
T_4 ;
    %wait E_000002a37e1b7020;
    %load/vec4 v000002a37e21f760_0;
    %dup/vec4;
    %pushi/vec4 0, 0, 5;
    %cmp/u;
    %jmp/1 T_4.0, 6;
    %dup/vec4;
    %pushi/vec4 1, 0, 5;
    %cmp/u;
    %jmp/1 T_4.1, 6;
    %dup/vec4;
    %pushi/vec4 2, 0, 5;
    %cmp/u;
    %jmp/1 T_4.2, 6;
    %dup/vec4;
    %pushi/vec4 3, 0, 5;
    %cmp/u;
    %jmp/1 T_4.3, 6;
    %dup/vec4;
    %pushi/vec4 4, 0, 5;
    %cmp/u;
    %jmp/1 T_4.4, 6;
    %dup/vec4;
    %pushi/vec4 5, 0, 5;
    %cmp/u;
    %jmp/1 T_4.5, 6;
    %dup/vec4;
    %pushi/vec4 6, 0, 5;
    %cmp/u;
    %jmp/1 T_4.6, 6;
    %dup/vec4;
    %pushi/vec4 7, 0, 5;
    %cmp/u;
    %jmp/1 T_4.7, 6;
    %dup/vec4;
    %pushi/vec4 8, 0, 5;
    %cmp/u;
    %jmp/1 T_4.8, 6;
    %dup/vec4;
    %pushi/vec4 9, 0, 5;
    %cmp/u;
    %jmp/1 T_4.9, 6;
    %dup/vec4;
    %pushi/vec4 10, 0, 5;
    %cmp/u;
    %jmp/1 T_4.10, 6;
    %dup/vec4;
    %pushi/vec4 11, 0, 5;
    %cmp/u;
    %jmp/1 T_4.11, 6;
    %dup/vec4;
    %pushi/vec4 12, 0, 5;
    %cmp/u;
    %jmp/1 T_4.12, 6;
    %dup/vec4;
    %pushi/vec4 13, 0, 5;
    %cmp/u;
    %jmp/1 T_4.13, 6;
    %dup/vec4;
    %pushi/vec4 14, 0, 5;
    %cmp/u;
    %jmp/1 T_4.14, 6;
    %dup/vec4;
    %pushi/vec4 15, 0, 5;
    %cmp/u;
    %jmp/1 T_4.15, 6;
    %dup/vec4;
    %pushi/vec4 16, 0, 5;
    %cmp/u;
    %jmp/1 T_4.16, 6;
    %dup/vec4;
    %pushi/vec4 17, 0, 5;
    %cmp/u;
    %jmp/1 T_4.17, 6;
    %dup/vec4;
    %pushi/vec4 18, 0, 5;
    %cmp/u;
    %jmp/1 T_4.18, 6;
    %pushi/vec4 4294967295, 4294967295, 32;
    %store/vec4 v000002a37e220e80_0, 0, 32;
    %jmp T_4.20;
T_4.0 ;
    %load/vec4 v000002a37e21f4e0_0;
    %store/vec4 v000002a37e220e80_0, 0, 32;
    %jmp T_4.20;
T_4.1 ;
    %load/vec4 v000002a37e21f120_0;
    %store/vec4 v000002a37e220e80_0, 0, 32;
    %jmp T_4.20;
T_4.2 ;
    %load/vec4 v000002a37e21f1c0_0;
    %store/vec4 v000002a37e220e80_0, 0, 32;
    %jmp T_4.20;
T_4.3 ;
    %load/vec4 v000002a37e220700_0;
    %store/vec4 v000002a37e220e80_0, 0, 32;
    %jmp T_4.20;
T_4.4 ;
    %load/vec4 v000002a37e220a20_0;
    %store/vec4 v000002a37e220e80_0, 0, 32;
    %jmp T_4.20;
T_4.5 ;
    %load/vec4 v000002a37e2202a0_0;
    %store/vec4 v000002a37e220e80_0, 0, 32;
    %jmp T_4.20;
T_4.6 ;
    %load/vec4 v000002a37e2203e0_0;
    %store/vec4 v000002a37e220e80_0, 0, 32;
    %jmp T_4.20;
T_4.7 ;
    %load/vec4 v000002a37e220660_0;
    %store/vec4 v000002a37e220e80_0, 0, 32;
    %jmp T_4.20;
T_4.8 ;
    %load/vec4 v000002a37e220520_0;
    %store/vec4 v000002a37e220e80_0, 0, 32;
    %jmp T_4.20;
T_4.9 ;
    %load/vec4 v000002a37e21f260_0;
    %store/vec4 v000002a37e220e80_0, 0, 32;
    %jmp T_4.20;
T_4.10 ;
    %load/vec4 v000002a37e21fe40_0;
    %store/vec4 v000002a37e220e80_0, 0, 32;
    %jmp T_4.20;
T_4.11 ;
    %load/vec4 v000002a37e21f3a0_0;
    %store/vec4 v000002a37e220e80_0, 0, 32;
    %jmp T_4.20;
T_4.12 ;
    %load/vec4 v000002a37e21f800_0;
    %store/vec4 v000002a37e220e80_0, 0, 32;
    %jmp T_4.20;
T_4.13 ;
    %load/vec4 v000002a37e21f940_0;
    %store/vec4 v000002a37e220e80_0, 0, 32;
    %jmp T_4.20;
T_4.14 ;
    %load/vec4 v000002a37e21fb20_0;
    %store/vec4 v000002a37e220e80_0, 0, 32;
    %jmp T_4.20;
T_4.15 ;
    %load/vec4 v000002a37e21fd00_0;
    %store/vec4 v000002a37e220e80_0, 0, 32;
    %jmp T_4.20;
T_4.16 ;
    %load/vec4 v000002a37e220480_0;
    %store/vec4 v000002a37e220e80_0, 0, 32;
    %jmp T_4.20;
T_4.17 ;
    %load/vec4 v000002a37e2205c0_0;
    %store/vec4 v000002a37e220e80_0, 0, 32;
    %jmp T_4.20;
T_4.18 ;
    %load/vec4 v000002a37e21fda0_0;
    %store/vec4 v000002a37e220e80_0, 0, 32;
    %jmp T_4.20;
T_4.20 ;
    %pop/vec4 1;
    %jmp T_4;
    .thread T_4, $push;
    .scope S_000002a37e221ea0;
T_5 ;
    %wait E_000002a37e1b8d20;
    %load/vec4 v000002a37e224550_0;
    %flag_set/vec4 8;
    %jmp/0xz  T_5.0, 8;
    %pushi/vec4 1, 0, 1;
    %store/vec4 v000002a37e223510_0, 0, 1;
    %jmp T_5.1;
T_5.0 ;
    %load/vec4 v000002a37e21fee0_0;
    %flag_set/vec4 8;
    %jmp/0xz  T_5.2, 8;
    %load/vec4 v000002a37e2247d0_0;
    %dup/vec4;
    %pushi/vec4 0, 0, 3;
    %cmp/u;
    %jmp/1 T_5.4, 6;
    %dup/vec4;
    %pushi/vec4 1, 0, 3;
    %cmp/u;
    %jmp/1 T_5.5, 6;
    %dup/vec4;
    %pushi/vec4 2, 0, 3;
    %cmp/u;
    %jmp/1 T_5.6, 6;
    %dup/vec4;
    %pushi/vec4 3, 0, 3;
    %cmp/u;
    %jmp/1 T_5.7, 6;
    %dup/vec4;
    %pushi/vec4 4, 0, 3;
    %cmp/u;
    %jmp/1 T_5.8, 6;
    %dup/vec4;
    %pushi/vec4 7, 0, 3;
    %cmp/u;
    %jmp/1 T_5.9, 6;
    %pushi/vec4 0, 0, 1;
    %store/vec4 v000002a37e223510_0, 0, 1;
    %jmp T_5.11;
T_5.4 ;
    %load/vec4 v000002a37e220020_0;
    %load/vec4 v000002a37e220ac0_0;
    %cmp/e;
    %jmp/0xz  T_5.12, 4;
    %pushi/vec4 1, 0, 1;
    %store/vec4 v000002a37e223510_0, 0, 1;
T_5.12 ;
    %jmp T_5.11;
T_5.5 ;
    %load/vec4 v000002a37e220020_0;
    %load/vec4 v000002a37e220ac0_0;
    %cmp/ne;
    %jmp/0xz  T_5.14, 4;
    %pushi/vec4 1, 0, 1;
    %store/vec4 v000002a37e223510_0, 0, 1;
T_5.14 ;
    %jmp T_5.11;
T_5.6 ;
    %load/vec4 v000002a37e220020_0;
    %load/vec4 v000002a37e220ac0_0;
    %cmp/s;
    %jmp/0xz  T_5.16, 5;
    %pushi/vec4 1, 0, 1;
    %store/vec4 v000002a37e223510_0, 0, 1;
T_5.16 ;
    %jmp T_5.11;
T_5.7 ;
    %load/vec4 v000002a37e220ac0_0;
    %load/vec4 v000002a37e220020_0;
    %cmp/s;
    %flag_or 5, 4;
    %jmp/0xz  T_5.18, 5;
    %pushi/vec4 1, 0, 1;
    %store/vec4 v000002a37e223510_0, 0, 1;
T_5.18 ;
    %jmp T_5.11;
T_5.8 ;
    %load/vec4 v000002a37e220020_0;
    %load/vec4 v000002a37e220ac0_0;
    %cmp/u;
    %jmp/0xz  T_5.20, 5;
    %pushi/vec4 1, 0, 1;
    %store/vec4 v000002a37e223510_0, 0, 1;
T_5.20 ;
    %jmp T_5.11;
T_5.9 ;
    %load/vec4 v000002a37e220ac0_0;
    %load/vec4 v000002a37e220020_0;
    %cmp/u;
    %flag_or 5, 4;
    %jmp/0xz  T_5.22, 5;
    %pushi/vec4 1, 0, 1;
    %store/vec4 v000002a37e223510_0, 0, 1;
T_5.22 ;
    %jmp T_5.11;
T_5.11 ;
    %pop/vec4 1;
    %jmp T_5.3;
T_5.2 ;
    %pushi/vec4 0, 0, 1;
    %store/vec4 v000002a37e223510_0, 0, 1;
T_5.3 ;
T_5.1 ;
    %jmp T_5;
    .thread T_5, $push;
# The file index is used to find the file name in the following table.
:file_names 5;
    "N/A";
    "<interactive>";
    "./../ALU/ALU.v";
    "instruction_execution.v";
    "./../branch control/branch_control.v";
