#! /c/Source/iverilog-install/bin/vvp
:ivl_version "12.0 (devel)" "(s20150603-1539-g2693dd32b)";
:ivl_delay_selection "TYPICAL";
:vpi_time_precision + 0;
:vpi_module "D:\verilog\iverilog\lib\ivl\system.vpi";
:vpi_module "D:\verilog\iverilog\lib\ivl\vhdl_sys.vpi";
:vpi_module "D:\verilog\iverilog\lib\ivl\vhdl_textio.vpi";
:vpi_module "D:\verilog\iverilog\lib\ivl\v2005_math.vpi";
:vpi_module "D:\verilog\iverilog\lib\ivl\va_math.vpi";
S_000001a12901b610 .scope module, "instruction_decode" "instruction_decode" 2 5;
 .timescale 0 0;
    .port_info 0 /INPUT 32 "instruction";
    .port_info 1 /INPUT 1 "clk";
    .port_info 2 /INPUT 1 "reset";
    .port_info 3 /INPUT 1 "wite_enable";
    .port_info 4 /INPUT 32 "write_data";
    .port_info 5 /INPUT 5 "write_reg";
    .port_info 6 /INPUT 32 "pc";
    .port_info 7 /INPUT 32 "pc4";
    .port_info 8 /OUTPUT 32 "pc_out";
    .port_info 9 /OUTPUT 32 "pc4_out";
    .port_info 10 /OUTPUT 5 "AlU_opcode";
    .port_info 11 /OUTPUT 1 "mux1_select";
    .port_info 12 /OUTPUT 1 "mux2_select";
    .port_info 13 /OUTPUT 1 "reg_write_enable";
    .port_info 14 /OUTPUT 1 "mem_write_enable";
    .port_info 15 /OUTPUT 1 "mem_read_enable";
    .port_info 16 /OUTPUT 1 "branch";
    .port_info 17 /OUTPUT 1 "jump";
    .port_info 18 /OUTPUT 1 "JAL_select";
    .port_info 19 /OUTPUT 32 "immidiate_value";
    .port_info 20 /OUTPUT 32 "data1";
    .port_info 21 /OUTPUT 32 "data2";
    .port_info 22 /OUTPUT 3 "funct3";
    .port_info 23 /OUTPUT 5 "Rd";
v000001a12908da60_0 .net "AlU_opcode", 4 0, v000001a12903aff0_0;  1 drivers
v000001a12908dba0_0 .net "JAL_select", 0 0, v000001a12903af50_0;  1 drivers
v000001a12908d600_0 .net "Rd", 4 0, L_000001a129097080;  1 drivers
v000001a12908dc40_0 .net "branch", 0 0, v000001a12903aaf0_0;  1 drivers
o000001a12903cbf8 .functor BUFZ 1, C4<z>; HiZ drive
v000001a12908e640_0 .net "clk", 0 0, o000001a12903cbf8;  0 drivers
v000001a12908e3c0_0 .net "data1", 31 0, L_000001a12902e560;  1 drivers
v000001a12908d6a0_0 .net "data2", 31 0, L_000001a12902da70;  1 drivers
v000001a12908db00_0 .net "funct3", 2 0, L_000001a129097e40;  1 drivers
v000001a12908e460_0 .net "imm_select", 2 0, v000001a12903b270_0;  1 drivers
v000001a12908d9c0_0 .net "immidiate_value", 31 0, v000001a12903a9b0_0;  1 drivers
o000001a12903c568 .functor BUFZ 32, C4<zzzzzzzzzzzzzzzzzzzzzzzzzzzzzzzz>; HiZ drive
v000001a12908d740_0 .net "instruction", 31 0, o000001a12903c568;  0 drivers
v000001a12908dce0_0 .net "jump", 0 0, v000001a12903a730_0;  1 drivers
v000001a12908dd80_0 .net "mem_read_enable", 0 0, v000001a12903a7d0_0;  1 drivers
v000001a12908e500_0 .net "mem_write_enable", 0 0, v000001a12903a870_0;  1 drivers
v000001a12908e5a0_0 .net "mux1_select", 0 0, v000001a12903a910_0;  1 drivers
v000001a12908e6e0_0 .net "mux2_select", 0 0, v000001a12903acd0_0;  1 drivers
o000001a12903cf58 .functor BUFZ 32, C4<zzzzzzzzzzzzzzzzzzzzzzzzzzzzzzzz>; HiZ drive
v000001a12908e780_0 .net "pc", 31 0, o000001a12903cf58;  0 drivers
o000001a12903cf88 .functor BUFZ 32, C4<zzzzzzzzzzzzzzzzzzzzzzzzzzzzzzzz>; HiZ drive
v000001a12908e820_0 .net "pc4", 31 0, o000001a12903cf88;  0 drivers
o000001a12903cfb8 .functor BUFZ 32, C4<zzzzzzzzzzzzzzzzzzzzzzzzzzzzzzzz>; HiZ drive
v000001a12908ebe0_0 .net "pc4_out", 31 0, o000001a12903cfb8;  0 drivers
o000001a12903cfe8 .functor BUFZ 32, C4<zzzzzzzzzzzzzzzzzzzzzzzzzzzzzzzz>; HiZ drive
v000001a12908e8c0_0 .net "pc_out", 31 0, o000001a12903cfe8;  0 drivers
v000001a12908e960_0 .net "reg_write_enable", 0 0, v000001a12903b090_0;  1 drivers
o000001a12903ccb8 .functor BUFZ 1, C4<z>; HiZ drive
v000001a12908ea00_0 .net "reset", 0 0, o000001a12903ccb8;  0 drivers
o000001a12903d018 .functor BUFZ 1, C4<z>; HiZ drive
v000001a12908eaa0_0 .net "wite_enable", 0 0, o000001a12903d018;  0 drivers
o000001a12903cc88 .functor BUFZ 32, C4<zzzzzzzzzzzzzzzzzzzzzzzzzzzzzzzz>; HiZ drive
v000001a12908eb40_0 .net "write_data", 31 0, o000001a12903cc88;  0 drivers
o000001a12903cce8 .functor BUFZ 1, C4<z>; HiZ drive
v000001a12908ed20_0 .net "write_enable", 0 0, o000001a12903cce8;  0 drivers
o000001a12903cd18 .functor BUFZ 5, C4<zzzzz>; HiZ drive
v000001a12908d240_0 .net "write_reg", 4 0, o000001a12903cd18;  0 drivers
L_000001a129098700 .part o000001a12903c568, 15, 5;
L_000001a129097a80 .part o000001a12903c568, 20, 5;
L_000001a129097e40 .part o000001a12903c568, 12, 3;
L_000001a129097080 .part o000001a12903c568, 7, 5;
S_000001a12902d4c0 .scope module, "control_unit" "control_unit" 2 42, 3 1 0, S_000001a12901b610;
 .timescale 0 0;
    .port_info 0 /INPUT 32 "instruction";
    .port_info 1 /OUTPUT 5 "AlU_opcode";
    .port_info 2 /OUTPUT 1 "mux1_select";
    .port_info 3 /OUTPUT 1 "mux2_select";
    .port_info 4 /OUTPUT 1 "mux3_select";
    .port_info 5 /OUTPUT 1 "regwrite_enable";
    .port_info 6 /OUTPUT 1 "mem_read";
    .port_info 7 /OUTPUT 1 "mem_write";
    .port_info 8 /OUTPUT 1 "branch";
    .port_info 9 /OUTPUT 1 "jump";
    .port_info 10 /OUTPUT 1 "jal_select";
    .port_info 11 /OUTPUT 3 "imm_select";
v000001a12903aff0_0 .var "AlU_opcode", 4 0;
v000001a12903a410_0 .net *"_ivl_1", 6 0, L_000001a12908ef00;  1 drivers
v000001a12903b1d0_0 .net *"_ivl_5", 2 0, L_000001a12908d100;  1 drivers
v000001a12903a5f0_0 .net *"_ivl_9", 6 0, L_000001a12908d2e0;  1 drivers
v000001a12903aaf0_0 .var "branch", 0 0;
v000001a12903aeb0_0 .net "funct3", 0 0, L_000001a12908d1a0;  1 drivers
v000001a12903ac30_0 .net "funct7", 0 0, L_000001a129097580;  1 drivers
v000001a12903b270_0 .var "imm_select", 2 0;
v000001a12903a690_0 .net "instruction", 31 0, o000001a12903c568;  alias, 0 drivers
v000001a12903af50_0 .var "jal_select", 0 0;
v000001a12903a730_0 .var "jump", 0 0;
v000001a12903a7d0_0 .var "mem_read", 0 0;
v000001a12903a870_0 .var "mem_write", 0 0;
v000001a12903a910_0 .var "mux1_select", 0 0;
v000001a12903acd0_0 .var "mux2_select", 0 0;
v000001a12903b130_0 .var "mux3_select", 0 0;
v000001a12903ad70_0 .net "opcode", 0 0, L_000001a12908d060;  1 drivers
v000001a12903b090_0 .var "regwrite_enable", 0 0;
E_000001a129011660 .event anyedge, v000001a12903aeb0_0, v000001a12903ac30_0, v000001a12903ad70_0;
L_000001a12908ef00 .part o000001a12903c568, 0, 7;
L_000001a12908d060 .part L_000001a12908ef00, 0, 1;
L_000001a12908d100 .part o000001a12903c568, 12, 3;
L_000001a12908d1a0 .part L_000001a12908d100, 0, 1;
L_000001a12908d2e0 .part o000001a12903c568, 25, 7;
L_000001a129097580 .part L_000001a12908d2e0, 0, 1;
S_000001a12902d760 .scope module, "immidiate" "immediate_extend" 2 59, 4 1 0, S_000001a12901b610;
 .timescale 0 0;
    .port_info 0 /INPUT 32 "instruction";
    .port_info 1 /INPUT 3 "imm_select";
    .port_info 2 /OUTPUT 32 "immediate";
v000001a12903ae10_0 .net "imm_select", 2 0, v000001a12903b270_0;  alias, 1 drivers
v000001a12903a9b0_0 .var "immediate", 31 0;
v000001a12908e0a0_0 .net "instruction", 31 0, o000001a12903c568;  alias, 0 drivers
E_000001a1290118a0 .event anyedge, v000001a12903b270_0, v000001a12903a690_0;
S_000001a129026100 .scope module, "register_file" "register_file" 2 68, 5 1 0, S_000001a12901b610;
 .timescale 0 0;
    .port_info 0 /OUTPUT 32 "data1";
    .port_info 1 /OUTPUT 32 "data2";
    .port_info 2 /INPUT 5 "addr1";
    .port_info 3 /INPUT 5 "addr2";
    .port_info 4 /INPUT 1 "write_enable";
    .port_info 5 /INPUT 1 "clk";
    .port_info 6 /INPUT 32 "reg_write_data";
    .port_info 7 /INPUT 1 "reset";
    .port_info 8 /INPUT 5 "write_reg_addr";
L_000001a12902e560 .functor BUFZ 32, L_000001a1290974e0, C4<00000000000000000000000000000000>, C4<00000000000000000000000000000000>, C4<00000000000000000000000000000000>;
L_000001a12902da70 .functor BUFZ 32, L_000001a1290976c0, C4<00000000000000000000000000000000>, C4<00000000000000000000000000000000>, C4<00000000000000000000000000000000>;
o000001a12903ca48 .functor BUFZ 1, C4<z>; HiZ drive
v000001a12908d380_0 .net "R", 0 0, o000001a12903ca48;  0 drivers
v000001a12908d880_0 .net *"_ivl_0", 31 0, L_000001a1290974e0;  1 drivers
v000001a12908e280_0 .net *"_ivl_10", 6 0, L_000001a129098660;  1 drivers
L_000001a1291600d0 .functor BUFT 1, C4<00>, C4<0>, C4<0>, C4<0>;
v000001a12908dec0_0 .net *"_ivl_13", 1 0, L_000001a1291600d0;  1 drivers
v000001a12908e320_0 .net *"_ivl_2", 6 0, L_000001a129098f20;  1 drivers
L_000001a129160088 .functor BUFT 1, C4<00>, C4<0>, C4<0>, C4<0>;
v000001a12908df60_0 .net *"_ivl_5", 1 0, L_000001a129160088;  1 drivers
v000001a12908d920_0 .net *"_ivl_8", 31 0, L_000001a1290976c0;  1 drivers
v000001a12908d7e0_0 .net "addr1", 4 0, L_000001a129098700;  1 drivers
v000001a12908ec80_0 .net "addr2", 4 0, L_000001a129097a80;  1 drivers
v000001a12908d420_0 .net "clk", 0 0, o000001a12903cbf8;  alias, 0 drivers
v000001a12908de20_0 .net "data1", 31 0, L_000001a12902e560;  alias, 1 drivers
v000001a12908edc0_0 .net "data2", 31 0, L_000001a12902da70;  alias, 1 drivers
v000001a12908ee60_0 .net "reg_write_data", 31 0, o000001a12903cc88;  alias, 0 drivers
v000001a12908e000 .array "register", 0 31, 31 0;
v000001a12908d4c0_0 .net "reset", 0 0, o000001a12903ccb8;  alias, 0 drivers
v000001a12908e140_0 .net "write_enable", 0 0, o000001a12903cce8;  alias, 0 drivers
v000001a12908e1e0_0 .net "write_reg_addr", 4 0, o000001a12903cd18;  alias, 0 drivers
E_000001a129011d60 .event posedge, v000001a12908d420_0;
L_000001a1290974e0 .array/port v000001a12908e000, L_000001a129098f20;
L_000001a129098f20 .concat [ 5 2 0 0], L_000001a129098700, L_000001a129160088;
L_000001a1290976c0 .array/port v000001a12908e000, L_000001a129098660;
L_000001a129098660 .concat [ 5 2 0 0], L_000001a129097a80, L_000001a1291600d0;
    .scope S_000001a12902d4c0;
T_0 ;
    %wait E_000001a129011660;
    %load/vec4 v000001a12903ad70_0;
    %pad/u 6;
    %dup/vec4;
    %pushi/vec4 51, 0, 6;
    %cmp/u;
    %jmp/1 T_0.0, 6;
    %jmp T_0.1;
T_0.0 ;
    %pushi/vec4 0, 0, 1;
    %store/vec4 v000001a12903a910_0, 0, 1;
    %pushi/vec4 0, 0, 1;
    %store/vec4 v000001a12903acd0_0, 0, 1;
    %pushi/vec4 0, 0, 1;
    %store/vec4 v000001a12903b130_0, 0, 1;
    %pushi/vec4 1, 0, 1;
    %store/vec4 v000001a12903b090_0, 0, 1;
    %pushi/vec4 0, 0, 1;
    %store/vec4 v000001a12903a7d0_0, 0, 1;
    %pushi/vec4 0, 0, 1;
    %store/vec4 v000001a12903a870_0, 0, 1;
    %pushi/vec4 0, 0, 1;
    %store/vec4 v000001a12903aaf0_0, 0, 1;
    %pushi/vec4 0, 0, 1;
    %store/vec4 v000001a12903a730_0, 0, 1;
    %pushi/vec4 0, 0, 1;
    %store/vec4 v000001a12903af50_0, 0, 1;
    %pushi/vec4 0, 0, 3;
    %store/vec4 v000001a12903b270_0, 0, 3;
    %load/vec4 v000001a12903ac30_0;
    %load/vec4 v000001a12903aeb0_0;
    %concat/vec4; draw_concat_vec4
    %pad/u 9;
    %dup/vec4;
    %pushi/vec4 0, 0, 9;
    %cmp/u;
    %jmp/1 T_0.2, 6;
    %dup/vec4;
    %pushi/vec4 256, 0, 9;
    %cmp/u;
    %jmp/1 T_0.3, 6;
    %dup/vec4;
    %pushi/vec4 1, 0, 9;
    %cmp/u;
    %jmp/1 T_0.4, 6;
    %dup/vec4;
    %pushi/vec4 2, 0, 9;
    %cmp/u;
    %jmp/1 T_0.5, 6;
    %dup/vec4;
    %pushi/vec4 3, 0, 9;
    %cmp/u;
    %jmp/1 T_0.6, 6;
    %dup/vec4;
    %pushi/vec4 4, 0, 9;
    %cmp/u;
    %jmp/1 T_0.7, 6;
    %dup/vec4;
    %pushi/vec4 5, 0, 9;
    %cmp/u;
    %jmp/1 T_0.8, 6;
    %dup/vec4;
    %pushi/vec4 261, 0, 9;
    %cmp/u;
    %jmp/1 T_0.9, 6;
    %dup/vec4;
    %pushi/vec4 6, 0, 9;
    %cmp/u;
    %jmp/1 T_0.10, 6;
    %dup/vec4;
    %pushi/vec4 7, 0, 9;
    %cmp/u;
    %jmp/1 T_0.11, 6;
    %dup/vec4;
    %pushi/vec4 8, 0, 9;
    %cmp/u;
    %jmp/1 T_0.12, 6;
    %dup/vec4;
    %pushi/vec4 9, 0, 9;
    %cmp/u;
    %jmp/1 T_0.13, 6;
    %dup/vec4;
    %pushi/vec4 10, 0, 9;
    %cmp/u;
    %jmp/1 T_0.14, 6;
    %dup/vec4;
    %pushi/vec4 11, 0, 9;
    %cmp/u;
    %jmp/1 T_0.15, 6;
    %dup/vec4;
    %pushi/vec4 12, 0, 9;
    %cmp/u;
    %jmp/1 T_0.16, 6;
    %dup/vec4;
    %pushi/vec4 13, 0, 9;
    %cmp/u;
    %jmp/1 T_0.17, 6;
    %dup/vec4;
    %pushi/vec4 14, 0, 9;
    %cmp/u;
    %jmp/1 T_0.18, 6;
    %dup/vec4;
    %pushi/vec4 15, 0, 9;
    %cmp/u;
    %jmp/1 T_0.19, 6;
    %pushi/vec4 0, 0, 5;
    %store/vec4 v000001a12903aff0_0, 0, 5;
    %jmp T_0.21;
T_0.2 ;
    %pushi/vec4 0, 0, 5;
    %store/vec4 v000001a12903aff0_0, 0, 5;
    %jmp T_0.21;
T_0.3 ;
    %pushi/vec4 16, 0, 5;
    %store/vec4 v000001a12903aff0_0, 0, 5;
    %jmp T_0.21;
T_0.4 ;
    %pushi/vec4 13, 0, 5;
    %store/vec4 v000001a12903aff0_0, 0, 5;
    %jmp T_0.21;
T_0.5 ;
    %pushi/vec4 15, 0, 5;
    %store/vec4 v000001a12903aff0_0, 0, 5;
    %jmp T_0.21;
T_0.6 ;
    %pushi/vec4 17, 0, 5;
    %store/vec4 v000001a12903aff0_0, 0, 5;
    %jmp T_0.21;
T_0.7 ;
    %pushi/vec4 1, 0, 5;
    %store/vec4 v000001a12903aff0_0, 0, 5;
    %jmp T_0.21;
T_0.8 ;
    %pushi/vec4 18, 0, 5;
    %store/vec4 v000001a12903aff0_0, 0, 5;
    %jmp T_0.21;
T_0.9 ;
    %pushi/vec4 14, 0, 5;
    %store/vec4 v000001a12903aff0_0, 0, 5;
    %jmp T_0.21;
T_0.10 ;
    %pushi/vec4 3, 0, 5;
    %store/vec4 v000001a12903aff0_0, 0, 5;
    %jmp T_0.21;
T_0.11 ;
    %pushi/vec4 2, 0, 5;
    %store/vec4 v000001a12903aff0_0, 0, 5;
    %jmp T_0.21;
T_0.12 ;
    %pushi/vec4 4, 0, 5;
    %store/vec4 v000001a12903aff0_0, 0, 5;
    %jmp T_0.21;
T_0.13 ;
    %pushi/vec4 5, 0, 5;
    %store/vec4 v000001a12903aff0_0, 0, 5;
    %jmp T_0.21;
T_0.14 ;
    %pushi/vec4 11, 0, 5;
    %store/vec4 v000001a12903aff0_0, 0, 5;
    %jmp T_0.21;
T_0.15 ;
    %pushi/vec4 6, 0, 5;
    %store/vec4 v000001a12903aff0_0, 0, 5;
    %jmp T_0.21;
T_0.16 ;
    %pushi/vec4 8, 0, 5;
    %store/vec4 v000001a12903aff0_0, 0, 5;
    %jmp T_0.21;
T_0.17 ;
    %pushi/vec4 9, 0, 5;
    %store/vec4 v000001a12903aff0_0, 0, 5;
    %jmp T_0.21;
T_0.18 ;
    %pushi/vec4 10, 0, 5;
    %store/vec4 v000001a12903aff0_0, 0, 5;
    %jmp T_0.21;
T_0.19 ;
    %pushi/vec4 11, 0, 5;
    %store/vec4 v000001a12903aff0_0, 0, 5;
    %jmp T_0.21;
T_0.21 ;
    %pop/vec4 1;
    %jmp T_0.1;
T_0.1 ;
    %pop/vec4 1;
    %jmp T_0;
    .thread T_0, $push;
    .scope S_000001a12902d760;
T_1 ;
    %wait E_000001a1290118a0;
    %load/vec4 v000001a12903ae10_0;
    %dup/vec4;
    %pushi/vec4 0, 0, 3;
    %cmp/u;
    %jmp/1 T_1.0, 6;
    %dup/vec4;
    %pushi/vec4 1, 0, 3;
    %cmp/u;
    %jmp/1 T_1.1, 6;
    %dup/vec4;
    %pushi/vec4 2, 0, 3;
    %cmp/u;
    %jmp/1 T_1.2, 6;
    %dup/vec4;
    %pushi/vec4 3, 0, 3;
    %cmp/u;
    %jmp/1 T_1.3, 6;
    %dup/vec4;
    %pushi/vec4 4, 0, 3;
    %cmp/u;
    %jmp/1 T_1.4, 6;
    %jmp T_1.5;
T_1.0 ;
    %load/vec4 v000001a12908e0a0_0;
    %parti/s 1, 31, 6;
    %replicate 21;
    %load/vec4 v000001a12908e0a0_0;
    %parti/s 6, 25, 6;
    %concat/vec4; draw_concat_vec4
    %load/vec4 v000001a12908e0a0_0;
    %parti/s 4, 21, 6;
    %concat/vec4; draw_concat_vec4
    %load/vec4 v000001a12908e0a0_0;
    %parti/s 1, 20, 6;
    %concat/vec4; draw_concat_vec4
    %store/vec4 v000001a12903a9b0_0, 0, 32;
    %jmp T_1.5;
T_1.1 ;
    %load/vec4 v000001a12908e0a0_0;
    %parti/s 1, 31, 6;
    %replicate 21;
    %load/vec4 v000001a12908e0a0_0;
    %parti/s 6, 25, 6;
    %concat/vec4; draw_concat_vec4
    %load/vec4 v000001a12908e0a0_0;
    %parti/s 4, 8, 5;
    %concat/vec4; draw_concat_vec4
    %load/vec4 v000001a12908e0a0_0;
    %parti/s 1, 7, 4;
    %concat/vec4; draw_concat_vec4
    %store/vec4 v000001a12903a9b0_0, 0, 32;
    %jmp T_1.5;
T_1.2 ;
    %load/vec4 v000001a12908e0a0_0;
    %parti/s 1, 31, 6;
    %replicate 12;
    %load/vec4 v000001a12908e0a0_0;
    %parti/s 8, 12, 5;
    %concat/vec4; draw_concat_vec4
    %load/vec4 v000001a12908e0a0_0;
    %parti/s 1, 20, 6;
    %concat/vec4; draw_concat_vec4
    %load/vec4 v000001a12908e0a0_0;
    %parti/s 6, 25, 6;
    %concat/vec4; draw_concat_vec4
    %load/vec4 v000001a12908e0a0_0;
    %parti/s 4, 21, 6;
    %concat/vec4; draw_concat_vec4
    %concati/vec4 0, 0, 1;
    %store/vec4 v000001a12903a9b0_0, 0, 32;
    %jmp T_1.5;
T_1.3 ;
    %load/vec4 v000001a12908e0a0_0;
    %parti/s 1, 31, 6;
    %load/vec4 v000001a12908e0a0_0;
    %parti/s 11, 20, 6;
    %concat/vec4; draw_concat_vec4
    %load/vec4 v000001a12908e0a0_0;
    %parti/s 8, 12, 5;
    %concat/vec4; draw_concat_vec4
    %concati/vec4 0, 0, 12;
    %store/vec4 v000001a12903a9b0_0, 0, 32;
    %jmp T_1.5;
T_1.4 ;
    %load/vec4 v000001a12908e0a0_0;
    %parti/s 1, 31, 6;
    %replicate 20;
    %load/vec4 v000001a12908e0a0_0;
    %parti/s 1, 7, 4;
    %concat/vec4; draw_concat_vec4
    %load/vec4 v000001a12908e0a0_0;
    %parti/s 6, 25, 6;
    %concat/vec4; draw_concat_vec4
    %load/vec4 v000001a12908e0a0_0;
    %parti/s 4, 8, 5;
    %concat/vec4; draw_concat_vec4
    %concati/vec4 0, 0, 1;
    %store/vec4 v000001a12903a9b0_0, 0, 32;
    %jmp T_1.5;
T_1.5 ;
    %pop/vec4 1;
    %jmp T_1;
    .thread T_1, $push;
    .scope S_000001a129026100;
T_2 ;
    %wait E_000001a129011d60;
    %load/vec4 v000001a12908d4c0_0;
    %pad/u 32;
    %cmpi/e 1, 0, 32;
    %jmp/0xz  T_2.0, 4;
    %pushi/vec4 0, 0, 32;
    %ix/load 3, 0, 0;
    %flag_set/imm 4, 0;
    %ix/load 4, 0, 0; Constant delay
    %assign/vec4/a/d v000001a12908e000, 0, 4;
    %pushi/vec4 0, 0, 32;
    %ix/load 3, 1, 0;
    %flag_set/imm 4, 0;
    %ix/load 4, 0, 0; Constant delay
    %assign/vec4/a/d v000001a12908e000, 0, 4;
    %pushi/vec4 0, 0, 32;
    %ix/load 3, 2, 0;
    %flag_set/imm 4, 0;
    %ix/load 4, 0, 0; Constant delay
    %assign/vec4/a/d v000001a12908e000, 0, 4;
    %pushi/vec4 0, 0, 32;
    %ix/load 3, 3, 0;
    %flag_set/imm 4, 0;
    %ix/load 4, 0, 0; Constant delay
    %assign/vec4/a/d v000001a12908e000, 0, 4;
    %pushi/vec4 0, 0, 32;
    %ix/load 3, 4, 0;
    %flag_set/imm 4, 0;
    %ix/load 4, 0, 0; Constant delay
    %assign/vec4/a/d v000001a12908e000, 0, 4;
    %pushi/vec4 0, 0, 32;
    %ix/load 3, 5, 0;
    %flag_set/imm 4, 0;
    %ix/load 4, 0, 0; Constant delay
    %assign/vec4/a/d v000001a12908e000, 0, 4;
    %pushi/vec4 0, 0, 32;
    %ix/load 3, 6, 0;
    %flag_set/imm 4, 0;
    %ix/load 4, 0, 0; Constant delay
    %assign/vec4/a/d v000001a12908e000, 0, 4;
    %pushi/vec4 0, 0, 32;
    %ix/load 3, 7, 0;
    %flag_set/imm 4, 0;
    %ix/load 4, 0, 0; Constant delay
    %assign/vec4/a/d v000001a12908e000, 0, 4;
    %pushi/vec4 0, 0, 32;
    %ix/load 3, 8, 0;
    %flag_set/imm 4, 0;
    %ix/load 4, 0, 0; Constant delay
    %assign/vec4/a/d v000001a12908e000, 0, 4;
    %pushi/vec4 0, 0, 32;
    %ix/load 3, 9, 0;
    %flag_set/imm 4, 0;
    %ix/load 4, 0, 0; Constant delay
    %assign/vec4/a/d v000001a12908e000, 0, 4;
    %pushi/vec4 0, 0, 32;
    %ix/load 3, 10, 0;
    %flag_set/imm 4, 0;
    %ix/load 4, 0, 0; Constant delay
    %assign/vec4/a/d v000001a12908e000, 0, 4;
    %pushi/vec4 0, 0, 32;
    %ix/load 3, 11, 0;
    %flag_set/imm 4, 0;
    %ix/load 4, 0, 0; Constant delay
    %assign/vec4/a/d v000001a12908e000, 0, 4;
    %pushi/vec4 0, 0, 32;
    %ix/load 3, 12, 0;
    %flag_set/imm 4, 0;
    %ix/load 4, 0, 0; Constant delay
    %assign/vec4/a/d v000001a12908e000, 0, 4;
    %pushi/vec4 0, 0, 32;
    %ix/load 3, 13, 0;
    %flag_set/imm 4, 0;
    %ix/load 4, 0, 0; Constant delay
    %assign/vec4/a/d v000001a12908e000, 0, 4;
    %pushi/vec4 0, 0, 32;
    %ix/load 3, 14, 0;
    %flag_set/imm 4, 0;
    %ix/load 4, 0, 0; Constant delay
    %assign/vec4/a/d v000001a12908e000, 0, 4;
    %pushi/vec4 0, 0, 32;
    %ix/load 3, 15, 0;
    %flag_set/imm 4, 0;
    %ix/load 4, 0, 0; Constant delay
    %assign/vec4/a/d v000001a12908e000, 0, 4;
    %pushi/vec4 0, 0, 32;
    %ix/load 3, 16, 0;
    %flag_set/imm 4, 0;
    %ix/load 4, 0, 0; Constant delay
    %assign/vec4/a/d v000001a12908e000, 0, 4;
    %pushi/vec4 0, 0, 32;
    %ix/load 3, 17, 0;
    %flag_set/imm 4, 0;
    %ix/load 4, 0, 0; Constant delay
    %assign/vec4/a/d v000001a12908e000, 0, 4;
    %pushi/vec4 0, 0, 32;
    %ix/load 3, 18, 0;
    %flag_set/imm 4, 0;
    %ix/load 4, 0, 0; Constant delay
    %assign/vec4/a/d v000001a12908e000, 0, 4;
    %pushi/vec4 0, 0, 32;
    %ix/load 3, 19, 0;
    %flag_set/imm 4, 0;
    %ix/load 4, 0, 0; Constant delay
    %assign/vec4/a/d v000001a12908e000, 0, 4;
    %pushi/vec4 0, 0, 32;
    %ix/load 3, 20, 0;
    %flag_set/imm 4, 0;
    %ix/load 4, 0, 0; Constant delay
    %assign/vec4/a/d v000001a12908e000, 0, 4;
    %pushi/vec4 0, 0, 32;
    %ix/load 3, 21, 0;
    %flag_set/imm 4, 0;
    %ix/load 4, 0, 0; Constant delay
    %assign/vec4/a/d v000001a12908e000, 0, 4;
    %pushi/vec4 0, 0, 32;
    %ix/load 3, 22, 0;
    %flag_set/imm 4, 0;
    %ix/load 4, 0, 0; Constant delay
    %assign/vec4/a/d v000001a12908e000, 0, 4;
    %pushi/vec4 0, 0, 32;
    %ix/load 3, 23, 0;
    %flag_set/imm 4, 0;
    %ix/load 4, 0, 0; Constant delay
    %assign/vec4/a/d v000001a12908e000, 0, 4;
    %pushi/vec4 0, 0, 32;
    %ix/load 3, 24, 0;
    %flag_set/imm 4, 0;
    %ix/load 4, 0, 0; Constant delay
    %assign/vec4/a/d v000001a12908e000, 0, 4;
    %pushi/vec4 0, 0, 32;
    %ix/load 3, 25, 0;
    %flag_set/imm 4, 0;
    %ix/load 4, 0, 0; Constant delay
    %assign/vec4/a/d v000001a12908e000, 0, 4;
    %pushi/vec4 0, 0, 32;
    %ix/load 3, 26, 0;
    %flag_set/imm 4, 0;
    %ix/load 4, 0, 0; Constant delay
    %assign/vec4/a/d v000001a12908e000, 0, 4;
    %pushi/vec4 0, 0, 32;
    %ix/load 3, 27, 0;
    %flag_set/imm 4, 0;
    %ix/load 4, 0, 0; Constant delay
    %assign/vec4/a/d v000001a12908e000, 0, 4;
    %pushi/vec4 0, 0, 32;
    %ix/load 3, 28, 0;
    %flag_set/imm 4, 0;
    %ix/load 4, 0, 0; Constant delay
    %assign/vec4/a/d v000001a12908e000, 0, 4;
    %pushi/vec4 0, 0, 32;
    %ix/load 3, 29, 0;
    %flag_set/imm 4, 0;
    %ix/load 4, 0, 0; Constant delay
    %assign/vec4/a/d v000001a12908e000, 0, 4;
    %pushi/vec4 0, 0, 32;
    %ix/load 3, 30, 0;
    %flag_set/imm 4, 0;
    %ix/load 4, 0, 0; Constant delay
    %assign/vec4/a/d v000001a12908e000, 0, 4;
    %pushi/vec4 0, 0, 32;
    %ix/load 3, 31, 0;
    %flag_set/imm 4, 0;
    %ix/load 4, 0, 0; Constant delay
    %assign/vec4/a/d v000001a12908e000, 0, 4;
    %jmp T_2.1;
T_2.0 ;
    %load/vec4 v000001a12908e140_0;
    %pad/u 32;
    %cmpi/e 1, 0, 32;
    %jmp/0xz  T_2.2, 4;
    %load/vec4 v000001a12908ee60_0;
    %load/vec4 v000001a12908e1e0_0;
    %pad/u 7;
    %ix/vec4 3;
    %ix/load 4, 0, 0; Constant delay
    %assign/vec4/a/d v000001a12908e000, 0, 4;
T_2.2 ;
T_2.1 ;
    %jmp T_2;
    .thread T_2;
# The file index is used to find the file name in the following table.
:file_names 6;
    "N/A";
    "<interactive>";
    "instruction_decode.v";
    "./../../../Control Unit/control_unit.v";
    "./../../../extend Immediate/immidiate.v";
    "./../../../Register/register.v";
