#! /c/Source/iverilog-install/bin/vvp
:ivl_version "12.0 (devel)" "(s20150603-1539-g2693dd32b)";
:ivl_delay_selection "TYPICAL";
:vpi_time_precision + 0;
:vpi_module "F:\iverilog\lib\ivl\system.vpi";
:vpi_module "F:\iverilog\lib\ivl\vhdl_sys.vpi";
:vpi_module "F:\iverilog\lib\ivl\vhdl_textio.vpi";
:vpi_module "F:\iverilog\lib\ivl\v2005_math.vpi";
:vpi_module "F:\iverilog\lib\ivl\va_math.vpi";
S_00000123e3f02ce0 .scope module, "control_unit" "control_unit" 2 93;
 .timescale 0 0;
    .port_info 0 /INPUT 32 "instruction";
    .port_info 1 /INPUT 1 "Stall";
    .port_info 2 /OUTPUT 5 "AlU_opcode";
    .port_info 3 /OUTPUT 1 "mux1_select";
    .port_info 4 /OUTPUT 1 "mux2_select";
    .port_info 5 /OUTPUT 1 "mux3_select";
    .port_info 6 /OUTPUT 1 "regwrite_enable";
    .port_info 7 /OUTPUT 1 "mem_read";
    .port_info 8 /OUTPUT 1 "mem_write";
    .port_info 9 /OUTPUT 1 "branch";
    .port_info 10 /OUTPUT 1 "jump";
    .port_info 11 /OUTPUT 1 "jal_select";
    .port_info 12 /OUTPUT 3 "imm_select";
v00000123e3f036f0_0 .var "AlU_opcode", 4 0;
o00000123e3f43008 .functor BUFZ 1, C4<z>; HiZ drive
v00000123e3f02e70_0 .net "Stall", 0 0, o00000123e3f43008;  0 drivers
v00000123e3f02f10_0 .var "branch", 0 0;
v00000123e3f02fb0_0 .net "funct3", 2 0, L_00000123e3f8fb20;  1 drivers
v00000123e3f03050_0 .net "funct7", 6 0, L_00000123e3f903e0;  1 drivers
v00000123e3f030f0_0 .var "imm_select", 2 0;
o00000123e3f430f8 .functor BUFZ 32, C4<zzzzzzzzzzzzzzzzzzzzzzzzzzzzzzzz>; HiZ drive
v00000123e3f8f850_0 .net "instruction", 31 0, o00000123e3f430f8;  0 drivers
v00000123e3f8f8f0_0 .var "jal_select", 0 0;
v00000123e3f8f990_0 .var "jump", 0 0;
v00000123e3f8fa30_0 .var "mem_read", 0 0;
v00000123e3f8fe40_0 .var "mem_write", 0 0;
v00000123e3f90200_0 .var "mux1_select", 0 0;
v00000123e3f90980_0 .var "mux2_select", 0 0;
v00000123e3f905c0_0 .var "mux3_select", 0 0;
v00000123e3f8ff80_0 .net "opcode", 6 0, L_00000123e3f90a20;  1 drivers
v00000123e3f908e0_0 .var "regwrite_enable", 0 0;
E_00000123e3f2a240 .event anyedge, v00000123e3f02e70_0, v00000123e3f02fb0_0, v00000123e3f03050_0, v00000123e3f8ff80_0;
L_00000123e3f90a20 .part o00000123e3f430f8, 0, 7;
L_00000123e3f8fb20 .part o00000123e3f430f8, 12, 3;
L_00000123e3f903e0 .part o00000123e3f430f8, 25, 7;
    .scope S_00000123e3f02ce0;
T_0 ;
    %wait E_00000123e3f2a240;
    %load/vec4 v00000123e3f02e70_0;
    %flag_set/vec4 8;
    %jmp/0xz  T_0.0, 8;
    %pushi/vec4 0, 0, 5;
    %store/vec4 v00000123e3f036f0_0, 0, 5;
    %pushi/vec4 0, 0, 1;
    %store/vec4 v00000123e3f90200_0, 0, 1;
    %pushi/vec4 0, 0, 1;
    %store/vec4 v00000123e3f90980_0, 0, 1;
    %pushi/vec4 0, 0, 1;
    %store/vec4 v00000123e3f905c0_0, 0, 1;
    %pushi/vec4 0, 0, 1;
    %store/vec4 v00000123e3f908e0_0, 0, 1;
    %pushi/vec4 0, 0, 1;
    %store/vec4 v00000123e3f8fa30_0, 0, 1;
    %pushi/vec4 0, 0, 1;
    %store/vec4 v00000123e3f8fe40_0, 0, 1;
    %pushi/vec4 0, 0, 1;
    %store/vec4 v00000123e3f02f10_0, 0, 1;
    %pushi/vec4 0, 0, 1;
    %store/vec4 v00000123e3f8f990_0, 0, 1;
    %pushi/vec4 0, 0, 1;
    %store/vec4 v00000123e3f8f8f0_0, 0, 1;
    %pushi/vec4 0, 0, 3;
    %store/vec4 v00000123e3f030f0_0, 0, 3;
    %jmp T_0.1;
T_0.0 ;
    %load/vec4 v00000123e3f8ff80_0;
    %dup/vec4;
    %pushi/vec4 51, 0, 7;
    %cmp/u;
    %jmp/1 T_0.2, 6;
    %dup/vec4;
    %pushi/vec4 3, 0, 7;
    %cmp/u;
    %jmp/1 T_0.3, 6;
    %dup/vec4;
    %pushi/vec4 35, 0, 7;
    %cmp/u;
    %jmp/1 T_0.4, 6;
    %pushi/vec4 0, 0, 5;
    %store/vec4 v00000123e3f036f0_0, 0, 5;
    %pushi/vec4 0, 0, 1;
    %store/vec4 v00000123e3f90200_0, 0, 1;
    %pushi/vec4 0, 0, 1;
    %store/vec4 v00000123e3f90980_0, 0, 1;
    %pushi/vec4 0, 0, 1;
    %store/vec4 v00000123e3f905c0_0, 0, 1;
    %pushi/vec4 0, 0, 1;
    %store/vec4 v00000123e3f908e0_0, 0, 1;
    %pushi/vec4 0, 0, 1;
    %store/vec4 v00000123e3f8fa30_0, 0, 1;
    %pushi/vec4 0, 0, 1;
    %store/vec4 v00000123e3f8fe40_0, 0, 1;
    %pushi/vec4 0, 0, 1;
    %store/vec4 v00000123e3f02f10_0, 0, 1;
    %pushi/vec4 0, 0, 1;
    %store/vec4 v00000123e3f8f990_0, 0, 1;
    %pushi/vec4 0, 0, 1;
    %store/vec4 v00000123e3f8f8f0_0, 0, 1;
    %pushi/vec4 0, 0, 3;
    %store/vec4 v00000123e3f030f0_0, 0, 3;
    %jmp T_0.6;
T_0.2 ;
    %pushi/vec4 1, 0, 1;
    %store/vec4 v00000123e3f90200_0, 0, 1;
    %pushi/vec4 0, 0, 1;
    %store/vec4 v00000123e3f90980_0, 0, 1;
    %pushi/vec4 0, 0, 1;
    %store/vec4 v00000123e3f905c0_0, 0, 1;
    %pushi/vec4 1, 0, 1;
    %store/vec4 v00000123e3f908e0_0, 0, 1;
    %pushi/vec4 0, 0, 1;
    %store/vec4 v00000123e3f8fa30_0, 0, 1;
    %pushi/vec4 0, 0, 1;
    %store/vec4 v00000123e3f8fe40_0, 0, 1;
    %pushi/vec4 0, 0, 1;
    %store/vec4 v00000123e3f02f10_0, 0, 1;
    %pushi/vec4 0, 0, 1;
    %store/vec4 v00000123e3f8f990_0, 0, 1;
    %pushi/vec4 0, 0, 1;
    %store/vec4 v00000123e3f8f8f0_0, 0, 1;
    %pushi/vec4 0, 0, 3;
    %store/vec4 v00000123e3f030f0_0, 0, 3;
    %load/vec4 v00000123e3f03050_0;
    %load/vec4 v00000123e3f02fb0_0;
    %concat/vec4; draw_concat_vec4
    %dup/vec4;
    %pushi/vec4 0, 0, 10;
    %cmp/u;
    %jmp/1 T_0.7, 6;
    %dup/vec4;
    %pushi/vec4 256, 0, 10;
    %cmp/u;
    %jmp/1 T_0.8, 6;
    %dup/vec4;
    %pushi/vec4 1, 0, 10;
    %cmp/u;
    %jmp/1 T_0.9, 6;
    %dup/vec4;
    %pushi/vec4 2, 0, 10;
    %cmp/u;
    %jmp/1 T_0.10, 6;
    %dup/vec4;
    %pushi/vec4 3, 0, 10;
    %cmp/u;
    %jmp/1 T_0.11, 6;
    %dup/vec4;
    %pushi/vec4 4, 0, 10;
    %cmp/u;
    %jmp/1 T_0.12, 6;
    %dup/vec4;
    %pushi/vec4 5, 0, 10;
    %cmp/u;
    %jmp/1 T_0.13, 6;
    %dup/vec4;
    %pushi/vec4 261, 0, 10;
    %cmp/u;
    %jmp/1 T_0.14, 6;
    %dup/vec4;
    %pushi/vec4 6, 0, 10;
    %cmp/u;
    %jmp/1 T_0.15, 6;
    %dup/vec4;
    %pushi/vec4 7, 0, 10;
    %cmp/u;
    %jmp/1 T_0.16, 6;
    %dup/vec4;
    %pushi/vec4 8, 0, 10;
    %cmp/u;
    %jmp/1 T_0.17, 6;
    %dup/vec4;
    %pushi/vec4 9, 0, 10;
    %cmp/u;
    %jmp/1 T_0.18, 6;
    %dup/vec4;
    %pushi/vec4 10, 0, 10;
    %cmp/u;
    %jmp/1 T_0.19, 6;
    %dup/vec4;
    %pushi/vec4 11, 0, 10;
    %cmp/u;
    %jmp/1 T_0.20, 6;
    %dup/vec4;
    %pushi/vec4 12, 0, 10;
    %cmp/u;
    %jmp/1 T_0.21, 6;
    %dup/vec4;
    %pushi/vec4 13, 0, 10;
    %cmp/u;
    %jmp/1 T_0.22, 6;
    %dup/vec4;
    %pushi/vec4 14, 0, 10;
    %cmp/u;
    %jmp/1 T_0.23, 6;
    %dup/vec4;
    %pushi/vec4 15, 0, 10;
    %cmp/u;
    %jmp/1 T_0.24, 6;
    %pushi/vec4 0, 0, 5;
    %store/vec4 v00000123e3f036f0_0, 0, 5;
    %jmp T_0.26;
T_0.7 ;
    %pushi/vec4 0, 0, 5;
    %store/vec4 v00000123e3f036f0_0, 0, 5;
    %jmp T_0.26;
T_0.8 ;
    %pushi/vec4 16, 0, 5;
    %store/vec4 v00000123e3f036f0_0, 0, 5;
    %jmp T_0.26;
T_0.9 ;
    %pushi/vec4 13, 0, 5;
    %store/vec4 v00000123e3f036f0_0, 0, 5;
    %jmp T_0.26;
T_0.10 ;
    %pushi/vec4 15, 0, 5;
    %store/vec4 v00000123e3f036f0_0, 0, 5;
    %jmp T_0.26;
T_0.11 ;
    %pushi/vec4 17, 0, 5;
    %store/vec4 v00000123e3f036f0_0, 0, 5;
    %jmp T_0.26;
T_0.12 ;
    %pushi/vec4 1, 0, 5;
    %store/vec4 v00000123e3f036f0_0, 0, 5;
    %jmp T_0.26;
T_0.13 ;
    %pushi/vec4 18, 0, 5;
    %store/vec4 v00000123e3f036f0_0, 0, 5;
    %jmp T_0.26;
T_0.14 ;
    %pushi/vec4 14, 0, 5;
    %store/vec4 v00000123e3f036f0_0, 0, 5;
    %jmp T_0.26;
T_0.15 ;
    %pushi/vec4 3, 0, 5;
    %store/vec4 v00000123e3f036f0_0, 0, 5;
    %jmp T_0.26;
T_0.16 ;
    %pushi/vec4 2, 0, 5;
    %store/vec4 v00000123e3f036f0_0, 0, 5;
    %jmp T_0.26;
T_0.17 ;
    %pushi/vec4 4, 0, 5;
    %store/vec4 v00000123e3f036f0_0, 0, 5;
    %jmp T_0.26;
T_0.18 ;
    %pushi/vec4 5, 0, 5;
    %store/vec4 v00000123e3f036f0_0, 0, 5;
    %jmp T_0.26;
T_0.19 ;
    %pushi/vec4 11, 0, 5;
    %store/vec4 v00000123e3f036f0_0, 0, 5;
    %jmp T_0.26;
T_0.20 ;
    %pushi/vec4 6, 0, 5;
    %store/vec4 v00000123e3f036f0_0, 0, 5;
    %jmp T_0.26;
T_0.21 ;
    %pushi/vec4 8, 0, 5;
    %store/vec4 v00000123e3f036f0_0, 0, 5;
    %jmp T_0.26;
T_0.22 ;
    %pushi/vec4 9, 0, 5;
    %store/vec4 v00000123e3f036f0_0, 0, 5;
    %jmp T_0.26;
T_0.23 ;
    %pushi/vec4 10, 0, 5;
    %store/vec4 v00000123e3f036f0_0, 0, 5;
    %jmp T_0.26;
T_0.24 ;
    %pushi/vec4 11, 0, 5;
    %store/vec4 v00000123e3f036f0_0, 0, 5;
    %jmp T_0.26;
T_0.26 ;
    %pop/vec4 1;
    %jmp T_0.6;
T_0.3 ;
    %delay 1, 0;
    %pushi/vec4 0, 0, 5;
    %store/vec4 v00000123e3f036f0_0, 0, 5;
    %pushi/vec4 0, 0, 3;
    %store/vec4 v00000123e3f030f0_0, 0, 3;
    %pushi/vec4 0, 0, 1;
    %store/vec4 v00000123e3f90200_0, 0, 1;
    %pushi/vec4 1, 0, 1;
    %store/vec4 v00000123e3f90980_0, 0, 1;
    %pushi/vec4 0, 0, 1;
    %store/vec4 v00000123e3f8f8f0_0, 0, 1;
    %pushi/vec4 1, 0, 1;
    %store/vec4 v00000123e3f905c0_0, 0, 1;
    %pushi/vec4 1, 0, 1;
    %store/vec4 v00000123e3f908e0_0, 0, 1;
    %pushi/vec4 1, 0, 1;
    %store/vec4 v00000123e3f8fa30_0, 0, 1;
    %pushi/vec4 0, 0, 1;
    %store/vec4 v00000123e3f8fe40_0, 0, 1;
    %pushi/vec4 0, 0, 1;
    %store/vec4 v00000123e3f02f10_0, 0, 1;
    %pushi/vec4 0, 0, 1;
    %store/vec4 v00000123e3f8f990_0, 0, 1;
    %jmp T_0.6;
T_0.4 ;
    %delay 1, 0;
    %pushi/vec4 0, 0, 5;
    %store/vec4 v00000123e3f036f0_0, 0, 5;
    %pushi/vec4 1, 0, 3;
    %store/vec4 v00000123e3f030f0_0, 0, 3;
    %pushi/vec4 0, 0, 1;
    %store/vec4 v00000123e3f90200_0, 0, 1;
    %pushi/vec4 1, 0, 1;
    %store/vec4 v00000123e3f90980_0, 0, 1;
    %pushi/vec4 0, 0, 1;
    %store/vec4 v00000123e3f8f8f0_0, 0, 1;
    %pushi/vec4 1, 1, 1;
    %store/vec4 v00000123e3f905c0_0, 0, 1;
    %pushi/vec4 0, 0, 1;
    %store/vec4 v00000123e3f908e0_0, 0, 1;
    %pushi/vec4 0, 0, 1;
    %store/vec4 v00000123e3f8fa30_0, 0, 1;
    %pushi/vec4 1, 0, 1;
    %store/vec4 v00000123e3f8fe40_0, 0, 1;
    %pushi/vec4 0, 0, 1;
    %store/vec4 v00000123e3f02f10_0, 0, 1;
    %pushi/vec4 0, 0, 1;
    %store/vec4 v00000123e3f8f990_0, 0, 1;
    %jmp T_0.6;
T_0.6 ;
    %pop/vec4 1;
T_0.1 ;
    %jmp T_0;
    .thread T_0, $push;
# The file index is used to find the file name in the following table.
:file_names 3;
    "N/A";
    "<interactive>";
    "control_unit.v";
